[0.760s] DEBUG:colcon:Command line arguments: ['/usr/bin/colcon', 'build']
[0.760s] DEBUG:colcon:Parsed command line arguments: Namespace(log_base=None, log_level=None, verb_name='build', build_base='build', install_base='install', merge_install=False, symlink_install=False, test_result_base=None, continue_on_error=False, executor='parallel', parallel_workers=20, event_handlers=None, ignore_user_meta=False, metas=['./colcon.meta'], base_paths=['.'], packages_ignore=None, packages_ignore_regex=None, paths=None, packages_up_to=None, packages_up_to_regex=None, packages_above=None, packages_above_and_dependencies=None, packages_above_depth=None, packages_select_by_dep=None, packages_skip_by_dep=None, packages_skip_up_to=None, packages_select_build_failed=False, packages_skip_build_finished=False, packages_select_test_failures=False, packages_skip_test_passed=False, packages_select=None, packages_skip=None, packages_select_regex=None, packages_skip_regex=None, packages_start=None, packages_end=None, allow_overriding=[], cmake_args=None, cmake_target=None, cmake_target_skip_unavailable=False, cmake_clean_cache=False, cmake_clean_first=False, cmake_force_configure=False, ament_cmake_args=None, catkin_cmake_args=None, catkin_skip_building_tests=False, mixin_files=None, mixin=None, verb_parser=<colcon_mixin.mixin.mixin_argument.MixinArgumentDecorator object at 0x7f4419448040>, verb_extension=<colcon_core.verb.build.BuildVerb object at 0x7f4419448640>, main=<bound method BuildVerb.main of <colcon_core.verb.build.BuildVerb object at 0x7f4419448640>>, mixin_verb=('build',))
[0.793s] Level 1:colcon.colcon_core.package_discovery:discover_packages(colcon_meta) check parameters
[0.793s] Level 1:colcon.colcon_core.package_discovery:discover_packages(recursive) check parameters
[0.793s] Level 1:colcon.colcon_core.package_discovery:discover_packages(ignore) check parameters
[0.793s] Level 1:colcon.colcon_core.package_discovery:discover_packages(path) check parameters
[0.793s] Level 1:colcon.colcon_core.package_discovery:discover_packages(colcon_meta) discover
[0.793s] Level 1:colcon.colcon_core.package_discovery:discover_packages(recursive) discover
[0.793s] INFO:colcon.colcon_core.package_discovery:Crawling recursively for packages in '/home/autolab/ros2_ws'
[0.793s] Level 1:colcon.colcon_core.package_identification:_identify(.) by extensions ['ignore', 'ignore_ament_install']
[0.793s] Level 1:colcon.colcon_core.package_identification:_identify(.) by extension 'ignore'
[0.793s] Level 1:colcon.colcon_core.package_identification:_identify(.) by extension 'ignore_ament_install'
[0.793s] Level 1:colcon.colcon_core.package_identification:_identify(.) by extensions ['colcon_pkg']
[0.793s] Level 1:colcon.colcon_core.package_identification:_identify(.) by extension 'colcon_pkg'
[0.793s] Level 1:colcon.colcon_core.package_identification:_identify(.) by extensions ['colcon_meta']
[0.793s] Level 1:colcon.colcon_core.package_identification:_identify(.) by extension 'colcon_meta'
[0.793s] Level 1:colcon.colcon_core.package_identification:_identify(.) by extensions ['ros']
[0.793s] Level 1:colcon.colcon_core.package_identification:_identify(.) by extension 'ros'
[0.800s] Level 1:colcon.colcon_core.package_identification:_identify(.) by extensions ['cmake', 'python']
[0.800s] Level 1:colcon.colcon_core.package_identification:_identify(.) by extension 'cmake'
[0.800s] Level 1:colcon.colcon_core.package_identification:_identify(.) by extension 'python'
[0.800s] Level 1:colcon.colcon_core.package_identification:_identify(.) by extensions ['python_setup_py']
[0.800s] Level 1:colcon.colcon_core.package_identification:_identify(.) by extension 'python_setup_py'
[0.800s] Level 1:colcon.colcon_core.package_identification:_identify(build) by extensions ['ignore', 'ignore_ament_install']
[0.800s] Level 1:colcon.colcon_core.package_identification:_identify(build) by extension 'ignore'
[0.800s] Level 1:colcon.colcon_core.package_identification:_identify(build) ignored
[0.800s] Level 1:colcon.colcon_core.package_identification:_identify(install) by extensions ['ignore', 'ignore_ament_install']
[0.800s] Level 1:colcon.colcon_core.package_identification:_identify(install) by extension 'ignore'
[0.800s] Level 1:colcon.colcon_core.package_identification:_identify(install) ignored
[0.800s] Level 1:colcon.colcon_core.package_identification:_identify(log) by extensions ['ignore', 'ignore_ament_install']
[0.800s] Level 1:colcon.colcon_core.package_identification:_identify(log) by extension 'ignore'
[0.800s] Level 1:colcon.colcon_core.package_identification:_identify(log) ignored
[0.800s] Level 1:colcon.colcon_core.package_identification:_identify(src) by extensions ['ignore', 'ignore_ament_install']
[0.801s] Level 1:colcon.colcon_core.package_identification:_identify(src) by extension 'ignore'
[0.801s] Level 1:colcon.colcon_core.package_identification:_identify(src) by extension 'ignore_ament_install'
[0.801s] Level 1:colcon.colcon_core.package_identification:_identify(src) by extensions ['colcon_pkg']
[0.801s] Level 1:colcon.colcon_core.package_identification:_identify(src) by extension 'colcon_pkg'
[0.801s] Level 1:colcon.colcon_core.package_identification:_identify(src) by extensions ['colcon_meta']
[0.801s] Level 1:colcon.colcon_core.package_identification:_identify(src) by extension 'colcon_meta'
[0.801s] Level 1:colcon.colcon_core.package_identification:_identify(src) by extensions ['ros']
[0.801s] Level 1:colcon.colcon_core.package_identification:_identify(src) by extension 'ros'
[0.801s] Level 1:colcon.colcon_core.package_identification:_identify(src) by extensions ['cmake', 'python']
[0.801s] Level 1:colcon.colcon_core.package_identification:_identify(src) by extension 'cmake'
[0.801s] Level 1:colcon.colcon_core.package_identification:_identify(src) by extension 'python'
[0.801s] Level 1:colcon.colcon_core.package_identification:_identify(src) by extensions ['python_setup_py']
[0.801s] Level 1:colcon.colcon_core.package_identification:_identify(src) by extension 'python_setup_py'
[0.801s] Level 1:colcon.colcon_core.package_identification:_identify(src/my_robot_controller) by extensions ['ignore', 'ignore_ament_install']
[0.801s] Level 1:colcon.colcon_core.package_identification:_identify(src/my_robot_controller) by extension 'ignore'
[0.801s] Level 1:colcon.colcon_core.package_identification:_identify(src/my_robot_controller) by extension 'ignore_ament_install'
[0.801s] Level 1:colcon.colcon_core.package_identification:_identify(src/my_robot_controller) by extensions ['colcon_pkg']
[0.801s] Level 1:colcon.colcon_core.package_identification:_identify(src/my_robot_controller) by extension 'colcon_pkg'
[0.801s] Level 1:colcon.colcon_core.package_identification:_identify(src/my_robot_controller) by extensions ['colcon_meta']
[0.801s] Level 1:colcon.colcon_core.package_identification:_identify(src/my_robot_controller) by extension 'colcon_meta'
[0.801s] Level 1:colcon.colcon_core.package_identification:_identify(src/my_robot_controller) by extensions ['ros']
[0.801s] Level 1:colcon.colcon_core.package_identification:_identify(src/my_robot_controller) by extension 'ros'
[0.803s] DEBUG:colcon.colcon_core.package_identification:Package 'src/my_robot_controller' with type 'ros.ament_python' and name 'my_robot_controller'
[0.803s] Level 1:colcon.colcon_core.package_identification:_identify(src/turtlebot3_simulations) by extensions ['ignore', 'ignore_ament_install']
[0.803s] Level 1:colcon.colcon_core.package_identification:_identify(src/turtlebot3_simulations) by extension 'ignore'
[0.803s] Level 1:colcon.colcon_core.package_identification:_identify(src/turtlebot3_simulations) by extension 'ignore_ament_install'
[0.803s] Level 1:colcon.colcon_core.package_identification:_identify(src/turtlebot3_simulations) by extensions ['colcon_pkg']
[0.803s] Level 1:colcon.colcon_core.package_identification:_identify(src/turtlebot3_simulations) by extension 'colcon_pkg'
[0.803s] Level 1:colcon.colcon_core.package_identification:_identify(src/turtlebot3_simulations) by extensions ['colcon_meta']
[0.803s] Level 1:colcon.colcon_core.package_identification:_identify(src/turtlebot3_simulations) by extension 'colcon_meta'
[0.803s] Level 1:colcon.colcon_core.package_identification:_identify(src/turtlebot3_simulations) by extensions ['ros']
[0.803s] Level 1:colcon.colcon_core.package_identification:_identify(src/turtlebot3_simulations) by extension 'ros'
[0.803s] Level 1:colcon.colcon_core.package_identification:_identify(src/turtlebot3_simulations) by extensions ['cmake', 'python']
[0.803s] Level 1:colcon.colcon_core.package_identification:_identify(src/turtlebot3_simulations) by extension 'cmake'
[0.803s] Level 1:colcon.colcon_core.package_identification:_identify(src/turtlebot3_simulations) by extension 'python'
[0.803s] Level 1:colcon.colcon_core.package_identification:_identify(src/turtlebot3_simulations) by extensions ['python_setup_py']
[0.803s] Level 1:colcon.colcon_core.package_identification:_identify(src/turtlebot3_simulations) by extension 'python_setup_py'
[0.803s] Level 1:colcon.colcon_core.package_identification:_identify(src/turtlebot3_simulations/turtlebot3_fake_node) by extensions ['ignore', 'ignore_ament_install']
[0.803s] Level 1:colcon.colcon_core.package_identification:_identify(src/turtlebot3_simulations/turtlebot3_fake_node) by extension 'ignore'
[0.803s] Level 1:colcon.colcon_core.package_identification:_identify(src/turtlebot3_simulations/turtlebot3_fake_node) by extension 'ignore_ament_install'
[0.803s] Level 1:colcon.colcon_core.package_identification:_identify(src/turtlebot3_simulations/turtlebot3_fake_node) by extensions ['colcon_pkg']
[0.803s] Level 1:colcon.colcon_core.package_identification:_identify(src/turtlebot3_simulations/turtlebot3_fake_node) by extension 'colcon_pkg'
[0.803s] Level 1:colcon.colcon_core.package_identification:_identify(src/turtlebot3_simulations/turtlebot3_fake_node) by extensions ['colcon_meta']
[0.803s] Level 1:colcon.colcon_core.package_identification:_identify(src/turtlebot3_simulations/turtlebot3_fake_node) by extension 'colcon_meta'
[0.803s] Level 1:colcon.colcon_core.package_identification:_identify(src/turtlebot3_simulations/turtlebot3_fake_node) by extensions ['ros']
[0.803s] Level 1:colcon.colcon_core.package_identification:_identify(src/turtlebot3_simulations/turtlebot3_fake_node) by extension 'ros'
[0.804s] DEBUG:colcon.colcon_core.package_identification:Package 'src/turtlebot3_simulations/turtlebot3_fake_node' with type 'ros.ament_cmake' and name 'turtlebot3_fake_node'
[0.804s] Level 1:colcon.colcon_core.package_identification:_identify(src/turtlebot3_simulations/turtlebot3_gazebo) by extensions ['ignore', 'ignore_ament_install']
[0.804s] Level 1:colcon.colcon_core.package_identification:_identify(src/turtlebot3_simulations/turtlebot3_gazebo) by extension 'ignore'
[0.804s] Level 1:colcon.colcon_core.package_identification:_identify(src/turtlebot3_simulations/turtlebot3_gazebo) by extension 'ignore_ament_install'
[0.804s] Level 1:colcon.colcon_core.package_identification:_identify(src/turtlebot3_simulations/turtlebot3_gazebo) by extensions ['colcon_pkg']
[0.804s] Level 1:colcon.colcon_core.package_identification:_identify(src/turtlebot3_simulations/turtlebot3_gazebo) by extension 'colcon_pkg'
[0.804s] Level 1:colcon.colcon_core.package_identification:_identify(src/turtlebot3_simulations/turtlebot3_gazebo) by extensions ['colcon_meta']
[0.804s] Level 1:colcon.colcon_core.package_identification:_identify(src/turtlebot3_simulations/turtlebot3_gazebo) by extension 'colcon_meta'
[0.804s] Level 1:colcon.colcon_core.package_identification:_identify(src/turtlebot3_simulations/turtlebot3_gazebo) by extensions ['ros']
[0.804s] Level 1:colcon.colcon_core.package_identification:_identify(src/turtlebot3_simulations/turtlebot3_gazebo) by extension 'ros'
[0.805s] DEBUG:colcon.colcon_core.package_identification:Package 'src/turtlebot3_simulations/turtlebot3_gazebo' with type 'ros.ament_cmake' and name 'turtlebot3_gazebo'
[0.805s] Level 1:colcon.colcon_core.package_discovery:discover_packages(recursive) using defaults
[0.805s] Level 1:colcon.colcon_core.package_discovery:discover_packages(ignore) discover
[0.805s] Level 1:colcon.colcon_core.package_discovery:discover_packages(ignore) using defaults
[0.805s] Level 1:colcon.colcon_core.package_discovery:discover_packages(path) discover
[0.805s] Level 1:colcon.colcon_core.package_discovery:discover_packages(path) using defaults
[0.860s] Level 1:colcon.colcon_core.package_discovery:discover_packages(prefix_path) check parameters
[0.860s] Level 1:colcon.colcon_core.package_discovery:discover_packages(prefix_path) discover
[0.877s] DEBUG:colcon.colcon_installed_package_information.package_discovery:Found 3 installed packages in /home/autolab/ros2_ws/install
[0.886s] DEBUG:colcon.colcon_installed_package_information.package_discovery:Found 0 installed packages in /home/autolab/ros2_ws/src/my_robot_controller/my_robot_controller/install
[0.895s] DEBUG:colcon.colcon_installed_package_information.package_discovery:Found 441 installed packages in /opt/ros/humble
[0.896s] Level 1:colcon.colcon_core.package_discovery:discover_packages(prefix_path) using defaults
[0.958s] Level 5:colcon.colcon_core.verb:set package 'my_robot_controller' build argument 'cmake_args' from command line to 'None'
[0.958s] Level 5:colcon.colcon_core.verb:set package 'my_robot_controller' build argument 'cmake_target' from command line to 'None'
[0.959s] Level 5:colcon.colcon_core.verb:set package 'my_robot_controller' build argument 'cmake_target_skip_unavailable' from command line to 'False'
[0.959s] Level 5:colcon.colcon_core.verb:set package 'my_robot_controller' build argument 'cmake_clean_cache' from command line to 'False'
[0.959s] Level 5:colcon.colcon_core.verb:set package 'my_robot_controller' build argument 'cmake_clean_first' from command line to 'False'
[0.959s] Level 5:colcon.colcon_core.verb:set package 'my_robot_controller' build argument 'cmake_force_configure' from command line to 'False'
[0.959s] Level 5:colcon.colcon_core.verb:set package 'my_robot_controller' build argument 'ament_cmake_args' from command line to 'None'
[0.959s] Level 5:colcon.colcon_core.verb:set package 'my_robot_controller' build argument 'catkin_cmake_args' from command line to 'None'
[0.959s] Level 5:colcon.colcon_core.verb:set package 'my_robot_controller' build argument 'catkin_skip_building_tests' from command line to 'False'
[0.959s] DEBUG:colcon.colcon_core.verb:Building package 'my_robot_controller' with the following arguments: {'ament_cmake_args': None, 'build_base': '/home/autolab/ros2_ws/build/my_robot_controller', 'catkin_cmake_args': None, 'catkin_skip_building_tests': False, 'cmake_args': None, 'cmake_clean_cache': False, 'cmake_clean_first': False, 'cmake_force_configure': False, 'cmake_target': None, 'cmake_target_skip_unavailable': False, 'install_base': '/home/autolab/ros2_ws/install/my_robot_controller', 'merge_install': False, 'path': '/home/autolab/ros2_ws/src/my_robot_controller', 'symlink_install': False, 'test_result_base': None}
[0.967s] Level 5:colcon.colcon_core.verb:set package 'turtlebot3_fake_node' build argument 'cmake_args' from command line to 'None'
[0.967s] Level 5:colcon.colcon_core.verb:set package 'turtlebot3_fake_node' build argument 'cmake_target' from command line to 'None'
[0.967s] Level 5:colcon.colcon_core.verb:set package 'turtlebot3_fake_node' build argument 'cmake_target_skip_unavailable' from command line to 'False'
[0.967s] Level 5:colcon.colcon_core.verb:set package 'turtlebot3_fake_node' build argument 'cmake_clean_cache' from command line to 'False'
[0.967s] Level 5:colcon.colcon_core.verb:set package 'turtlebot3_fake_node' build argument 'cmake_clean_first' from command line to 'False'
[0.967s] Level 5:colcon.colcon_core.verb:set package 'turtlebot3_fake_node' build argument 'cmake_force_configure' from command line to 'False'
[0.967s] Level 5:colcon.colcon_core.verb:set package 'turtlebot3_fake_node' build argument 'ament_cmake_args' from command line to 'None'
[0.967s] Level 5:colcon.colcon_core.verb:set package 'turtlebot3_fake_node' build argument 'catkin_cmake_args' from command line to 'None'
[0.967s] Level 5:colcon.colcon_core.verb:set package 'turtlebot3_fake_node' build argument 'catkin_skip_building_tests' from command line to 'False'
[0.967s] DEBUG:colcon.colcon_core.verb:Building package 'turtlebot3_fake_node' with the following arguments: {'ament_cmake_args': None, 'build_base': '/home/autolab/ros2_ws/build/turtlebot3_fake_node', 'catkin_cmake_args': None, 'catkin_skip_building_tests': False, 'cmake_args': None, 'cmake_clean_cache': False, 'cmake_clean_first': False, 'cmake_force_configure': False, 'cmake_target': None, 'cmake_target_skip_unavailable': False, 'install_base': '/home/autolab/ros2_ws/install/turtlebot3_fake_node', 'merge_install': False, 'path': '/home/autolab/ros2_ws/src/turtlebot3_simulations/turtlebot3_fake_node', 'symlink_install': False, 'test_result_base': None}
[0.976s] Level 5:colcon.colcon_core.verb:set package 'turtlebot3_gazebo' build argument 'cmake_args' from command line to 'None'
[0.976s] Level 5:colcon.colcon_core.verb:set package 'turtlebot3_gazebo' build argument 'cmake_target' from command line to 'None'
[0.976s] Level 5:colcon.colcon_core.verb:set package 'turtlebot3_gazebo' build argument 'cmake_target_skip_unavailable' from command line to 'False'
[0.976s] Level 5:colcon.colcon_core.verb:set package 'turtlebot3_gazebo' build argument 'cmake_clean_cache' from command line to 'False'
[0.976s] Level 5:colcon.colcon_core.verb:set package 'turtlebot3_gazebo' build argument 'cmake_clean_first' from command line to 'False'
[0.976s] Level 5:colcon.colcon_core.verb:set package 'turtlebot3_gazebo' build argument 'cmake_force_configure' from command line to 'False'
[0.976s] Level 5:colcon.colcon_core.verb:set package 'turtlebot3_gazebo' build argument 'ament_cmake_args' from command line to 'None'
[0.976s] Level 5:colcon.colcon_core.verb:set package 'turtlebot3_gazebo' build argument 'catkin_cmake_args' from command line to 'None'
[0.976s] Level 5:colcon.colcon_core.verb:set package 'turtlebot3_gazebo' build argument 'catkin_skip_building_tests' from command line to 'False'
[0.976s] DEBUG:colcon.colcon_core.verb:Building package 'turtlebot3_gazebo' with the following arguments: {'ament_cmake_args': None, 'build_base': '/home/autolab/ros2_ws/build/turtlebot3_gazebo', 'catkin_cmake_args': None, 'catkin_skip_building_tests': False, 'cmake_args': None, 'cmake_clean_cache': False, 'cmake_clean_first': False, 'cmake_force_configure': False, 'cmake_target': None, 'cmake_target_skip_unavailable': False, 'install_base': '/home/autolab/ros2_ws/install/turtlebot3_gazebo', 'merge_install': False, 'path': '/home/autolab/ros2_ws/src/turtlebot3_simulations/turtlebot3_gazebo', 'symlink_install': False, 'test_result_base': None}
[0.985s] INFO:colcon.colcon_core.executor:Executing jobs using 'parallel' executor
[0.994s] DEBUG:colcon.colcon_parallel_executor.executor.parallel:run_until_complete
[0.994s] INFO:colcon.colcon_ros.task.ament_python.build:Building ROS package in '/home/autolab/ros2_ws/src/my_robot_controller' with build type 'ament_python'
[0.994s] Level 1:colcon.colcon_core.shell:create_environment_hook('my_robot_controller', 'ament_prefix_path')
[1.003s] INFO:colcon.colcon_core.plugin_system:Skipping extension 'colcon_core.shell.bat': Not used on non-Windows systems
[1.004s] INFO:colcon.colcon_core.shell:Creating environment hook '/home/autolab/ros2_ws/install/my_robot_controller/share/my_robot_controller/hook/ament_prefix_path.ps1'
[1.004s] INFO:colcon.colcon_core.shell:Creating environment descriptor '/home/autolab/ros2_ws/install/my_robot_controller/share/my_robot_controller/hook/ament_prefix_path.dsv'
[1.004s] INFO:colcon.colcon_core.shell:Creating environment hook '/home/autolab/ros2_ws/install/my_robot_controller/share/my_robot_controller/hook/ament_prefix_path.sh'
[1.013s] INFO:colcon.colcon_core.shell:Skip shell extension 'powershell' for command environment: Not usable outside of PowerShell
[1.013s] DEBUG:colcon.colcon_core.shell:Skip shell extension 'dsv' for command environment
[1.050s] INFO:colcon.colcon_ros.task.ament_cmake.build:Building ROS package in '/home/autolab/ros2_ws/src/turtlebot3_simulations/turtlebot3_fake_node' with build type 'ament_cmake'
[1.050s] INFO:colcon.colcon_cmake.task.cmake.build:Building CMake package in '/home/autolab/ros2_ws/src/turtlebot3_simulations/turtlebot3_fake_node'
[1.059s] INFO:colcon.colcon_core.shell:Skip shell extension 'powershell' for command environment: Not usable outside of PowerShell
[1.059s] DEBUG:colcon.colcon_core.shell:Skip shell extension 'dsv' for command environment
[1.095s] INFO:colcon.colcon_ros.task.ament_cmake.build:Building ROS package in '/home/autolab/ros2_ws/src/turtlebot3_simulations/turtlebot3_gazebo' with build type 'ament_cmake'
[1.095s] INFO:colcon.colcon_cmake.task.cmake.build:Building CMake package in '/home/autolab/ros2_ws/src/turtlebot3_simulations/turtlebot3_gazebo'
[1.104s] INFO:colcon.colcon_core.shell:Skip shell extension 'powershell' for command environment: Not usable outside of PowerShell
[1.104s] DEBUG:colcon.colcon_core.shell:Skip shell extension 'dsv' for command environment
[1.314s] INFO:colcon.colcon_core.task.python.build:Building Python package in '/home/autolab/ros2_ws/src/my_robot_controller'
[1.324s] INFO:colcon.colcon_core.shell:Skip shell extension 'powershell' for command environment: Not usable outside of PowerShell
[1.324s] DEBUG:colcon.colcon_core.shell:Skip shell extension 'dsv' for command environment
[1.371s] DEBUG:colcon.colcon_core.event_handler.log_command:Invoking command in '/home/autolab/ros2_ws/build/turtlebot3_fake_node': CMAKE_PREFIX_PATH=${CMAKE_PREFIX_PATH}:/home/autolab/ros2_ws/install/my_robot_controller:/opt/ros/humble /usr/bin/cmake /home/autolab/ros2_ws/src/turtlebot3_simulations/turtlebot3_fake_node -DCMAKE_INSTALL_PREFIX=/home/autolab/ros2_ws/install/turtlebot3_fake_node
[1.374s] DEBUG:colcon.colcon_core.event_handler.log_command:Invoking command in '/home/autolab/ros2_ws/build/turtlebot3_gazebo': CMAKE_PREFIX_PATH=${CMAKE_PREFIX_PATH}:/home/autolab/ros2_ws/install/my_robot_controller:/opt/ros/humble /usr/bin/cmake /home/autolab/ros2_ws/src/turtlebot3_simulations/turtlebot3_gazebo -DCMAKE_INSTALL_PREFIX=/home/autolab/ros2_ws/install/turtlebot3_gazebo
[1.604s] DEBUG:colcon.colcon_core.event_handler.log_command:Invoking command in '/home/autolab/ros2_ws/build/my_robot_controller': PYTHONPATH=/home/autolab/ros2_ws/build/my_robot_controller/prefix_override:/home/autolab/ros2_ws/install/my_robot_controller/lib/python3.10/site-packages:${PYTHONPATH} /usr/bin/python3 setup.py develop --uninstall --editable --build-directory /home/autolab/ros2_ws/build/my_robot_controller/build
[1.905s] DEBUG:colcon.colcon_core.event_handler.log_command:Invoked command in '/home/autolab/ros2_ws/build/my_robot_controller' returned '0': PYTHONPATH=/home/autolab/ros2_ws/build/my_robot_controller/prefix_override:/home/autolab/ros2_ws/install/my_robot_controller/lib/python3.10/site-packages:${PYTHONPATH} /usr/bin/python3 setup.py develop --uninstall --editable --build-directory /home/autolab/ros2_ws/build/my_robot_controller/build
[1.906s] DEBUG:colcon.colcon_core.event_handler.log_command:Invoking command in '/home/autolab/ros2_ws/src/my_robot_controller': PYTHONPATH=/home/autolab/ros2_ws/build/my_robot_controller/prefix_override:/home/autolab/ros2_ws/install/my_robot_controller/lib/python3.10/site-packages:${PYTHONPATH} /usr/bin/python3 setup.py egg_info --egg-base ../../build/my_robot_controller build --build-base /home/autolab/ros2_ws/build/my_robot_controller/build install --record /home/autolab/ros2_ws/build/my_robot_controller/install.log --single-version-externally-managed
[2.019s] DEBUG:colcon.colcon_core.event_handler.log_command:Invoked command in '/home/autolab/ros2_ws/build/turtlebot3_fake_node' returned '0': CMAKE_PREFIX_PATH=${CMAKE_PREFIX_PATH}:/home/autolab/ros2_ws/install/my_robot_controller:/opt/ros/humble /usr/bin/cmake /home/autolab/ros2_ws/src/turtlebot3_simulations/turtlebot3_fake_node -DCMAKE_INSTALL_PREFIX=/home/autolab/ros2_ws/install/turtlebot3_fake_node
[2.019s] DEBUG:colcon.colcon_core.event_handler.log_command:Invoking command in '/home/autolab/ros2_ws/build/turtlebot3_fake_node': CMAKE_PREFIX_PATH=${CMAKE_PREFIX_PATH}:/home/autolab/ros2_ws/install/my_robot_controller:/opt/ros/humble /usr/bin/cmake --build /home/autolab/ros2_ws/build/turtlebot3_fake_node -- -j20 -l20
[2.061s] DEBUG:colcon.colcon_core.event_handler.log_command:Invoked command in '/home/autolab/ros2_ws/build/turtlebot3_fake_node' returned '0': CMAKE_PREFIX_PATH=${CMAKE_PREFIX_PATH}:/home/autolab/ros2_ws/install/my_robot_controller:/opt/ros/humble /usr/bin/cmake --build /home/autolab/ros2_ws/build/turtlebot3_fake_node -- -j20 -l20
[2.081s] DEBUG:colcon.colcon_core.event_handler.log_command:Invoking command in '/home/autolab/ros2_ws/build/turtlebot3_fake_node': CMAKE_PREFIX_PATH=${CMAKE_PREFIX_PATH}:/home/autolab/ros2_ws/install/my_robot_controller:/opt/ros/humble /usr/bin/cmake --install /home/autolab/ros2_ws/build/turtlebot3_fake_node
[2.094s] Level 1:colcon.colcon_core.environment:create_environment_scripts_only(turtlebot3_fake_node)
[2.094s] DEBUG:colcon.colcon_core.event_handler.log_command:Invoked command in '/home/autolab/ros2_ws/build/turtlebot3_fake_node' returned '0': CMAKE_PREFIX_PATH=${CMAKE_PREFIX_PATH}:/home/autolab/ros2_ws/install/my_robot_controller:/opt/ros/humble /usr/bin/cmake --install /home/autolab/ros2_ws/build/turtlebot3_fake_node
[2.105s] Level 1:colcon.colcon_core.environment:checking '/home/autolab/ros2_ws/install/turtlebot3_fake_node' for CMake module files
[2.105s] Level 1:colcon.colcon_core.environment:checking '/home/autolab/ros2_ws/install/turtlebot3_fake_node' for CMake config files
[2.106s] Level 1:colcon.colcon_core.shell:create_environment_hook('turtlebot3_fake_node', 'cmake_prefix_path')
[2.114s] INFO:colcon.colcon_core.shell:Creating environment hook '/home/autolab/ros2_ws/install/turtlebot3_fake_node/share/turtlebot3_fake_node/hook/cmake_prefix_path.ps1'
[2.115s] INFO:colcon.colcon_core.shell:Creating environment descriptor '/home/autolab/ros2_ws/install/turtlebot3_fake_node/share/turtlebot3_fake_node/hook/cmake_prefix_path.dsv'
[2.115s] INFO:colcon.colcon_core.shell:Creating environment hook '/home/autolab/ros2_ws/install/turtlebot3_fake_node/share/turtlebot3_fake_node/hook/cmake_prefix_path.sh'
[2.115s] Level 1:colcon.colcon_core.environment:checking '/home/autolab/ros2_ws/install/turtlebot3_fake_node/lib'
[2.115s] Level 1:colcon.colcon_core.environment:checking '/home/autolab/ros2_ws/install/turtlebot3_fake_node/bin'
[2.115s] Level 1:colcon.colcon_core.environment:checking '/home/autolab/ros2_ws/install/turtlebot3_fake_node/lib/pkgconfig/turtlebot3_fake_node.pc'
[2.115s] Level 1:colcon.colcon_core.environment:checking '/home/autolab/ros2_ws/install/turtlebot3_fake_node/lib/python3.10/site-packages'
[2.116s] Level 1:colcon.colcon_core.environment:checking '/home/autolab/ros2_ws/install/turtlebot3_fake_node/bin'
[2.124s] INFO:colcon.colcon_core.shell:Creating package script '/home/autolab/ros2_ws/install/turtlebot3_fake_node/share/turtlebot3_fake_node/package.ps1'
[2.125s] INFO:colcon.colcon_core.shell:Creating package descriptor '/home/autolab/ros2_ws/install/turtlebot3_fake_node/share/turtlebot3_fake_node/package.dsv'
[2.125s] INFO:colcon.colcon_core.shell:Creating package script '/home/autolab/ros2_ws/install/turtlebot3_fake_node/share/turtlebot3_fake_node/package.sh'
[2.125s] INFO:colcon.colcon_core.shell:Creating package script '/home/autolab/ros2_ws/install/turtlebot3_fake_node/share/turtlebot3_fake_node/package.bash'
[2.126s] INFO:colcon.colcon_core.shell:Creating package script '/home/autolab/ros2_ws/install/turtlebot3_fake_node/share/turtlebot3_fake_node/package.zsh'
[2.126s] Level 1:colcon.colcon_core.environment:create_file_with_runtime_dependencies(/home/autolab/ros2_ws/install/turtlebot3_fake_node/share/colcon-core/packages/turtlebot3_fake_node)
[2.127s] DEBUG:colcon.colcon_core.event_handler.log_command:Invoked command in '/home/autolab/ros2_ws/src/my_robot_controller' returned '0': PYTHONPATH=/home/autolab/ros2_ws/build/my_robot_controller/prefix_override:/home/autolab/ros2_ws/install/my_robot_controller/lib/python3.10/site-packages:${PYTHONPATH} /usr/bin/python3 setup.py egg_info --egg-base ../../build/my_robot_controller build --build-base /home/autolab/ros2_ws/build/my_robot_controller/build install --record /home/autolab/ros2_ws/build/my_robot_controller/install.log --single-version-externally-managed
[2.137s] Level 1:colcon.colcon_core.environment:checking '/home/autolab/ros2_ws/install/my_robot_controller' for CMake module files
[2.137s] Level 1:colcon.colcon_core.environment:checking '/home/autolab/ros2_ws/install/my_robot_controller' for CMake config files
[2.137s] Level 1:colcon.colcon_core.environment:checking '/home/autolab/ros2_ws/install/my_robot_controller/lib'
[2.138s] Level 1:colcon.colcon_core.environment:checking '/home/autolab/ros2_ws/install/my_robot_controller/bin'
[2.138s] Level 1:colcon.colcon_core.environment:checking '/home/autolab/ros2_ws/install/my_robot_controller/lib/pkgconfig/my_robot_controller.pc'
[2.138s] Level 1:colcon.colcon_core.environment:checking '/home/autolab/ros2_ws/install/my_robot_controller/lib/python3.10/site-packages'
[2.138s] Level 1:colcon.colcon_core.shell:create_environment_hook('my_robot_controller', 'pythonpath')
[2.147s] INFO:colcon.colcon_core.shell:Creating environment hook '/home/autolab/ros2_ws/install/my_robot_controller/share/my_robot_controller/hook/pythonpath.ps1'
[2.148s] INFO:colcon.colcon_core.shell:Creating environment descriptor '/home/autolab/ros2_ws/install/my_robot_controller/share/my_robot_controller/hook/pythonpath.dsv'
[2.148s] INFO:colcon.colcon_core.shell:Creating environment hook '/home/autolab/ros2_ws/install/my_robot_controller/share/my_robot_controller/hook/pythonpath.sh'
[2.148s] Level 1:colcon.colcon_core.environment:checking '/home/autolab/ros2_ws/install/my_robot_controller/bin'
[2.148s] Level 1:colcon.colcon_core.environment:create_environment_scripts_only(my_robot_controller)
[2.157s] INFO:colcon.colcon_core.shell:Creating package script '/home/autolab/ros2_ws/install/my_robot_controller/share/my_robot_controller/package.ps1'
[2.158s] INFO:colcon.colcon_core.shell:Creating package descriptor '/home/autolab/ros2_ws/install/my_robot_controller/share/my_robot_controller/package.dsv'
[2.158s] INFO:colcon.colcon_core.shell:Creating package script '/home/autolab/ros2_ws/install/my_robot_controller/share/my_robot_controller/package.sh'
[2.158s] INFO:colcon.colcon_core.shell:Creating package script '/home/autolab/ros2_ws/install/my_robot_controller/share/my_robot_controller/package.bash'
[2.158s] INFO:colcon.colcon_core.shell:Creating package script '/home/autolab/ros2_ws/install/my_robot_controller/share/my_robot_controller/package.zsh'
[2.158s] Level 1:colcon.colcon_core.environment:create_file_with_runtime_dependencies(/home/autolab/ros2_ws/install/my_robot_controller/share/colcon-core/packages/my_robot_controller)
[2.168s] Level 1:colcon.colcon_core.environment:create_environment_scripts_only(turtlebot3_fake_node)
[2.177s] Level 1:colcon.colcon_core.environment:checking '/home/autolab/ros2_ws/install/turtlebot3_fake_node' for CMake module files
[2.177s] Level 1:colcon.colcon_core.environment:checking '/home/autolab/ros2_ws/install/turtlebot3_fake_node' for CMake config files
[2.177s] Level 1:colcon.colcon_core.shell:create_environment_hook('turtlebot3_fake_node', 'cmake_prefix_path')
[2.186s] INFO:colcon.colcon_core.shell:Creating environment hook '/home/autolab/ros2_ws/install/turtlebot3_fake_node/share/turtlebot3_fake_node/hook/cmake_prefix_path.ps1'
[2.187s] INFO:colcon.colcon_core.shell:Creating environment descriptor '/home/autolab/ros2_ws/install/turtlebot3_fake_node/share/turtlebot3_fake_node/hook/cmake_prefix_path.dsv'
[2.187s] INFO:colcon.colcon_core.shell:Creating environment hook '/home/autolab/ros2_ws/install/turtlebot3_fake_node/share/turtlebot3_fake_node/hook/cmake_prefix_path.sh'
[2.187s] Level 1:colcon.colcon_core.environment:checking '/home/autolab/ros2_ws/install/turtlebot3_fake_node/lib'
[2.188s] Level 1:colcon.colcon_core.environment:checking '/home/autolab/ros2_ws/install/turtlebot3_fake_node/bin'
[2.188s] Level 1:colcon.colcon_core.environment:checking '/home/autolab/ros2_ws/install/turtlebot3_fake_node/lib/pkgconfig/turtlebot3_fake_node.pc'
[2.188s] Level 1:colcon.colcon_core.environment:checking '/home/autolab/ros2_ws/install/turtlebot3_fake_node/lib/python3.10/site-packages'
[2.188s] Level 1:colcon.colcon_core.environment:checking '/home/autolab/ros2_ws/install/turtlebot3_fake_node/bin'
[2.198s] INFO:colcon.colcon_core.shell:Creating package script '/home/autolab/ros2_ws/install/turtlebot3_fake_node/share/turtlebot3_fake_node/package.ps1'
[2.198s] INFO:colcon.colcon_core.shell:Creating package descriptor '/home/autolab/ros2_ws/install/turtlebot3_fake_node/share/turtlebot3_fake_node/package.dsv'
[2.198s] INFO:colcon.colcon_core.shell:Creating package script '/home/autolab/ros2_ws/install/turtlebot3_fake_node/share/turtlebot3_fake_node/package.sh'
[2.198s] INFO:colcon.colcon_core.shell:Creating package script '/home/autolab/ros2_ws/install/turtlebot3_fake_node/share/turtlebot3_fake_node/package.bash'
[2.199s] INFO:colcon.colcon_core.shell:Creating package script '/home/autolab/ros2_ws/install/turtlebot3_fake_node/share/turtlebot3_fake_node/package.zsh'
[2.199s] Level 1:colcon.colcon_core.environment:create_file_with_runtime_dependencies(/home/autolab/ros2_ws/install/turtlebot3_fake_node/share/colcon-core/packages/turtlebot3_fake_node)
[2.214s] DEBUG:colcon.colcon_core.event_handler.log_command:Invoked command in '/home/autolab/ros2_ws/build/turtlebot3_gazebo' returned '0': CMAKE_PREFIX_PATH=${CMAKE_PREFIX_PATH}:/home/autolab/ros2_ws/install/my_robot_controller:/opt/ros/humble /usr/bin/cmake /home/autolab/ros2_ws/src/turtlebot3_simulations/turtlebot3_gazebo -DCMAKE_INSTALL_PREFIX=/home/autolab/ros2_ws/install/turtlebot3_gazebo
[2.215s] DEBUG:colcon.colcon_core.event_handler.log_command:Invoking command in '/home/autolab/ros2_ws/build/turtlebot3_gazebo': CMAKE_PREFIX_PATH=${CMAKE_PREFIX_PATH}:/home/autolab/ros2_ws/install/my_robot_controller:/opt/ros/humble /usr/bin/cmake --build /home/autolab/ros2_ws/build/turtlebot3_gazebo -- -j20 -l20
[2.273s] DEBUG:colcon.colcon_core.event_handler.log_command:Invoked command in '/home/autolab/ros2_ws/build/turtlebot3_gazebo' returned '0': CMAKE_PREFIX_PATH=${CMAKE_PREFIX_PATH}:/home/autolab/ros2_ws/install/my_robot_controller:/opt/ros/humble /usr/bin/cmake --build /home/autolab/ros2_ws/build/turtlebot3_gazebo -- -j20 -l20
[2.300s] DEBUG:colcon.colcon_core.event_handler.log_command:Invoking command in '/home/autolab/ros2_ws/build/turtlebot3_gazebo': CMAKE_PREFIX_PATH=${CMAKE_PREFIX_PATH}:/home/autolab/ros2_ws/install/my_robot_controller:/opt/ros/humble /usr/bin/cmake --install /home/autolab/ros2_ws/build/turtlebot3_gazebo
[2.346s] Level 1:colcon.colcon_core.environment:create_environment_scripts_only(turtlebot3_gazebo)
[2.347s] DEBUG:colcon.colcon_core.event_handler.log_command:Invoked command in '/home/autolab/ros2_ws/build/turtlebot3_gazebo' returned '0': CMAKE_PREFIX_PATH=${CMAKE_PREFIX_PATH}:/home/autolab/ros2_ws/install/my_robot_controller:/opt/ros/humble /usr/bin/cmake --install /home/autolab/ros2_ws/build/turtlebot3_gazebo
[2.357s] Level 1:colcon.colcon_core.environment:checking '/home/autolab/ros2_ws/install/turtlebot3_gazebo' for CMake module files
[2.357s] Level 1:colcon.colcon_core.environment:checking '/home/autolab/ros2_ws/install/turtlebot3_gazebo' for CMake config files
[2.357s] Level 1:colcon.colcon_core.shell:create_environment_hook('turtlebot3_gazebo', 'cmake_prefix_path')
[2.366s] INFO:colcon.colcon_core.shell:Creating environment hook '/home/autolab/ros2_ws/install/turtlebot3_gazebo/share/turtlebot3_gazebo/hook/cmake_prefix_path.ps1'
[2.366s] INFO:colcon.colcon_core.shell:Creating environment descriptor '/home/autolab/ros2_ws/install/turtlebot3_gazebo/share/turtlebot3_gazebo/hook/cmake_prefix_path.dsv'
[2.367s] INFO:colcon.colcon_core.shell:Creating environment hook '/home/autolab/ros2_ws/install/turtlebot3_gazebo/share/turtlebot3_gazebo/hook/cmake_prefix_path.sh'
[2.367s] Level 1:colcon.colcon_core.environment:checking '/home/autolab/ros2_ws/install/turtlebot3_gazebo/lib'
[2.367s] Level 1:colcon.colcon_core.environment:checking '/home/autolab/ros2_ws/install/turtlebot3_gazebo/bin'
[2.367s] Level 1:colcon.colcon_core.environment:checking '/home/autolab/ros2_ws/install/turtlebot3_gazebo/lib/pkgconfig/turtlebot3_gazebo.pc'
[2.367s] Level 1:colcon.colcon_core.environment:checking '/home/autolab/ros2_ws/install/turtlebot3_gazebo/lib/python3.10/site-packages'
[2.367s] Level 1:colcon.colcon_core.environment:checking '/home/autolab/ros2_ws/install/turtlebot3_gazebo/bin'
[2.376s] INFO:colcon.colcon_core.shell:Creating package script '/home/autolab/ros2_ws/install/turtlebot3_gazebo/share/turtlebot3_gazebo/package.ps1'
[2.377s] INFO:colcon.colcon_core.shell:Creating package descriptor '/home/autolab/ros2_ws/install/turtlebot3_gazebo/share/turtlebot3_gazebo/package.dsv'
[2.377s] INFO:colcon.colcon_core.shell:Creating package script '/home/autolab/ros2_ws/install/turtlebot3_gazebo/share/turtlebot3_gazebo/package.sh'
[2.377s] INFO:colcon.colcon_core.shell:Creating package script '/home/autolab/ros2_ws/install/turtlebot3_gazebo/share/turtlebot3_gazebo/package.bash'
[2.377s] INFO:colcon.colcon_core.shell:Creating package script '/home/autolab/ros2_ws/install/turtlebot3_gazebo/share/turtlebot3_gazebo/package.zsh'
[2.377s] Level 1:colcon.colcon_core.environment:create_file_with_runtime_dependencies(/home/autolab/ros2_ws/install/turtlebot3_gazebo/share/colcon-core/packages/turtlebot3_gazebo)
[2.409s] Level 1:colcon.colcon_core.environment:create_environment_scripts_only(turtlebot3_gazebo)
[2.417s] Level 1:colcon.colcon_core.environment:checking '/home/autolab/ros2_ws/install/turtlebot3_gazebo' for CMake module files
[2.418s] Level 1:colcon.colcon_core.environment:checking '/home/autolab/ros2_ws/install/turtlebot3_gazebo' for CMake config files
[2.418s] Level 1:colcon.colcon_core.shell:create_environment_hook('turtlebot3_gazebo', 'cmake_prefix_path')
[2.427s] INFO:colcon.colcon_core.shell:Creating environment hook '/home/autolab/ros2_ws/install/turtlebot3_gazebo/share/turtlebot3_gazebo/hook/cmake_prefix_path.ps1'
[2.427s] INFO:colcon.colcon_core.shell:Creating environment descriptor '/home/autolab/ros2_ws/install/turtlebot3_gazebo/share/turtlebot3_gazebo/hook/cmake_prefix_path.dsv'
[2.427s] INFO:colcon.colcon_core.shell:Creating environment hook '/home/autolab/ros2_ws/install/turtlebot3_gazebo/share/turtlebot3_gazebo/hook/cmake_prefix_path.sh'
[2.427s] Level 1:colcon.colcon_core.environment:checking '/home/autolab/ros2_ws/install/turtlebot3_gazebo/lib'
[2.427s] Level 1:colcon.colcon_core.environment:checking '/home/autolab/ros2_ws/install/turtlebot3_gazebo/bin'
[2.427s] Level 1:colcon.colcon_core.environment:checking '/home/autolab/ros2_ws/install/turtlebot3_gazebo/lib/pkgconfig/turtlebot3_gazebo.pc'
[2.427s] Level 1:colcon.colcon_core.environment:checking '/home/autolab/ros2_ws/install/turtlebot3_gazebo/lib/python3.10/site-packages'
[2.428s] Level 1:colcon.colcon_core.environment:checking '/home/autolab/ros2_ws/install/turtlebot3_gazebo/bin'
[2.436s] INFO:colcon.colcon_core.shell:Creating package script '/home/autolab/ros2_ws/install/turtlebot3_gazebo/share/turtlebot3_gazebo/package.ps1'
[2.437s] INFO:colcon.colcon_core.shell:Creating package descriptor '/home/autolab/ros2_ws/install/turtlebot3_gazebo/share/turtlebot3_gazebo/package.dsv'
[2.437s] INFO:colcon.colcon_core.shell:Creating package script '/home/autolab/ros2_ws/install/turtlebot3_gazebo/share/turtlebot3_gazebo/package.sh'
[2.437s] INFO:colcon.colcon_core.shell:Creating package script '/home/autolab/ros2_ws/install/turtlebot3_gazebo/share/turtlebot3_gazebo/package.bash'
[2.437s] INFO:colcon.colcon_core.shell:Creating package script '/home/autolab/ros2_ws/install/turtlebot3_gazebo/share/turtlebot3_gazebo/package.zsh'
[2.437s] Level 1:colcon.colcon_core.environment:create_file_with_runtime_dependencies(/home/autolab/ros2_ws/install/turtlebot3_gazebo/share/colcon-core/packages/turtlebot3_gazebo)
[2.438s] DEBUG:colcon.colcon_parallel_executor.executor.parallel:closing loop
[2.438s] DEBUG:colcon.colcon_parallel_executor.executor.parallel:loop closed
[2.438s] DEBUG:colcon.colcon_parallel_executor.executor.parallel:run_until_complete finished with '0'
[2.438s] DEBUG:colcon.colcon_core.event_reactor:joining thread
[2.450s] INFO:colcon.colcon_core.plugin_system:Skipping extension 'colcon_notification.desktop_notification.terminal_notifier': Not used on non-Darwin systems
[2.450s] INFO:colcon.colcon_core.plugin_system:Skipping extension 'colcon_notification.desktop_notification.win32': Not used on non-Windows systems
[2.450s] INFO:colcon.colcon_notification.desktop_notification:Sending desktop notification using 'notify2'
[2.458s] DEBUG:colcon.colcon_core.event_reactor:joined thread
[2.468s] INFO:colcon.colcon_core.shell:Creating prefix script '/home/autolab/ros2_ws/install/local_setup.ps1'
[2.469s] INFO:colcon.colcon_core.shell:Creating prefix util module '/home/autolab/ros2_ws/install/_local_setup_util_ps1.py'
[2.469s] INFO:colcon.colcon_core.shell:Creating prefix chain script '/home/autolab/ros2_ws/install/setup.ps1'
[2.479s] INFO:colcon.colcon_core.shell:Creating prefix script '/home/autolab/ros2_ws/install/local_setup.sh'
[2.479s] INFO:colcon.colcon_core.shell:Creating prefix util module '/home/autolab/ros2_ws/install/_local_setup_util_sh.py'
[2.479s] INFO:colcon.colcon_core.shell:Creating prefix chain script '/home/autolab/ros2_ws/install/setup.sh'
[2.489s] INFO:colcon.colcon_core.shell:Creating prefix script '/home/autolab/ros2_ws/install/local_setup.bash'
[2.489s] INFO:colcon.colcon_core.shell:Creating prefix chain script '/home/autolab/ros2_ws/install/setup.bash'
[2.498s] INFO:colcon.colcon_core.shell:Creating prefix script '/home/autolab/ros2_ws/install/local_setup.zsh'
[2.498s] INFO:colcon.colcon_core.shell:Creating prefix chain script '/home/autolab/ros2_ws/install/setup.zsh'
