[0.743s] Invoking command in '/home/autolab/ros2_ws/build/turtlebot3_gazebo': CMAKE_PREFIX_PATH=/home/autolab/ros2_ws/install/turtlebot3:/home/autolab/ros2_ws/install/turtlebot3_bringup:/home/autolab/ros2_ws/install/turtlebot3_node:/home/autolab/ros2_ws/install/turtlebot3_navigation2:/home/autolab/ros2_ws/install/turtlebot3_gazebo:/home/autolab/ros2_ws/install/turtlebot3_fake_node:/home/autolab/ros2_ws/install/turtlebot3_teleop:/home/autolab/ros2_ws/install/turtlebot3_example:/home/autolab/ros2_ws/install/my_robot_controller:/opt/ros/humble:/home/autolab/ros2_ws/install/turtlebot3_description:/home/autolab/ros2_ws/install/turtlebot3_cartographer /usr/bin/cmake /home/autolab/ros2_ws/src/turtlebot3_simulations/turtlebot3_gazebo -DCMAKE_INSTALL_PREFIX=/home/autolab/ros2_ws/install/turtlebot3_gazebo
[0.751s] -- Found ament_cmake: 1.3.7 (/opt/ros/humble/share/ament_cmake/cmake)
[0.845s] -- Override CMake install command with custom implementation using symlinks instead of copying resources
[0.851s] [33mCMake Warning (dev) at /usr/share/cmake-3.22/Modules/FindPackageHandleStandardArgs.cmake:438 (message):
[0.852s]   The package name passed to `find_package_handle_standard_args` (PkgConfig)
[0.852s]   does not match the name of the calling package (gazebo).  This can lead to
[0.852s]   problems in calling code that expects `find_package` result variables
[0.853s]   (e.g., `_FOUND`) to follow a certain pattern.
[0.853s] Call Stack (most recent call first):
[0.853s]   /usr/share/cmake-3.22/Modules/FindPkgConfig.cmake:99 (find_package_handle_standard_args)
[0.853s]   /usr/lib/x86_64-linux-gnu/cmake/gazebo/gazebo-config.cmake:72 (include)
[0.854s]   CMakeLists.txt:23 (find_package)
[0.854s] This warning is for project developers.  Use -Wno-dev to suppress it.
[0.854s] [0m
[0.868s] -- Found DART: /usr/include (Required is at least version "6.6") found components: dart 
[0.887s] -- Found Protobuf: /usr/lib/x86_64-linux-gnu/libprotobuf.so (found version "3.12.4") 
[0.888s] -- Looking for ignition-math6 -- found version 6.15.1
[0.891s] -- Searching for dependencies of ignition-math6
[0.892s] -- Looking for OGRE...
[0.896s] -- Found Ogre Ghadamon (1.9.0)
[0.896s] -- Found OGRE: optimized;/usr/lib/x86_64-linux-gnu/libOgreMain.so;debug;/usr/lib/x86_64-linux-gnu/libOgreMain.so
[0.903s] -- Looking for OGRE_Paging...
[0.903s] -- Found OGRE_Paging: optimized;/usr/lib/x86_64-linux-gnu/libOgrePaging.so;debug;/usr/lib/x86_64-linux-gnu/libOgrePaging.so
[0.904s] -- Looking for OGRE_Terrain...
[0.904s] -- Found OGRE_Terrain: optimized;/usr/lib/x86_64-linux-gnu/libOgreTerrain.so;debug;/usr/lib/x86_64-linux-gnu/libOgreTerrain.so
[0.904s] -- Looking for OGRE_Property...
[0.904s] -- Found OGRE_Property: optimized;/usr/lib/x86_64-linux-gnu/libOgreProperty.so;debug;/usr/lib/x86_64-linux-gnu/libOgreProperty.so
[0.905s] -- Looking for OGRE_RTShaderSystem...
[0.905s] -- Found OGRE_RTShaderSystem: optimized;/usr/lib/x86_64-linux-gnu/libOgreRTShaderSystem.so;debug;/usr/lib/x86_64-linux-gnu/libOgreRTShaderSystem.so
[0.905s] -- Looking for OGRE_Volume...
[0.905s] -- Found OGRE_Volume: optimized;/usr/lib/x86_64-linux-gnu/libOgreVolume.so;debug;/usr/lib/x86_64-linux-gnu/libOgreVolume.so
[0.906s] -- Looking for OGRE_Overlay...
[0.906s] -- Found OGRE_Overlay: optimized;/usr/lib/x86_64-linux-gnu/libOgreOverlay.so;debug;/usr/lib/x86_64-linux-gnu/libOgreOverlay.so
[0.980s] -- Looking for ignition-math6 -- found version 6.15.1
[0.980s] -- Looking for ignition-transport8 -- found version 8.2.1
[0.980s] -- Searching for dependencies of ignition-transport8
[0.992s] -- Found Protobuf: /usr/lib/x86_64-linux-gnu/libprotobuf.so (found suitable version "3.12.4", minimum required is "3") 
[1.000s] -- Config-file not installed for ZeroMQ -- checking for pkg-config
[1.003s] -- Checking for module 'libzmq >= 4'
[1.010s] --   Found libzmq , version 4.3.4
[1.033s] -- Checking for module 'uuid'
[1.040s] --   Found uuid, version 2.37.2
[1.058s] -- Looking for ignition-msgs5 -- found version 5.8.1
[1.058s] -- Searching for dependencies of ignition-msgs5
[1.070s] -- Looking for ignition-math6 -- found version 6.15.1
[1.074s] -- Checking for module 'tinyxml2'
[1.081s] --   Found tinyxml2, version 9.0.0
[1.099s] -- Looking for ignition-msgs5 -- found version 5.8.1
[1.099s] -- Looking for ignition-common3 -- found version 3.14.0
[1.099s] -- Searching for dependencies of ignition-common3
[1.100s] -- Looking for dlfcn.h - found
[1.100s] -- Looking for libdl - found
[1.107s] -- Searching for <ignition-common3> component [graphics]
[1.107s] -- Looking for ignition-common3-graphics -- found version 3.14.0
[1.108s] -- Searching for dependencies of ignition-common3-graphics
[1.108s] -- Looking for ignition-math6 -- found version 6.15.1
[1.109s] -- Looking for ignition-fuel_tools4 -- found version 4.4.0
[1.110s] -- Searching for dependencies of ignition-fuel_tools4
[1.133s] -- Checking for module 'jsoncpp'
[1.141s] --   Found jsoncpp, version 1.9.5
[1.161s] -- Checking for module 'libzip'
[1.168s] --   Found libzip, version 1.7.3
[1.185s] -- Looking for ignition-common3 -- found version 3.14.0
[1.186s] -- Looking for ignition-math6 -- found version 6.15.1
[1.186s] -- Looking for ignition-msgs5 -- found version 5.8.1
[1.186s] -- Found gazebo_ros_pkgs: 3.7.0 (/opt/ros/humble/share/gazebo_ros_pkgs/cmake)
[1.187s] -- Found geometry_msgs: 4.2.3 (/opt/ros/humble/share/geometry_msgs/cmake)
[1.199s] -- Found rosidl_generator_c: 3.1.5 (/opt/ros/humble/share/rosidl_generator_c/cmake)
[1.200s] -- Found rosidl_adapter: 3.1.5 (/opt/ros/humble/share/rosidl_adapter/cmake)
[1.204s] -- Found rosidl_generator_cpp: 3.1.5 (/opt/ros/humble/share/rosidl_generator_cpp/cmake)
[1.211s] -- Using all available rosidl_typesupport_c: rosidl_typesupport_fastrtps_c;rosidl_typesupport_introspection_c
[1.221s] -- Using all available rosidl_typesupport_cpp: rosidl_typesupport_fastrtps_cpp;rosidl_typesupport_introspection_cpp
[1.295s] -- Found nav_msgs: 4.2.3 (/opt/ros/humble/share/nav_msgs/cmake)
[1.350s] -- Found rclcpp: 16.0.8 (/opt/ros/humble/share/rclcpp/cmake)
[1.380s] -- Found rmw_implementation_cmake: 6.1.1 (/opt/ros/humble/share/rmw_implementation_cmake/cmake)
[1.381s] -- Found rmw_cyclonedds_cpp: 1.3.4 (/opt/ros/humble/share/rmw_cyclonedds_cpp/cmake)
[1.400s] -- Using RMW implementation 'rmw_cyclonedds_cpp' as default
[1.483s] -- Found sensor_msgs: 4.2.3 (/opt/ros/humble/share/sensor_msgs/cmake)
[1.537s] -- Found tf2: 0.25.5 (/opt/ros/humble/share/tf2/cmake)
[1.591s] -- Configuring done
[1.607s] -- Generating done
[1.609s] -- Build files have been written to: /home/autolab/ros2_ws/build/turtlebot3_gazebo
[1.780s] Invoked command in '/home/autolab/ros2_ws/build/turtlebot3_gazebo' returned '0': CMAKE_PREFIX_PATH=/home/autolab/ros2_ws/install/turtlebot3:/home/autolab/ros2_ws/install/turtlebot3_bringup:/home/autolab/ros2_ws/install/turtlebot3_node:/home/autolab/ros2_ws/install/turtlebot3_navigation2:/home/autolab/ros2_ws/install/turtlebot3_gazebo:/home/autolab/ros2_ws/install/turtlebot3_fake_node:/home/autolab/ros2_ws/install/turtlebot3_teleop:/home/autolab/ros2_ws/install/turtlebot3_example:/home/autolab/ros2_ws/install/my_robot_controller:/opt/ros/humble:/home/autolab/ros2_ws/install/turtlebot3_description:/home/autolab/ros2_ws/install/turtlebot3_cartographer /usr/bin/cmake /home/autolab/ros2_ws/src/turtlebot3_simulations/turtlebot3_gazebo -DCMAKE_INSTALL_PREFIX=/home/autolab/ros2_ws/install/turtlebot3_gazebo
[1.781s] Invoking command in '/home/autolab/ros2_ws/build/turtlebot3_gazebo': CMAKE_PREFIX_PATH=/home/autolab/ros2_ws/install/turtlebot3:/home/autolab/ros2_ws/install/turtlebot3_bringup:/home/autolab/ros2_ws/install/turtlebot3_node:/home/autolab/ros2_ws/install/turtlebot3_navigation2:/home/autolab/ros2_ws/install/turtlebot3_gazebo:/home/autolab/ros2_ws/install/turtlebot3_fake_node:/home/autolab/ros2_ws/install/turtlebot3_teleop:/home/autolab/ros2_ws/install/turtlebot3_example:/home/autolab/ros2_ws/install/my_robot_controller:/opt/ros/humble:/home/autolab/ros2_ws/install/turtlebot3_description:/home/autolab/ros2_ws/install/turtlebot3_cartographer /usr/bin/cmake --build /home/autolab/ros2_ws/build/turtlebot3_gazebo -- -j20 -l20
[1.807s] [35m[1mConsolidate compiler generated dependencies of target turtlebot3_drive[0m
[1.808s] [35m[1mConsolidate compiler generated dependencies of target obstacle1[0m
[1.808s] [35m[1mConsolidate compiler generated dependencies of target obstacle2[0m
[1.808s] [35m[1mConsolidate compiler generated dependencies of target obstacles[0m
[1.816s] [ 25%] Built target turtlebot3_drive
[1.830s] [ 50%] Built target obstacle2
[1.830s] [ 75%] Built target obstacles
[1.830s] [100%] Built target obstacle1
[1.837s] Invoked command in '/home/autolab/ros2_ws/build/turtlebot3_gazebo' returned '0': CMAKE_PREFIX_PATH=/home/autolab/ros2_ws/install/turtlebot3:/home/autolab/ros2_ws/install/turtlebot3_bringup:/home/autolab/ros2_ws/install/turtlebot3_node:/home/autolab/ros2_ws/install/turtlebot3_navigation2:/home/autolab/ros2_ws/install/turtlebot3_gazebo:/home/autolab/ros2_ws/install/turtlebot3_fake_node:/home/autolab/ros2_ws/install/turtlebot3_teleop:/home/autolab/ros2_ws/install/turtlebot3_example:/home/autolab/ros2_ws/install/my_robot_controller:/opt/ros/humble:/home/autolab/ros2_ws/install/turtlebot3_description:/home/autolab/ros2_ws/install/turtlebot3_cartographer /usr/bin/cmake --build /home/autolab/ros2_ws/build/turtlebot3_gazebo -- -j20 -l20
[1.858s] Invoking command in '/home/autolab/ros2_ws/build/turtlebot3_gazebo': CMAKE_PREFIX_PATH=/home/autolab/ros2_ws/install/turtlebot3:/home/autolab/ros2_ws/install/turtlebot3_bringup:/home/autolab/ros2_ws/install/turtlebot3_node:/home/autolab/ros2_ws/install/turtlebot3_navigation2:/home/autolab/ros2_ws/install/turtlebot3_gazebo:/home/autolab/ros2_ws/install/turtlebot3_fake_node:/home/autolab/ros2_ws/install/turtlebot3_teleop:/home/autolab/ros2_ws/install/turtlebot3_example:/home/autolab/ros2_ws/install/my_robot_controller:/opt/ros/humble:/home/autolab/ros2_ws/install/turtlebot3_description:/home/autolab/ros2_ws/install/turtlebot3_cartographer /usr/bin/cmake --install /home/autolab/ros2_ws/build/turtlebot3_gazebo
[1.862s] -- Install configuration: ""
[1.862s] -- Execute custom install script
[1.862s] -- Up-to-date symlink: /home/autolab/ros2_ws/install/turtlebot3_gazebo/lib/turtlebot3_gazebo/turtlebot3_drive
[1.863s] -- Up-to-date symlink: /home/autolab/ros2_ws/install/turtlebot3_gazebo/share/turtlebot3_gazebo//launch/AV_course.launch.py
[1.863s] -- Up-to-date symlink: /home/autolab/ros2_ws/install/turtlebot3_gazebo/share/turtlebot3_gazebo//launch/empty_world.launch.py
[1.863s] -- Up-to-date symlink: /home/autolab/ros2_ws/install/turtlebot3_gazebo/share/turtlebot3_gazebo//launch/robot_state_publisher.launch.py
[1.863s] -- Up-to-date symlink: /home/autolab/ros2_ws/install/turtlebot3_gazebo/share/turtlebot3_gazebo//launch/spawn_turtlebot3.launch.py
[1.863s] -- Up-to-date symlink: /home/autolab/ros2_ws/install/turtlebot3_gazebo/share/turtlebot3_gazebo//launch/turtlebot3_dqn_stage1.launch.py
[1.863s] -- Up-to-date symlink: /home/autolab/ros2_ws/install/turtlebot3_gazebo/share/turtlebot3_gazebo//launch/turtlebot3_dqn_stage2.launch.py
[1.863s] -- Up-to-date symlink: /home/autolab/ros2_ws/install/turtlebot3_gazebo/share/turtlebot3_gazebo//launch/turtlebot3_dqn_stage3.launch.py
[1.863s] -- Up-to-date symlink: /home/autolab/ros2_ws/install/turtlebot3_gazebo/share/turtlebot3_gazebo//launch/turtlebot3_dqn_stage4.launch.py
[1.863s] -- Up-to-date symlink: /home/autolab/ros2_ws/install/turtlebot3_gazebo/share/turtlebot3_gazebo//launch/turtlebot3_house.launch.py
[1.863s] -- Up-to-date symlink: /home/autolab/ros2_ws/install/turtlebot3_gazebo/share/turtlebot3_gazebo//launch/turtlebot3_world.launch.py
[1.863s] -- Up-to-date symlink: /home/autolab/ros2_ws/install/turtlebot3_gazebo/share/turtlebot3_gazebo//models/turtlebot3_burger/model-1_4.sdf
[1.864s] -- Up-to-date symlink: /home/autolab/ros2_ws/install/turtlebot3_gazebo/share/turtlebot3_gazebo//models/turtlebot3_burger/model.config
[1.864s] -- Up-to-date symlink: /home/autolab/ros2_ws/install/turtlebot3_gazebo/share/turtlebot3_gazebo//models/turtlebot3_burger/model.sdf
[1.864s] -- Up-to-date symlink: /home/autolab/ros2_ws/install/turtlebot3_gazebo/share/turtlebot3_gazebo//models/turtlebot3_common/meshes/burger_base.dae
[1.864s] -- Up-to-date symlink: /home/autolab/ros2_ws/install/turtlebot3_gazebo/share/turtlebot3_gazebo//models/turtlebot3_common/meshes/lds.dae
[1.864s] -- Up-to-date symlink: /home/autolab/ros2_ws/install/turtlebot3_gazebo/share/turtlebot3_gazebo//models/turtlebot3_common/meshes/r200.dae
[1.864s] -- Up-to-date symlink: /home/autolab/ros2_ws/install/turtlebot3_gazebo/share/turtlebot3_gazebo//models/turtlebot3_common/meshes/tire.dae
[1.864s] -- Up-to-date symlink: /home/autolab/ros2_ws/install/turtlebot3_gazebo/share/turtlebot3_gazebo//models/turtlebot3_common/meshes/waffle_base.dae
[1.864s] -- Up-to-date symlink: /home/autolab/ros2_ws/install/turtlebot3_gazebo/share/turtlebot3_gazebo//models/turtlebot3_common/meshes/waffle_pi_base.dae
[1.864s] -- Up-to-date symlink: /home/autolab/ros2_ws/install/turtlebot3_gazebo/share/turtlebot3_gazebo//models/turtlebot3_common/model.config
[1.864s] -- Up-to-date symlink: /home/autolab/ros2_ws/install/turtlebot3_gazebo/share/turtlebot3_gazebo//models/turtlebot3_dqn_world/goal_box/model.config
[1.864s] -- Up-to-date symlink: /home/autolab/ros2_ws/install/turtlebot3_gazebo/share/turtlebot3_gazebo//models/turtlebot3_dqn_world/goal_box/model.sdf
[1.864s] -- Up-to-date symlink: /home/autolab/ros2_ws/install/turtlebot3_gazebo/share/turtlebot3_gazebo//models/turtlebot3_dqn_world/inner_walls/model.config
[1.864s] -- Up-to-date symlink: /home/autolab/ros2_ws/install/turtlebot3_gazebo/share/turtlebot3_gazebo//models/turtlebot3_dqn_world/inner_walls/model.sdf
[1.864s] -- Up-to-date symlink: /home/autolab/ros2_ws/install/turtlebot3_gazebo/share/turtlebot3_gazebo//models/turtlebot3_dqn_world/model.config
[1.865s] -- Up-to-date symlink: /home/autolab/ros2_ws/install/turtlebot3_gazebo/share/turtlebot3_gazebo//models/turtlebot3_dqn_world/model.sdf
[1.865s] -- Up-to-date symlink: /home/autolab/ros2_ws/install/turtlebot3_gazebo/share/turtlebot3_gazebo//models/turtlebot3_dqn_world/obstacle1/model.config
[1.865s] -- Up-to-date symlink: /home/autolab/ros2_ws/install/turtlebot3_gazebo/share/turtlebot3_gazebo//models/turtlebot3_dqn_world/obstacle1/model.sdf
[1.865s] -- Up-to-date symlink: /home/autolab/ros2_ws/install/turtlebot3_gazebo/share/turtlebot3_gazebo//models/turtlebot3_dqn_world/obstacle2/model.config
[1.865s] -- Up-to-date symlink: /home/autolab/ros2_ws/install/turtlebot3_gazebo/share/turtlebot3_gazebo//models/turtlebot3_dqn_world/obstacle2/model.sdf
[1.865s] -- Up-to-date symlink: /home/autolab/ros2_ws/install/turtlebot3_gazebo/share/turtlebot3_gazebo//models/turtlebot3_dqn_world/obstacle_plugin/CMakeLists.txt
[1.865s] -- Up-to-date symlink: /home/autolab/ros2_ws/install/turtlebot3_gazebo/share/turtlebot3_gazebo//models/turtlebot3_dqn_world/obstacle_plugin/obstacle1.cc
[1.865s] -- Up-to-date symlink: /home/autolab/ros2_ws/install/turtlebot3_gazebo/share/turtlebot3_gazebo//models/turtlebot3_dqn_world/obstacle_plugin/obstacle2.cc
[1.865s] -- Up-to-date symlink: /home/autolab/ros2_ws/install/turtlebot3_gazebo/share/turtlebot3_gazebo//models/turtlebot3_dqn_world/obstacle_plugin/obstacles.cc
[1.865s] -- Up-to-date symlink: /home/autolab/ros2_ws/install/turtlebot3_gazebo/share/turtlebot3_gazebo//models/turtlebot3_dqn_world/obstacles/model.config
[1.865s] -- Up-to-date symlink: /home/autolab/ros2_ws/install/turtlebot3_gazebo/share/turtlebot3_gazebo//models/turtlebot3_dqn_world/obstacles/model.sdf
[1.865s] -- Up-to-date symlink: /home/autolab/ros2_ws/install/turtlebot3_gazebo/share/turtlebot3_gazebo//models/turtlebot3_house/model.config
[1.865s] -- Up-to-date symlink: /home/autolab/ros2_ws/install/turtlebot3_gazebo/share/turtlebot3_gazebo//models/turtlebot3_house/model.sdf
[1.865s] -- Up-to-date symlink: /home/autolab/ros2_ws/install/turtlebot3_gazebo/share/turtlebot3_gazebo//models/turtlebot3_waffle/model-1_4.sdf
[1.865s] -- Up-to-date symlink: /home/autolab/ros2_ws/install/turtlebot3_gazebo/share/turtlebot3_gazebo//models/turtlebot3_waffle/model.config
[1.866s] -- Up-to-date symlink: /home/autolab/ros2_ws/install/turtlebot3_gazebo/share/turtlebot3_gazebo//models/turtlebot3_waffle/model.sdf
[1.866s] -- Up-to-date symlink: /home/autolab/ros2_ws/install/turtlebot3_gazebo/share/turtlebot3_gazebo//models/turtlebot3_waffle_pi/model-1_4_.sdf
[1.866s] -- Up-to-date symlink: /home/autolab/ros2_ws/install/turtlebot3_gazebo/share/turtlebot3_gazebo//models/turtlebot3_waffle_pi/model.config
[1.866s] -- Up-to-date symlink: /home/autolab/ros2_ws/install/turtlebot3_gazebo/share/turtlebot3_gazebo//models/turtlebot3_waffle_pi/model.sdf
[1.866s] -- Up-to-date symlink: /home/autolab/ros2_ws/install/turtlebot3_gazebo/share/turtlebot3_gazebo//models/turtlebot3_world/meshes/hexagon.dae
[1.866s] -- Up-to-date symlink: /home/autolab/ros2_ws/install/turtlebot3_gazebo/share/turtlebot3_gazebo//models/turtlebot3_world/meshes/wall.dae
[1.866s] -- Up-to-date symlink: /home/autolab/ros2_ws/install/turtlebot3_gazebo/share/turtlebot3_gazebo//models/turtlebot3_world/model-1_4.sdf
[1.866s] -- Up-to-date symlink: /home/autolab/ros2_ws/install/turtlebot3_gazebo/share/turtlebot3_gazebo//models/turtlebot3_world/model.config
[1.866s] -- Up-to-date symlink: /home/autolab/ros2_ws/install/turtlebot3_gazebo/share/turtlebot3_gazebo//models/turtlebot3_world/model.sdf
[1.866s] -- Up-to-date symlink: /home/autolab/ros2_ws/install/turtlebot3_gazebo/share/turtlebot3_gazebo//rviz/tb3_gazebo.rviz
[1.866s] -- Up-to-date symlink: /home/autolab/ros2_ws/install/turtlebot3_gazebo/share/turtlebot3_gazebo//urdf/common_properties.urdf
[1.866s] -- Up-to-date symlink: /home/autolab/ros2_ws/install/turtlebot3_gazebo/share/turtlebot3_gazebo//urdf/turtlebot3_burger.urdf
[1.866s] -- Up-to-date symlink: /home/autolab/ros2_ws/install/turtlebot3_gazebo/share/turtlebot3_gazebo//urdf/turtlebot3_waffle.urdf
[1.866s] -- Up-to-date symlink: /home/autolab/ros2_ws/install/turtlebot3_gazebo/share/turtlebot3_gazebo//urdf/turtlebot3_waffle_pi.urdf
[1.866s] -- Up-to-date symlink: /home/autolab/ros2_ws/install/turtlebot3_gazebo/share/turtlebot3_gazebo//worlds/LR.world
[1.867s] -- Up-to-date symlink: /home/autolab/ros2_ws/install/turtlebot3_gazebo/share/turtlebot3_gazebo//worlds/New_World_for_Turtle.world
[1.867s] -- Up-to-date symlink: /home/autolab/ros2_ws/install/turtlebot3_gazebo/share/turtlebot3_gazebo//worlds/empty_world.world
[1.867s] -- Up-to-date symlink: /home/autolab/ros2_ws/install/turtlebot3_gazebo/share/turtlebot3_gazebo//worlds/turtlebot3_dqn_stage1.world
[1.867s] -- Up-to-date symlink: /home/autolab/ros2_ws/install/turtlebot3_gazebo/share/turtlebot3_gazebo//worlds/turtlebot3_dqn_stage2.world
[1.867s] -- Up-to-date symlink: /home/autolab/ros2_ws/install/turtlebot3_gazebo/share/turtlebot3_gazebo//worlds/turtlebot3_dqn_stage3.world
[1.867s] -- Up-to-date symlink: /home/autolab/ros2_ws/install/turtlebot3_gazebo/share/turtlebot3_gazebo//worlds/turtlebot3_dqn_stage4.world
[1.867s] -- Up-to-date symlink: /home/autolab/ros2_ws/install/turtlebot3_gazebo/share/turtlebot3_gazebo//worlds/turtlebot3_house.world
[1.867s] -- Up-to-date symlink: /home/autolab/ros2_ws/install/turtlebot3_gazebo/share/turtlebot3_gazebo//worlds/turtlebot3_world.world
[1.867s] -- Up-to-date symlink: /home/autolab/ros2_ws/install/turtlebot3_gazebo/include//turtlebot3_gazebo/turtlebot3_drive.hpp
[1.867s] -- Up-to-date symlink: /home/autolab/ros2_ws/install/turtlebot3_gazebo/share/ament_index/resource_index/package_run_dependencies/turtlebot3_gazebo
[1.867s] -- Up-to-date symlink: /home/autolab/ros2_ws/install/turtlebot3_gazebo/share/ament_index/resource_index/parent_prefix_path/turtlebot3_gazebo
[1.867s] -- Up-to-date symlink: /home/autolab/ros2_ws/install/turtlebot3_gazebo/share/turtlebot3_gazebo/environment/ament_prefix_path.sh
[1.867s] -- Up-to-date symlink: /home/autolab/ros2_ws/install/turtlebot3_gazebo/share/turtlebot3_gazebo/environment/ament_prefix_path.dsv
[1.867s] -- Up-to-date symlink: /home/autolab/ros2_ws/install/turtlebot3_gazebo/share/turtlebot3_gazebo/environment/path.sh
[1.867s] -- Up-to-date symlink: /home/autolab/ros2_ws/install/turtlebot3_gazebo/share/turtlebot3_gazebo/environment/path.dsv
[1.867s] -- Up-to-date symlink: /home/autolab/ros2_ws/install/turtlebot3_gazebo/share/turtlebot3_gazebo/local_setup.bash
[1.867s] -- Up-to-date symlink: /home/autolab/ros2_ws/install/turtlebot3_gazebo/share/turtlebot3_gazebo/local_setup.sh
[1.868s] -- Up-to-date symlink: /home/autolab/ros2_ws/install/turtlebot3_gazebo/share/turtlebot3_gazebo/local_setup.zsh
[1.868s] -- Up-to-date symlink: /home/autolab/ros2_ws/install/turtlebot3_gazebo/share/turtlebot3_gazebo/local_setup.dsv
[1.868s] -- Symlinking: /home/autolab/ros2_ws/install/turtlebot3_gazebo/share/turtlebot3_gazebo/package.dsv
[1.873s] -- Up-to-date symlink: /home/autolab/ros2_ws/install/turtlebot3_gazebo/share/ament_index/resource_index/packages/turtlebot3_gazebo
[1.873s] -- Up-to-date symlink: /home/autolab/ros2_ws/install/turtlebot3_gazebo/share/turtlebot3_gazebo/cmake/ament_cmake_export_include_directories-extras.cmake
[1.873s] -- Up-to-date symlink: /home/autolab/ros2_ws/install/turtlebot3_gazebo/share/turtlebot3_gazebo/cmake/ament_cmake_export_dependencies-extras.cmake
[1.873s] -- Up-to-date symlink: /home/autolab/ros2_ws/install/turtlebot3_gazebo/share/turtlebot3_gazebo/cmake/turtlebot3_gazeboConfig.cmake
[1.873s] -- Up-to-date symlink: /home/autolab/ros2_ws/install/turtlebot3_gazebo/share/turtlebot3_gazebo/cmake/turtlebot3_gazeboConfig-version.cmake
[1.873s] -- Up-to-date symlink: /home/autolab/ros2_ws/install/turtlebot3_gazebo/share/turtlebot3_gazebo/package.xml
[1.874s] Invoked command in '/home/autolab/ros2_ws/build/turtlebot3_gazebo' returned '0': CMAKE_PREFIX_PATH=/home/autolab/ros2_ws/install/turtlebot3:/home/autolab/ros2_ws/install/turtlebot3_bringup:/home/autolab/ros2_ws/install/turtlebot3_node:/home/autolab/ros2_ws/install/turtlebot3_navigation2:/home/autolab/ros2_ws/install/turtlebot3_gazebo:/home/autolab/ros2_ws/install/turtlebot3_fake_node:/home/autolab/ros2_ws/install/turtlebot3_teleop:/home/autolab/ros2_ws/install/turtlebot3_example:/home/autolab/ros2_ws/install/my_robot_controller:/opt/ros/humble:/home/autolab/ros2_ws/install/turtlebot3_description:/home/autolab/ros2_ws/install/turtlebot3_cartographer /usr/bin/cmake --install /home/autolab/ros2_ws/build/turtlebot3_gazebo
