[0.048s] Invoking command in '/home/autolab/ros2_ws/build/turtlebot3_bringup': AMENT_PREFIX_PATH=/home/autolab/ros2_ws/install/turtlebot3_node:/home/autolab/ros2_ws/install/turtlebot3_description:${AMENT_PREFIX_PATH} CMAKE_PREFIX_PATH=/home/autolab/ros2_ws/install/turtlebot3_node:/home/autolab/ros2_ws/install/my_robot_controller:/opt/ros/humble:/home/autolab/ros2_ws/install/turtlebot3_description:${CMAKE_PREFIX_PATH} /usr/bin/cmake /home/autolab/ros2_ws/src/turtlebot3/turtlebot3_bringup -DAMENT_CMAKE_SYMLINK_INSTALL=1 -DCMAKE_INSTALL_PREFIX=/home/autolab/ros2_ws/install/turtlebot3_bringup
[0.087s] -- The C compiler identification is GNU 11.4.0
[0.143s] -- The CXX compiler identification is GNU 11.4.0
[0.156s] -- Detecting C compiler ABI info
[0.250s] -- Detecting C compiler ABI info - done
[0.257s] -- Check for working C compiler: /usr/bin/cc - skipped
[0.257s] -- Detecting C compile features
[0.257s] -- Detecting C compile features - done
[0.259s] -- Detecting CXX compiler ABI info
[0.337s] -- Detecting CXX compiler ABI info - done
[0.344s] -- Check for working CXX compiler: /usr/bin/c++ - skipped
[0.344s] -- Detecting CXX compile features
[0.345s] -- Detecting CXX compile features - done
[0.346s] -- Found ament_cmake: 1.3.7 (/opt/ros/humble/share/ament_cmake/cmake)
[0.462s] -- Found Python3: /usr/bin/python3.10 (found version "3.10.12") found components: Interpreter 
[0.501s] -- Override CMake install command with custom implementation using symlinks instead of copying resources
[0.560s] -- Configuring done
[0.561s] -- Generating done
[0.561s] -- Build files have been written to: /home/autolab/ros2_ws/build/turtlebot3_bringup
[0.564s] Invoked command in '/home/autolab/ros2_ws/build/turtlebot3_bringup' returned '0': AMENT_PREFIX_PATH=/home/autolab/ros2_ws/install/turtlebot3_node:/home/autolab/ros2_ws/install/turtlebot3_description:${AMENT_PREFIX_PATH} CMAKE_PREFIX_PATH=/home/autolab/ros2_ws/install/turtlebot3_node:/home/autolab/ros2_ws/install/my_robot_controller:/opt/ros/humble:/home/autolab/ros2_ws/install/turtlebot3_description:${CMAKE_PREFIX_PATH} /usr/bin/cmake /home/autolab/ros2_ws/src/turtlebot3/turtlebot3_bringup -DAMENT_CMAKE_SYMLINK_INSTALL=1 -DCMAKE_INSTALL_PREFIX=/home/autolab/ros2_ws/install/turtlebot3_bringup
[0.565s] Invoking command in '/home/autolab/ros2_ws/build/turtlebot3_bringup': AMENT_PREFIX_PATH=/home/autolab/ros2_ws/install/turtlebot3_node:/home/autolab/ros2_ws/install/turtlebot3_description:${AMENT_PREFIX_PATH} CMAKE_PREFIX_PATH=/home/autolab/ros2_ws/install/turtlebot3_node:/home/autolab/ros2_ws/install/my_robot_controller:/opt/ros/humble:/home/autolab/ros2_ws/install/turtlebot3_description:${CMAKE_PREFIX_PATH} /usr/bin/cmake --build /home/autolab/ros2_ws/build/turtlebot3_bringup -- -j20 -l20
[0.593s] Invoked command in '/home/autolab/ros2_ws/build/turtlebot3_bringup' returned '0': AMENT_PREFIX_PATH=/home/autolab/ros2_ws/install/turtlebot3_node:/home/autolab/ros2_ws/install/turtlebot3_description:${AMENT_PREFIX_PATH} CMAKE_PREFIX_PATH=/home/autolab/ros2_ws/install/turtlebot3_node:/home/autolab/ros2_ws/install/my_robot_controller:/opt/ros/humble:/home/autolab/ros2_ws/install/turtlebot3_description:${CMAKE_PREFIX_PATH} /usr/bin/cmake --build /home/autolab/ros2_ws/build/turtlebot3_bringup -- -j20 -l20
[0.629s] Invoking command in '/home/autolab/ros2_ws/build/turtlebot3_bringup': AMENT_PREFIX_PATH=/home/autolab/ros2_ws/install/turtlebot3_node:/home/autolab/ros2_ws/install/turtlebot3_description:${AMENT_PREFIX_PATH} CMAKE_PREFIX_PATH=/home/autolab/ros2_ws/install/turtlebot3_node:/home/autolab/ros2_ws/install/my_robot_controller:/opt/ros/humble:/home/autolab/ros2_ws/install/turtlebot3_description:${CMAKE_PREFIX_PATH} /usr/bin/cmake --install /home/autolab/ros2_ws/build/turtlebot3_bringup
[0.642s] -- Install configuration: ""
[0.643s] -- Execute custom install script
[0.643s] -- Symlinking: /home/autolab/ros2_ws/install/turtlebot3_bringup/share/turtlebot3_bringup/launch/robot.launch.py
[0.656s] -- Symlinking: /home/autolab/ros2_ws/install/turtlebot3_bringup/share/turtlebot3_bringup/launch/rviz2.launch.py
[0.672s] -- Symlinking: /home/autolab/ros2_ws/install/turtlebot3_bringup/share/turtlebot3_bringup/launch/turtlebot3_state_publisher.launch.py
[0.688s] -- Symlinking: /home/autolab/ros2_ws/install/turtlebot3_bringup/share/turtlebot3_bringup/param/burger.yaml
[0.704s] -- Symlinking: /home/autolab/ros2_ws/install/turtlebot3_bringup/share/turtlebot3_bringup/param/waffle.yaml
[0.718s] -- Symlinking: /home/autolab/ros2_ws/install/turtlebot3_bringup/share/turtlebot3_bringup/param/waffle_pi.yaml
[0.732s] -- Symlinking: /home/autolab/ros2_ws/install/turtlebot3_bringup/share/turtlebot3_bringup/script/99-turtlebot3-cdc.rules
[0.747s] -- Symlinking: /home/autolab/ros2_ws/install/turtlebot3_bringup/share/turtlebot3_bringup/script/create_udev_rules
[0.756s] -- Symlinking: /home/autolab/ros2_ws/install/turtlebot3_bringup/share/ament_index/resource_index/package_run_dependencies/turtlebot3_bringup
[0.769s] -- Symlinking: /home/autolab/ros2_ws/install/turtlebot3_bringup/share/ament_index/resource_index/parent_prefix_path/turtlebot3_bringup
[0.778s] -- Symlinking: /home/autolab/ros2_ws/install/turtlebot3_bringup/share/turtlebot3_bringup/environment/ament_prefix_path.sh
[0.783s] -- Symlinking: /home/autolab/ros2_ws/install/turtlebot3_bringup/share/turtlebot3_bringup/environment/ament_prefix_path.dsv
[0.789s] -- Symlinking: /home/autolab/ros2_ws/install/turtlebot3_bringup/share/turtlebot3_bringup/environment/path.sh
[0.800s] -- Symlinking: /home/autolab/ros2_ws/install/turtlebot3_bringup/share/turtlebot3_bringup/environment/path.dsv
[0.813s] -- Symlinking: /home/autolab/ros2_ws/install/turtlebot3_bringup/share/turtlebot3_bringup/local_setup.bash
[0.825s] -- Symlinking: /home/autolab/ros2_ws/install/turtlebot3_bringup/share/turtlebot3_bringup/local_setup.sh
[0.833s] -- Symlinking: /home/autolab/ros2_ws/install/turtlebot3_bringup/share/turtlebot3_bringup/local_setup.zsh
[0.847s] -- Symlinking: /home/autolab/ros2_ws/install/turtlebot3_bringup/share/turtlebot3_bringup/local_setup.dsv
[0.863s] -- Symlinking: /home/autolab/ros2_ws/install/turtlebot3_bringup/share/turtlebot3_bringup/package.dsv
[0.878s] -- Symlinking: /home/autolab/ros2_ws/install/turtlebot3_bringup/share/ament_index/resource_index/packages/turtlebot3_bringup
[0.891s] -- Symlinking: /home/autolab/ros2_ws/install/turtlebot3_bringup/share/turtlebot3_bringup/cmake/turtlebot3_bringupConfig.cmake
[0.907s] -- Symlinking: /home/autolab/ros2_ws/install/turtlebot3_bringup/share/turtlebot3_bringup/cmake/turtlebot3_bringupConfig-version.cmake
[0.918s] -- Symlinking: /home/autolab/ros2_ws/install/turtlebot3_bringup/share/turtlebot3_bringup/package.xml
[0.930s] Invoked command in '/home/autolab/ros2_ws/build/turtlebot3_bringup' returned '0': AMENT_PREFIX_PATH=/home/autolab/ros2_ws/install/turtlebot3_node:/home/autolab/ros2_ws/install/turtlebot3_description:${AMENT_PREFIX_PATH} CMAKE_PREFIX_PATH=/home/autolab/ros2_ws/install/turtlebot3_node:/home/autolab/ros2_ws/install/my_robot_controller:/opt/ros/humble:/home/autolab/ros2_ws/install/turtlebot3_description:${CMAKE_PREFIX_PATH} /usr/bin/cmake --install /home/autolab/ros2_ws/build/turtlebot3_bringup
