[0.267s] Invoking command in '/home/autolab/ros2_ws/build/turtlebot3_description': /usr/bin/cmake /home/autolab/ros2_ws/src/turtlebot3/turtlebot3_description -DCATKIN_INSTALL_INTO_PREFIX_ROOT=0 -DCATKIN_SYMLINK_INSTALL=ON -DCMAKE_INSTALL_PREFIX=/home/autolab/ros2_ws/install/turtlebot3_description
[0.493s] -- The C compiler identification is GNU 11.4.0
[0.494s] -- The CXX compiler identification is GNU 11.4.0
[0.494s] -- Detecting C compiler ABI info
[0.494s] -- Detecting C compiler ABI info - done
[0.494s] -- Check for working C compiler: /usr/bin/cc - skipped
[0.494s] -- Detecting C compile features
[0.494s] -- Detecting C compile features - done
[0.494s] -- Detecting CXX compiler ABI info
[0.494s] -- Detecting CXX compiler ABI info - done
[0.494s] [0mCMake Deprecation Warning at CMakeLists.txt:4 (cmake_minimum_required):
[0.494s]   Compatibility with CMake < 2.8.12 will be removed from a future version of
[0.494s]   CMake.
[0.494s] 
[0.494s]   Update the VERSION argument <min> value or use a ...<max> suffix to tell
[0.494s]   CMake that the project does not need compatibility with older versions.
[0.494s] 
[0.494s] [0m
[0.499s] -- Check for working CXX compiler: /usr/bin/c++ - skipped
[0.499s] -- Detecting CXX compile features
[0.499s] -- Detecting CXX compile features - done
[0.506s] [31mCMake Error at CMakeLists.txt:10 (find_package):
[0.507s]   By not providing "Findcatkin.cmake" in CMAKE_MODULE_PATH this project has
[0.507s]   asked CMake to find a package configuration file provided by "catkin", but
[0.507s]   CMake did not find one.
[0.507s] 
[0.507s]   Could not find a package configuration file provided by "catkin" with any
[0.507s]   of the following names:
[0.507s] 
[0.507s]     catkinConfig.cmake
[0.507s]     catkin-config.cmake
[0.507s] 
[0.507s]   Add the installation prefix of "catkin" to CMAKE_PREFIX_PATH or set
[0.507s]   "catkin_DIR" to a directory containing one of the above files.  If "catkin"
[0.507s]   provides a separate development package or SDK, be sure it has been
[0.507s]   installed.
[0.507s] 
[0.507s] [0m
[0.507s] -- Configuring incomplete, errors occurred!
[0.507s] See also "/home/autolab/ros2_ws/build/turtlebot3_description/CMakeFiles/CMakeOutput.log".
[0.509s] Invoked command in '/home/autolab/ros2_ws/build/turtlebot3_description' returned '1': /usr/bin/cmake /home/autolab/ros2_ws/src/turtlebot3/turtlebot3_description -DCATKIN_INSTALL_INTO_PREFIX_ROOT=0 -DCATKIN_SYMLINK_INSTALL=ON -DCMAKE_INSTALL_PREFIX=/home/autolab/ros2_ws/install/turtlebot3_description
