[0.411s] Invoking command in '/home/autolab/ros2_ws/build/turtlebot3_node': CMAKE_PREFIX_PATH=/home/autolab/ros2_ws/install/turtlebot3:/home/autolab/ros2_ws/install/turtlebot3_bringup:/home/autolab/ros2_ws/install/turtlebot3_node:/home/autolab/ros2_ws/install/turtlebot3_navigation2:/home/autolab/ros2_ws/install/turtlebot3_gazebo:/home/autolab/ros2_ws/install/turtlebot3_fake_node:/home/autolab/ros2_ws/install/turtlebot3_teleop:/home/autolab/ros2_ws/install/turtlebot3_example:/home/autolab/ros2_ws/install/my_robot_controller:/opt/ros/humble:/home/autolab/ros2_ws/install/turtlebot3_description:/home/autolab/ros2_ws/install/turtlebot3_cartographer /usr/bin/cmake --build /home/autolab/ros2_ws/build/turtlebot3_node -- -j20 -l20
[1.078s] [ 85%] Built target turtlebot3_node_lib
[1.078s] [100%] Built target turtlebot3_ros
[1.083s] Invoked command in '/home/autolab/ros2_ws/build/turtlebot3_node' returned '0': CMAKE_PREFIX_PATH=/home/autolab/ros2_ws/install/turtlebot3:/home/autolab/ros2_ws/install/turtlebot3_bringup:/home/autolab/ros2_ws/install/turtlebot3_node:/home/autolab/ros2_ws/install/turtlebot3_navigation2:/home/autolab/ros2_ws/install/turtlebot3_gazebo:/home/autolab/ros2_ws/install/turtlebot3_fake_node:/home/autolab/ros2_ws/install/turtlebot3_teleop:/home/autolab/ros2_ws/install/turtlebot3_example:/home/autolab/ros2_ws/install/my_robot_controller:/opt/ros/humble:/home/autolab/ros2_ws/install/turtlebot3_description:/home/autolab/ros2_ws/install/turtlebot3_cartographer /usr/bin/cmake --build /home/autolab/ros2_ws/build/turtlebot3_node -- -j20 -l20
[1.112s] Invoking command in '/home/autolab/ros2_ws/build/turtlebot3_node': CMAKE_PREFIX_PATH=/home/autolab/ros2_ws/install/turtlebot3:/home/autolab/ros2_ws/install/turtlebot3_bringup:/home/autolab/ros2_ws/install/turtlebot3_node:/home/autolab/ros2_ws/install/turtlebot3_navigation2:/home/autolab/ros2_ws/install/turtlebot3_gazebo:/home/autolab/ros2_ws/install/turtlebot3_fake_node:/home/autolab/ros2_ws/install/turtlebot3_teleop:/home/autolab/ros2_ws/install/turtlebot3_example:/home/autolab/ros2_ws/install/my_robot_controller:/opt/ros/humble:/home/autolab/ros2_ws/install/turtlebot3_description:/home/autolab/ros2_ws/install/turtlebot3_cartographer /usr/bin/cmake --install /home/autolab/ros2_ws/build/turtlebot3_node
[1.116s] -- Install configuration: ""
[1.116s] -- Execute custom install script
[1.117s] -- Up-to-date symlink: /home/autolab/ros2_ws/install/turtlebot3_node/share/turtlebot3_node/param/burger.yaml
[1.117s] -- Up-to-date symlink: /home/autolab/ros2_ws/install/turtlebot3_node/share/turtlebot3_node/param/waffle.yaml
[1.117s] -- Up-to-date symlink: /home/autolab/ros2_ws/install/turtlebot3_node/share/turtlebot3_node/param/waffle_pi.yaml
[1.117s] -- Up-to-date symlink: /home/autolab/ros2_ws/install/turtlebot3_node/lib/turtlebot3_node/turtlebot3_ros
[1.117s] -- Up-to-date symlink: /home/autolab/ros2_ws/install/turtlebot3_node/share/ament_index/resource_index/package_run_dependencies/turtlebot3_node
[1.118s] -- Up-to-date symlink: /home/autolab/ros2_ws/install/turtlebot3_node/share/ament_index/resource_index/parent_prefix_path/turtlebot3_node
[1.118s] -- Up-to-date symlink: /home/autolab/ros2_ws/install/turtlebot3_node/share/turtlebot3_node/environment/ament_prefix_path.sh
[1.118s] -- Up-to-date symlink: /home/autolab/ros2_ws/install/turtlebot3_node/share/turtlebot3_node/environment/ament_prefix_path.dsv
[1.118s] -- Up-to-date symlink: /home/autolab/ros2_ws/install/turtlebot3_node/share/turtlebot3_node/environment/path.sh
[1.118s] -- Up-to-date symlink: /home/autolab/ros2_ws/install/turtlebot3_node/share/turtlebot3_node/environment/path.dsv
[1.118s] -- Up-to-date symlink: /home/autolab/ros2_ws/install/turtlebot3_node/share/turtlebot3_node/local_setup.bash
[1.118s] -- Up-to-date symlink: /home/autolab/ros2_ws/install/turtlebot3_node/share/turtlebot3_node/local_setup.sh
[1.118s] -- Up-to-date symlink: /home/autolab/ros2_ws/install/turtlebot3_node/share/turtlebot3_node/local_setup.zsh
[1.119s] -- Up-to-date symlink: /home/autolab/ros2_ws/install/turtlebot3_node/share/turtlebot3_node/local_setup.dsv
[1.119s] -- Symlinking: /home/autolab/ros2_ws/install/turtlebot3_node/share/turtlebot3_node/package.dsv
[1.123s] -- Up-to-date symlink: /home/autolab/ros2_ws/install/turtlebot3_node/share/ament_index/resource_index/packages/turtlebot3_node
[1.124s] -- Up-to-date symlink: /home/autolab/ros2_ws/install/turtlebot3_node/share/turtlebot3_node/cmake/ament_cmake_export_include_directories-extras.cmake
[1.124s] -- Up-to-date symlink: /home/autolab/ros2_ws/install/turtlebot3_node/share/turtlebot3_node/cmake/turtlebot3_nodeConfig.cmake
[1.124s] -- Up-to-date symlink: /home/autolab/ros2_ws/install/turtlebot3_node/share/turtlebot3_node/cmake/turtlebot3_nodeConfig-version.cmake
[1.124s] -- Up-to-date symlink: /home/autolab/ros2_ws/install/turtlebot3_node/share/turtlebot3_node/package.xml
[1.222s] Invoked command in '/home/autolab/ros2_ws/build/turtlebot3_node' returned '0': CMAKE_PREFIX_PATH=/home/autolab/ros2_ws/install/turtlebot3:/home/autolab/ros2_ws/install/turtlebot3_bringup:/home/autolab/ros2_ws/install/turtlebot3_node:/home/autolab/ros2_ws/install/turtlebot3_navigation2:/home/autolab/ros2_ws/install/turtlebot3_gazebo:/home/autolab/ros2_ws/install/turtlebot3_fake_node:/home/autolab/ros2_ws/install/turtlebot3_teleop:/home/autolab/ros2_ws/install/turtlebot3_example:/home/autolab/ros2_ws/install/my_robot_controller:/opt/ros/humble:/home/autolab/ros2_ws/install/turtlebot3_description:/home/autolab/ros2_ws/install/turtlebot3_cartographer /usr/bin/cmake --install /home/autolab/ros2_ws/build/turtlebot3_node
