[1.464s] Invoking command in '/home/autolab/ros2_ws/src/turtlebot3/turtlebot3_example': PYTHONPATH=/home/autolab/ros2_ws/build/turtlebot3_example/prefix_override:/home/autolab/ros2_ws/install/turtlebot3_example/lib/python3.10/site-packages:${PYTHONPATH} /usr/bin/python3 setup.py egg_info --egg-base ../../../build/turtlebot3_example build --build-base /home/autolab/ros2_ws/build/turtlebot3_example/build install --record /home/autolab/ros2_ws/build/turtlebot3_example/install.log --single-version-externally-managed
[1.631s] running egg_info
[1.631s] writing ../../../build/turtlebot3_example/turtlebot3_example.egg-info/PKG-INFO
[1.632s] writing dependency_links to ../../../build/turtlebot3_example/turtlebot3_example.egg-info/dependency_links.txt
[1.633s] writing entry points to ../../../build/turtlebot3_example/turtlebot3_example.egg-info/entry_points.txt
[1.633s] writing requirements to ../../../build/turtlebot3_example/turtlebot3_example.egg-info/requires.txt
[1.633s] writing top-level names to ../../../build/turtlebot3_example/turtlebot3_example.egg-info/top_level.txt
[1.633s] reading manifest file '../../../build/turtlebot3_example/turtlebot3_example.egg-info/SOURCES.txt'
[1.636s] writing manifest file '../../../build/turtlebot3_example/turtlebot3_example.egg-info/SOURCES.txt'
[1.636s] running build
[1.636s] running build_py
[1.636s] running install
[1.636s] running install_lib
[1.636s] running install_data
[1.636s] running install_egg_info
[1.637s] removing '/home/autolab/ros2_ws/install/turtlebot3_example/lib/python3.10/site-packages/turtlebot3_example-2.1.5-py3.10.egg-info' (and everything under it)
[1.637s] Copying ../../../build/turtlebot3_example/turtlebot3_example.egg-info to /home/autolab/ros2_ws/install/turtlebot3_example/lib/python3.10/site-packages/turtlebot3_example-2.1.5-py3.10.egg-info
[1.637s] running install_scripts
[1.649s] Installing turtlebot3_obstacle_detection script to /home/autolab/ros2_ws/install/turtlebot3_example/lib/turtlebot3_example
[1.649s] Installing turtlebot3_patrol_client script to /home/autolab/ros2_ws/install/turtlebot3_example/lib/turtlebot3_example
[1.650s] Installing turtlebot3_patrol_server script to /home/autolab/ros2_ws/install/turtlebot3_example/lib/turtlebot3_example
[1.650s] Installing turtlebot3_position_control script to /home/autolab/ros2_ws/install/turtlebot3_example/lib/turtlebot3_example
[1.650s] writing list of installed files to '/home/autolab/ros2_ws/build/turtlebot3_example/install.log'
[1.705s] Invoked command in '/home/autolab/ros2_ws/src/turtlebot3/turtlebot3_example' returned '0': PYTHONPATH=/home/autolab/ros2_ws/build/turtlebot3_example/prefix_override:/home/autolab/ros2_ws/install/turtlebot3_example/lib/python3.10/site-packages:${PYTHONPATH} /usr/bin/python3 setup.py egg_info --egg-base ../../../build/turtlebot3_example build --build-base /home/autolab/ros2_ws/build/turtlebot3_example/build install --record /home/autolab/ros2_ws/build/turtlebot3_example/install.log --single-version-externally-managed
