[0.479s] Invoking command in '/home/autolab/ros2_ws/src/my_robot_controller': PYTHONPATH=/home/autolab/ros2_ws/build/my_robot_controller/prefix_override:/home/autolab/ros2_ws/install/my_robot_controller/lib/python3.10/site-packages:${PYTHONPATH} /usr/bin/python3 setup.py egg_info --egg-base ../../build/my_robot_controller build --build-base /home/autolab/ros2_ws/build/my_robot_controller/build install --record /home/autolab/ros2_ws/build/my_robot_controller/install.log --single-version-externally-managed
[0.635s] running egg_info
[0.635s] writing ../../build/my_robot_controller/my_robot_controller.egg-info/PKG-INFO
[0.635s] writing dependency_links to ../../build/my_robot_controller/my_robot_controller.egg-info/dependency_links.txt
[0.635s] writing entry points to ../../build/my_robot_controller/my_robot_controller.egg-info/entry_points.txt
[0.635s] writing requirements to ../../build/my_robot_controller/my_robot_controller.egg-info/requires.txt
[0.636s] writing top-level names to ../../build/my_robot_controller/my_robot_controller.egg-info/top_level.txt
[0.636s] reading manifest file '../../build/my_robot_controller/my_robot_controller.egg-info/SOURCES.txt'
[0.637s] writing manifest file '../../build/my_robot_controller/my_robot_controller.egg-info/SOURCES.txt'
[0.637s] running build
[0.637s] running build_py
[0.637s] running install
[0.637s] running install_lib
[0.638s] running install_data
[0.638s] running install_egg_info
[0.639s] removing '/home/autolab/ros2_ws/install/my_robot_controller/lib/python3.10/site-packages/my_robot_controller-0.0.0-py3.10.egg-info' (and everything under it)
[0.639s] Copying ../../build/my_robot_controller/my_robot_controller.egg-info to /home/autolab/ros2_ws/install/my_robot_controller/lib/python3.10/site-packages/my_robot_controller-0.0.0-py3.10.egg-info
[0.640s] running install_scripts
[0.652s] writing list of installed files to '/home/autolab/ros2_ws/build/my_robot_controller/install.log'
[0.665s] Invoked command in '/home/autolab/ros2_ws/src/my_robot_controller' returned '0': PYTHONPATH=/home/autolab/ros2_ws/build/my_robot_controller/prefix_override:/home/autolab/ros2_ws/install/my_robot_controller/lib/python3.10/site-packages:${PYTHONPATH} /usr/bin/python3 setup.py egg_info --egg-base ../../build/my_robot_controller build --build-base /home/autolab/ros2_ws/build/my_robot_controller/build install --record /home/autolab/ros2_ws/build/my_robot_controller/install.log --single-version-externally-managed
