[0.323s] Invoking command in '/home/autolab/ros2_ws/build/turtlebot3_fake_node': CMAKE_PREFIX_PATH=${CMAKE_PREFIX_PATH}:/home/autolab/ros2_ws/install/my_robot_controller:/opt/ros/humble /usr/bin/cmake --build /home/autolab/ros2_ws/build/turtlebot3_fake_node -- -j20 -l20
[0.355s] [100%] Built target turtlebot3_fake_node
[0.361s] Invoked command in '/home/autolab/ros2_ws/build/turtlebot3_fake_node' returned '0': CMAKE_PREFIX_PATH=${CMAKE_PREFIX_PATH}:/home/autolab/ros2_ws/install/my_robot_controller:/opt/ros/humble /usr/bin/cmake --build /home/autolab/ros2_ws/build/turtlebot3_fake_node -- -j20 -l20
[0.381s] Invoking command in '/home/autolab/ros2_ws/build/turtlebot3_fake_node': CMAKE_PREFIX_PATH=${CMAKE_PREFIX_PATH}:/home/autolab/ros2_ws/install/my_robot_controller:/opt/ros/humble /usr/bin/cmake --install /home/autolab/ros2_ws/build/turtlebot3_fake_node
[0.386s] -- Install configuration: ""
[0.386s] -- Execute custom install script
[0.386s] -- Up-to-date symlink: /home/autolab/ros2_ws/install/turtlebot3_fake_node/lib/turtlebot3_fake_node/turtlebot3_fake_node
[0.387s] -- Up-to-date symlink: /home/autolab/ros2_ws/install/turtlebot3_fake_node/share/turtlebot3_fake_node/launch/rviz2.launch.py
[0.387s] -- Up-to-date symlink: /home/autolab/ros2_ws/install/turtlebot3_fake_node/share/turtlebot3_fake_node/launch/turtlebot3_fake_node.launch.py
[0.387s] -- Up-to-date symlink: /home/autolab/ros2_ws/install/turtlebot3_fake_node/share/turtlebot3_fake_node/param/burger.yaml
[0.387s] -- Up-to-date symlink: /home/autolab/ros2_ws/install/turtlebot3_fake_node/share/turtlebot3_fake_node/param/waffle.yaml
[0.387s] -- Up-to-date symlink: /home/autolab/ros2_ws/install/turtlebot3_fake_node/share/turtlebot3_fake_node/param/waffle_pi.yaml
[0.387s] -- Up-to-date symlink: /home/autolab/ros2_ws/install/turtlebot3_fake_node/include//turtlebot3_fake_node/turtlebot3_fake_node.hpp
[0.387s] -- Up-to-date symlink: /home/autolab/ros2_ws/install/turtlebot3_fake_node/share/ament_index/resource_index/package_run_dependencies/turtlebot3_fake_node
[0.387s] -- Up-to-date symlink: /home/autolab/ros2_ws/install/turtlebot3_fake_node/share/ament_index/resource_index/parent_prefix_path/turtlebot3_fake_node
[0.387s] -- Up-to-date symlink: /home/autolab/ros2_ws/install/turtlebot3_fake_node/share/turtlebot3_fake_node/environment/ament_prefix_path.sh
[0.387s] -- Up-to-date symlink: /home/autolab/ros2_ws/install/turtlebot3_fake_node/share/turtlebot3_fake_node/environment/ament_prefix_path.dsv
[0.387s] -- Up-to-date symlink: /home/autolab/ros2_ws/install/turtlebot3_fake_node/share/turtlebot3_fake_node/environment/path.sh
[0.387s] -- Up-to-date symlink: /home/autolab/ros2_ws/install/turtlebot3_fake_node/share/turtlebot3_fake_node/environment/path.dsv
[0.388s] -- Up-to-date symlink: /home/autolab/ros2_ws/install/turtlebot3_fake_node/share/turtlebot3_fake_node/local_setup.bash
[0.388s] -- Up-to-date symlink: /home/autolab/ros2_ws/install/turtlebot3_fake_node/share/turtlebot3_fake_node/local_setup.sh
[0.388s] -- Up-to-date symlink: /home/autolab/ros2_ws/install/turtlebot3_fake_node/share/turtlebot3_fake_node/local_setup.zsh
[0.388s] -- Up-to-date symlink: /home/autolab/ros2_ws/install/turtlebot3_fake_node/share/turtlebot3_fake_node/local_setup.dsv
[0.388s] -- Symlinking: /home/autolab/ros2_ws/install/turtlebot3_fake_node/share/turtlebot3_fake_node/package.dsv
[0.393s] -- Up-to-date symlink: /home/autolab/ros2_ws/install/turtlebot3_fake_node/share/ament_index/resource_index/packages/turtlebot3_fake_node
[0.393s] -- Up-to-date symlink: /home/autolab/ros2_ws/install/turtlebot3_fake_node/share/turtlebot3_fake_node/cmake/ament_cmake_export_include_directories-extras.cmake
[0.393s] -- Up-to-date symlink: /home/autolab/ros2_ws/install/turtlebot3_fake_node/share/turtlebot3_fake_node/cmake/ament_cmake_export_dependencies-extras.cmake
[0.393s] -- Up-to-date symlink: /home/autolab/ros2_ws/install/turtlebot3_fake_node/share/turtlebot3_fake_node/cmake/turtlebot3_fake_nodeConfig.cmake
[0.393s] -- Up-to-date symlink: /home/autolab/ros2_ws/install/turtlebot3_fake_node/share/turtlebot3_fake_node/cmake/turtlebot3_fake_nodeConfig-version.cmake
[0.393s] -- Up-to-date symlink: /home/autolab/ros2_ws/install/turtlebot3_fake_node/share/turtlebot3_fake_node/package.xml
[0.394s] Invoked command in '/home/autolab/ros2_ws/build/turtlebot3_fake_node' returned '0': CMAKE_PREFIX_PATH=${CMAKE_PREFIX_PATH}:/home/autolab/ros2_ws/install/my_robot_controller:/opt/ros/humble /usr/bin/cmake --install /home/autolab/ros2_ws/build/turtlebot3_fake_node
