[0.384s] Invoking command in '/home/autolab/ros2_ws/build/turtlebot3_cartographer': CMAKE_PREFIX_PATH=/home/autolab/ros2_ws/install/turtlebot3:/home/autolab/ros2_ws/install/turtlebot3_bringup:/home/autolab/ros2_ws/install/turtlebot3_node:/home/autolab/ros2_ws/install/turtlebot3_navigation2:/home/autolab/ros2_ws/install/turtlebot3_gazebo:/home/autolab/ros2_ws/install/turtlebot3_fake_node:/home/autolab/ros2_ws/install/turtlebot3_teleop:/home/autolab/ros2_ws/install/turtlebot3_example:/home/autolab/ros2_ws/install/my_robot_controller:/opt/ros/humble:/home/autolab/ros2_ws/install/turtlebot3_description:/home/autolab/ros2_ws/install/turtlebot3_cartographer /usr/bin/cmake --build /home/autolab/ros2_ws/build/turtlebot3_cartographer -- -j20 -l20
[1.084s] Invoked command in '/home/autolab/ros2_ws/build/turtlebot3_cartographer' returned '0': CMAKE_PREFIX_PATH=/home/autolab/ros2_ws/install/turtlebot3:/home/autolab/ros2_ws/install/turtlebot3_bringup:/home/autolab/ros2_ws/install/turtlebot3_node:/home/autolab/ros2_ws/install/turtlebot3_navigation2:/home/autolab/ros2_ws/install/turtlebot3_gazebo:/home/autolab/ros2_ws/install/turtlebot3_fake_node:/home/autolab/ros2_ws/install/turtlebot3_teleop:/home/autolab/ros2_ws/install/turtlebot3_example:/home/autolab/ros2_ws/install/my_robot_controller:/opt/ros/humble:/home/autolab/ros2_ws/install/turtlebot3_description:/home/autolab/ros2_ws/install/turtlebot3_cartographer /usr/bin/cmake --build /home/autolab/ros2_ws/build/turtlebot3_cartographer -- -j20 -l20
[1.114s] Invoking command in '/home/autolab/ros2_ws/build/turtlebot3_cartographer': CMAKE_PREFIX_PATH=/home/autolab/ros2_ws/install/turtlebot3:/home/autolab/ros2_ws/install/turtlebot3_bringup:/home/autolab/ros2_ws/install/turtlebot3_node:/home/autolab/ros2_ws/install/turtlebot3_navigation2:/home/autolab/ros2_ws/install/turtlebot3_gazebo:/home/autolab/ros2_ws/install/turtlebot3_fake_node:/home/autolab/ros2_ws/install/turtlebot3_teleop:/home/autolab/ros2_ws/install/turtlebot3_example:/home/autolab/ros2_ws/install/my_robot_controller:/opt/ros/humble:/home/autolab/ros2_ws/install/turtlebot3_description:/home/autolab/ros2_ws/install/turtlebot3_cartographer /usr/bin/cmake --install /home/autolab/ros2_ws/build/turtlebot3_cartographer
[1.121s] -- Install configuration: ""
[1.121s] -- Execute custom install script
[1.123s] -- Up-to-date symlink: /home/autolab/ros2_ws/install/turtlebot3_cartographer/share/turtlebot3_cartographer/config/turtlebot3_lds_2d.lua
[1.123s] -- Up-to-date symlink: /home/autolab/ros2_ws/install/turtlebot3_cartographer/share/turtlebot3_cartographer/launch/cartographer.launch.py
[1.123s] -- Up-to-date symlink: /home/autolab/ros2_ws/install/turtlebot3_cartographer/share/turtlebot3_cartographer/launch/occupancy_grid.launch.py
[1.123s] -- Up-to-date symlink: /home/autolab/ros2_ws/install/turtlebot3_cartographer/share/turtlebot3_cartographer/rviz/tb3_cartographer.rviz
[1.123s] -- Up-to-date symlink: /home/autolab/ros2_ws/install/turtlebot3_cartographer/share/ament_index/resource_index/package_run_dependencies/turtlebot3_cartographer
[1.123s] -- Up-to-date symlink: /home/autolab/ros2_ws/install/turtlebot3_cartographer/share/ament_index/resource_index/parent_prefix_path/turtlebot3_cartographer
[1.123s] -- Up-to-date symlink: /home/autolab/ros2_ws/install/turtlebot3_cartographer/share/turtlebot3_cartographer/environment/ament_prefix_path.sh
[1.124s] -- Up-to-date symlink: /home/autolab/ros2_ws/install/turtlebot3_cartographer/share/turtlebot3_cartographer/environment/ament_prefix_path.dsv
[1.124s] -- Up-to-date symlink: /home/autolab/ros2_ws/install/turtlebot3_cartographer/share/turtlebot3_cartographer/environment/path.sh
[1.124s] -- Up-to-date symlink: /home/autolab/ros2_ws/install/turtlebot3_cartographer/share/turtlebot3_cartographer/environment/path.dsv
[1.124s] -- Up-to-date symlink: /home/autolab/ros2_ws/install/turtlebot3_cartographer/share/turtlebot3_cartographer/local_setup.bash
[1.125s] -- Up-to-date symlink: /home/autolab/ros2_ws/install/turtlebot3_cartographer/share/turtlebot3_cartographer/local_setup.sh
[1.125s] -- Up-to-date symlink: /home/autolab/ros2_ws/install/turtlebot3_cartographer/share/turtlebot3_cartographer/local_setup.zsh
[1.125s] -- Up-to-date symlink: /home/autolab/ros2_ws/install/turtlebot3_cartographer/share/turtlebot3_cartographer/local_setup.dsv
[1.125s] -- Symlinking: /home/autolab/ros2_ws/install/turtlebot3_cartographer/share/turtlebot3_cartographer/package.dsv
[1.133s] -- Up-to-date symlink: /home/autolab/ros2_ws/install/turtlebot3_cartographer/share/ament_index/resource_index/packages/turtlebot3_cartographer
[1.134s] -- Up-to-date symlink: /home/autolab/ros2_ws/install/turtlebot3_cartographer/share/turtlebot3_cartographer/cmake/turtlebot3_cartographerConfig.cmake
[1.134s] -- Up-to-date symlink: /home/autolab/ros2_ws/install/turtlebot3_cartographer/share/turtlebot3_cartographer/cmake/turtlebot3_cartographerConfig-version.cmake
[1.134s] -- Up-to-date symlink: /home/autolab/ros2_ws/install/turtlebot3_cartographer/share/turtlebot3_cartographer/package.xml
[1.206s] Invoked command in '/home/autolab/ros2_ws/build/turtlebot3_cartographer' returned '0': CMAKE_PREFIX_PATH=/home/autolab/ros2_ws/install/turtlebot3:/home/autolab/ros2_ws/install/turtlebot3_bringup:/home/autolab/ros2_ws/install/turtlebot3_node:/home/autolab/ros2_ws/install/turtlebot3_navigation2:/home/autolab/ros2_ws/install/turtlebot3_gazebo:/home/autolab/ros2_ws/install/turtlebot3_fake_node:/home/autolab/ros2_ws/install/turtlebot3_teleop:/home/autolab/ros2_ws/install/turtlebot3_example:/home/autolab/ros2_ws/install/my_robot_controller:/opt/ros/humble:/home/autolab/ros2_ws/install/turtlebot3_description:/home/autolab/ros2_ws/install/turtlebot3_cartographer /usr/bin/cmake --install /home/autolab/ros2_ws/build/turtlebot3_cartographer
