[0.745s] DEBUG:colcon:Command line arguments: ['/usr/bin/colcon', 'list', '-p', '--base-paths', '/home/autolab/ros2_ws']
[0.745s] DEBUG:colcon:Parsed command line arguments: Namespace(log_base=None, log_level=None, verb_name='list', build_base='build', ignore_user_meta=False, metas=['./colcon.meta'], base_paths=['/home/autolab/ros2_ws'], packages_ignore=None, packages_ignore_regex=None, paths=None, packages_up_to=None, packages_up_to_regex=None, packages_above=None, packages_above_and_dependencies=None, packages_above_depth=None, packages_select_by_dep=None, packages_skip_by_dep=None, packages_skip_up_to=None, packages_select_build_failed=False, packages_skip_build_finished=False, packages_select_test_failures=False, packages_skip_test_passed=False, packages_select=None, packages_skip=None, packages_select_regex=None, packages_skip_regex=None, packages_start=None, packages_end=None, allow_overriding=[], topological_order=False, names_only=False, paths_only=True, topological_graph=False, topological_graph_dot=False, topological_graph_density=False, topological_graph_legend=False, topological_graph_dot_cluster=False, topological_graph_dot_include_skipped=False, mixin_files=None, mixin=None, verb_parser=<colcon_mixin.mixin.mixin_argument.MixinArgumentDecorator object at 0x7f1249638430>, verb_extension=<colcon_package_information.verb.list.ListVerb object at 0x7f12498c3df0>, main=<bound method ListVerb.main of <colcon_package_information.verb.list.ListVerb object at 0x7f12498c3df0>>, mixin_verb=('list',))
[0.775s] Level 1:colcon.colcon_core.package_discovery:discover_packages(colcon_meta) check parameters
[0.775s] Level 1:colcon.colcon_core.package_discovery:discover_packages(recursive) check parameters
[0.775s] Level 1:colcon.colcon_core.package_discovery:discover_packages(ignore) check parameters
[0.775s] Level 1:colcon.colcon_core.package_discovery:discover_packages(path) check parameters
[0.775s] Level 1:colcon.colcon_core.package_discovery:discover_packages(recursive) discover
[0.775s] INFO:colcon.colcon_core.package_discovery:Crawling recursively for packages in '/home/autolab/ros2_ws'
[0.775s] Level 1:colcon.colcon_core.package_identification:_identify(/home/autolab/ros2_ws) by extensions ['ignore', 'ignore_ament_install']
[0.775s] Level 1:colcon.colcon_core.package_identification:_identify(/home/autolab/ros2_ws) by extension 'ignore'
[0.775s] Level 1:colcon.colcon_core.package_identification:_identify(/home/autolab/ros2_ws) by extension 'ignore_ament_install'
[0.775s] Level 1:colcon.colcon_core.package_identification:_identify(/home/autolab/ros2_ws) by extensions ['colcon_pkg']
[0.775s] Level 1:colcon.colcon_core.package_identification:_identify(/home/autolab/ros2_ws) by extension 'colcon_pkg'
[0.775s] Level 1:colcon.colcon_core.package_identification:_identify(/home/autolab/ros2_ws) by extensions ['colcon_meta']
[0.775s] Level 1:colcon.colcon_core.package_identification:_identify(/home/autolab/ros2_ws) by extension 'colcon_meta'
[0.775s] Level 1:colcon.colcon_core.package_identification:_identify(/home/autolab/ros2_ws) by extensions ['ros']
[0.776s] Level 1:colcon.colcon_core.package_identification:_identify(/home/autolab/ros2_ws) by extension 'ros'
[0.783s] Level 1:colcon.colcon_core.package_identification:_identify(/home/autolab/ros2_ws) by extensions ['cmake', 'python']
[0.783s] Level 1:colcon.colcon_core.package_identification:_identify(/home/autolab/ros2_ws) by extension 'cmake'
[0.783s] Level 1:colcon.colcon_core.package_identification:_identify(/home/autolab/ros2_ws) by extension 'python'
[0.783s] Level 1:colcon.colcon_core.package_identification:_identify(/home/autolab/ros2_ws) by extensions ['python_setup_py']
[0.783s] Level 1:colcon.colcon_core.package_identification:_identify(/home/autolab/ros2_ws) by extension 'python_setup_py'
[0.783s] Level 1:colcon.colcon_core.package_identification:_identify(/home/autolab/ros2_ws/build) by extensions ['ignore', 'ignore_ament_install']
[0.783s] Level 1:colcon.colcon_core.package_identification:_identify(/home/autolab/ros2_ws/build) by extension 'ignore'
[0.783s] Level 1:colcon.colcon_core.package_identification:_identify(/home/autolab/ros2_ws/build) ignored
[0.783s] Level 1:colcon.colcon_core.package_identification:_identify(/home/autolab/ros2_ws/install) by extensions ['ignore', 'ignore_ament_install']
[0.783s] Level 1:colcon.colcon_core.package_identification:_identify(/home/autolab/ros2_ws/install) by extension 'ignore'
[0.783s] Level 1:colcon.colcon_core.package_identification:_identify(/home/autolab/ros2_ws/install) ignored
[0.783s] Level 1:colcon.colcon_core.package_identification:_identify(/home/autolab/ros2_ws/log) by extensions ['ignore', 'ignore_ament_install']
[0.783s] Level 1:colcon.colcon_core.package_identification:_identify(/home/autolab/ros2_ws/log) by extension 'ignore'
[0.783s] Level 1:colcon.colcon_core.package_identification:_identify(/home/autolab/ros2_ws/log) ignored
[0.783s] Level 1:colcon.colcon_core.package_identification:_identify(/home/autolab/ros2_ws/src) by extensions ['ignore', 'ignore_ament_install']
[0.783s] Level 1:colcon.colcon_core.package_identification:_identify(/home/autolab/ros2_ws/src) by extension 'ignore'
[0.783s] Level 1:colcon.colcon_core.package_identification:_identify(/home/autolab/ros2_ws/src) by extension 'ignore_ament_install'
[0.783s] Level 1:colcon.colcon_core.package_identification:_identify(/home/autolab/ros2_ws/src) by extensions ['colcon_pkg']
[0.783s] Level 1:colcon.colcon_core.package_identification:_identify(/home/autolab/ros2_ws/src) by extension 'colcon_pkg'
[0.783s] Level 1:colcon.colcon_core.package_identification:_identify(/home/autolab/ros2_ws/src) by extensions ['colcon_meta']
[0.783s] Level 1:colcon.colcon_core.package_identification:_identify(/home/autolab/ros2_ws/src) by extension 'colcon_meta'
[0.783s] Level 1:colcon.colcon_core.package_identification:_identify(/home/autolab/ros2_ws/src) by extensions ['ros']
[0.783s] Level 1:colcon.colcon_core.package_identification:_identify(/home/autolab/ros2_ws/src) by extension 'ros'
[0.783s] Level 1:colcon.colcon_core.package_identification:_identify(/home/autolab/ros2_ws/src) by extensions ['cmake', 'python']
[0.783s] Level 1:colcon.colcon_core.package_identification:_identify(/home/autolab/ros2_ws/src) by extension 'cmake'
[0.784s] Level 1:colcon.colcon_core.package_identification:_identify(/home/autolab/ros2_ws/src) by extension 'python'
[0.784s] Level 1:colcon.colcon_core.package_identification:_identify(/home/autolab/ros2_ws/src) by extensions ['python_setup_py']
[0.784s] Level 1:colcon.colcon_core.package_identification:_identify(/home/autolab/ros2_ws/src) by extension 'python_setup_py'
[0.784s] Level 1:colcon.colcon_core.package_identification:_identify(/home/autolab/ros2_ws/src/my_robot_controller) by extensions ['ignore', 'ignore_ament_install']
[0.784s] Level 1:colcon.colcon_core.package_identification:_identify(/home/autolab/ros2_ws/src/my_robot_controller) by extension 'ignore'
[0.784s] Level 1:colcon.colcon_core.package_identification:_identify(/home/autolab/ros2_ws/src/my_robot_controller) by extension 'ignore_ament_install'
[0.784s] Level 1:colcon.colcon_core.package_identification:_identify(/home/autolab/ros2_ws/src/my_robot_controller) by extensions ['colcon_pkg']
[0.784s] Level 1:colcon.colcon_core.package_identification:_identify(/home/autolab/ros2_ws/src/my_robot_controller) by extension 'colcon_pkg'
[0.784s] Level 1:colcon.colcon_core.package_identification:_identify(/home/autolab/ros2_ws/src/my_robot_controller) by extensions ['colcon_meta']
[0.784s] Level 1:colcon.colcon_core.package_identification:_identify(/home/autolab/ros2_ws/src/my_robot_controller) by extension 'colcon_meta'
[0.784s] Level 1:colcon.colcon_core.package_identification:_identify(/home/autolab/ros2_ws/src/my_robot_controller) by extensions ['ros']
[0.784s] Level 1:colcon.colcon_core.package_identification:_identify(/home/autolab/ros2_ws/src/my_robot_controller) by extension 'ros'
[0.785s] DEBUG:colcon.colcon_core.package_identification:Package '/home/autolab/ros2_ws/src/my_robot_controller' with type 'ros.ament_python' and name 'my_robot_controller'
[0.785s] Level 1:colcon.colcon_core.package_identification:_identify(/home/autolab/ros2_ws/src/turtlebot3) by extensions ['ignore', 'ignore_ament_install']
[0.786s] Level 1:colcon.colcon_core.package_identification:_identify(/home/autolab/ros2_ws/src/turtlebot3) by extension 'ignore'
[0.786s] Level 1:colcon.colcon_core.package_identification:_identify(/home/autolab/ros2_ws/src/turtlebot3) by extension 'ignore_ament_install'
[0.786s] Level 1:colcon.colcon_core.package_identification:_identify(/home/autolab/ros2_ws/src/turtlebot3) by extensions ['colcon_pkg']
[0.786s] Level 1:colcon.colcon_core.package_identification:_identify(/home/autolab/ros2_ws/src/turtlebot3) by extension 'colcon_pkg'
[0.786s] Level 1:colcon.colcon_core.package_identification:_identify(/home/autolab/ros2_ws/src/turtlebot3) by extensions ['colcon_meta']
[0.786s] Level 1:colcon.colcon_core.package_identification:_identify(/home/autolab/ros2_ws/src/turtlebot3) by extension 'colcon_meta'
[0.786s] Level 1:colcon.colcon_core.package_identification:_identify(/home/autolab/ros2_ws/src/turtlebot3) by extensions ['ros']
[0.786s] Level 1:colcon.colcon_core.package_identification:_identify(/home/autolab/ros2_ws/src/turtlebot3) by extension 'ros'
[0.786s] Level 1:colcon.colcon_core.package_identification:_identify(/home/autolab/ros2_ws/src/turtlebot3) by extensions ['cmake', 'python']
[0.786s] Level 1:colcon.colcon_core.package_identification:_identify(/home/autolab/ros2_ws/src/turtlebot3) by extension 'cmake'
[0.786s] Level 1:colcon.colcon_core.package_identification:_identify(/home/autolab/ros2_ws/src/turtlebot3) by extension 'python'
[0.786s] Level 1:colcon.colcon_core.package_identification:_identify(/home/autolab/ros2_ws/src/turtlebot3) by extensions ['python_setup_py']
[0.786s] Level 1:colcon.colcon_core.package_identification:_identify(/home/autolab/ros2_ws/src/turtlebot3) by extension 'python_setup_py'
[0.786s] Level 1:colcon.colcon_core.package_identification:_identify(/home/autolab/ros2_ws/src/turtlebot3/turtlebot3) by extensions ['ignore', 'ignore_ament_install']
[0.786s] Level 1:colcon.colcon_core.package_identification:_identify(/home/autolab/ros2_ws/src/turtlebot3/turtlebot3) by extension 'ignore'
[0.786s] Level 1:colcon.colcon_core.package_identification:_identify(/home/autolab/ros2_ws/src/turtlebot3/turtlebot3) by extension 'ignore_ament_install'
[0.786s] Level 1:colcon.colcon_core.package_identification:_identify(/home/autolab/ros2_ws/src/turtlebot3/turtlebot3) by extensions ['colcon_pkg']
[0.786s] Level 1:colcon.colcon_core.package_identification:_identify(/home/autolab/ros2_ws/src/turtlebot3/turtlebot3) by extension 'colcon_pkg'
[0.786s] Level 1:colcon.colcon_core.package_identification:_identify(/home/autolab/ros2_ws/src/turtlebot3/turtlebot3) by extensions ['colcon_meta']
[0.786s] Level 1:colcon.colcon_core.package_identification:_identify(/home/autolab/ros2_ws/src/turtlebot3/turtlebot3) by extension 'colcon_meta'
[0.786s] Level 1:colcon.colcon_core.package_identification:_identify(/home/autolab/ros2_ws/src/turtlebot3/turtlebot3) by extensions ['ros']
[0.786s] Level 1:colcon.colcon_core.package_identification:_identify(/home/autolab/ros2_ws/src/turtlebot3/turtlebot3) by extension 'ros'
[0.786s] DEBUG:colcon.colcon_core.package_identification:Package '/home/autolab/ros2_ws/src/turtlebot3/turtlebot3' with type 'ros.ament_cmake' and name 'turtlebot3'
[0.787s] Level 1:colcon.colcon_core.package_identification:_identify(/home/autolab/ros2_ws/src/turtlebot3/turtlebot3_bringup) by extensions ['ignore', 'ignore_ament_install']
[0.787s] Level 1:colcon.colcon_core.package_identification:_identify(/home/autolab/ros2_ws/src/turtlebot3/turtlebot3_bringup) by extension 'ignore'
[0.787s] Level 1:colcon.colcon_core.package_identification:_identify(/home/autolab/ros2_ws/src/turtlebot3/turtlebot3_bringup) by extension 'ignore_ament_install'
[0.787s] Level 1:colcon.colcon_core.package_identification:_identify(/home/autolab/ros2_ws/src/turtlebot3/turtlebot3_bringup) by extensions ['colcon_pkg']
[0.787s] Level 1:colcon.colcon_core.package_identification:_identify(/home/autolab/ros2_ws/src/turtlebot3/turtlebot3_bringup) by extension 'colcon_pkg'
[0.787s] Level 1:colcon.colcon_core.package_identification:_identify(/home/autolab/ros2_ws/src/turtlebot3/turtlebot3_bringup) by extensions ['colcon_meta']
[0.787s] Level 1:colcon.colcon_core.package_identification:_identify(/home/autolab/ros2_ws/src/turtlebot3/turtlebot3_bringup) by extension 'colcon_meta'
[0.787s] Level 1:colcon.colcon_core.package_identification:_identify(/home/autolab/ros2_ws/src/turtlebot3/turtlebot3_bringup) by extensions ['ros']
[0.787s] Level 1:colcon.colcon_core.package_identification:_identify(/home/autolab/ros2_ws/src/turtlebot3/turtlebot3_bringup) by extension 'ros'
[0.787s] DEBUG:colcon.colcon_core.package_identification:Package '/home/autolab/ros2_ws/src/turtlebot3/turtlebot3_bringup' with type 'ros.ament_cmake' and name 'turtlebot3_bringup'
[0.787s] Level 1:colcon.colcon_core.package_identification:_identify(/home/autolab/ros2_ws/src/turtlebot3/turtlebot3_cartographer) by extensions ['ignore', 'ignore_ament_install']
[0.787s] Level 1:colcon.colcon_core.package_identification:_identify(/home/autolab/ros2_ws/src/turtlebot3/turtlebot3_cartographer) by extension 'ignore'
[0.787s] Level 1:colcon.colcon_core.package_identification:_identify(/home/autolab/ros2_ws/src/turtlebot3/turtlebot3_cartographer) by extension 'ignore_ament_install'
[0.787s] Level 1:colcon.colcon_core.package_identification:_identify(/home/autolab/ros2_ws/src/turtlebot3/turtlebot3_cartographer) by extensions ['colcon_pkg']
[0.787s] Level 1:colcon.colcon_core.package_identification:_identify(/home/autolab/ros2_ws/src/turtlebot3/turtlebot3_cartographer) by extension 'colcon_pkg'
[0.787s] Level 1:colcon.colcon_core.package_identification:_identify(/home/autolab/ros2_ws/src/turtlebot3/turtlebot3_cartographer) by extensions ['colcon_meta']
[0.787s] Level 1:colcon.colcon_core.package_identification:_identify(/home/autolab/ros2_ws/src/turtlebot3/turtlebot3_cartographer) by extension 'colcon_meta'
[0.787s] Level 1:colcon.colcon_core.package_identification:_identify(/home/autolab/ros2_ws/src/turtlebot3/turtlebot3_cartographer) by extensions ['ros']
[0.787s] Level 1:colcon.colcon_core.package_identification:_identify(/home/autolab/ros2_ws/src/turtlebot3/turtlebot3_cartographer) by extension 'ros'
[0.788s] DEBUG:colcon.colcon_core.package_identification:Package '/home/autolab/ros2_ws/src/turtlebot3/turtlebot3_cartographer' with type 'ros.ament_cmake' and name 'turtlebot3_cartographer'
[0.788s] Level 1:colcon.colcon_core.package_identification:_identify(/home/autolab/ros2_ws/src/turtlebot3/turtlebot3_description) by extensions ['ignore', 'ignore_ament_install']
[0.788s] Level 1:colcon.colcon_core.package_identification:_identify(/home/autolab/ros2_ws/src/turtlebot3/turtlebot3_description) by extension 'ignore'
[0.788s] Level 1:colcon.colcon_core.package_identification:_identify(/home/autolab/ros2_ws/src/turtlebot3/turtlebot3_description) by extension 'ignore_ament_install'
[0.788s] Level 1:colcon.colcon_core.package_identification:_identify(/home/autolab/ros2_ws/src/turtlebot3/turtlebot3_description) by extensions ['colcon_pkg']
[0.788s] Level 1:colcon.colcon_core.package_identification:_identify(/home/autolab/ros2_ws/src/turtlebot3/turtlebot3_description) by extension 'colcon_pkg'
[0.788s] Level 1:colcon.colcon_core.package_identification:_identify(/home/autolab/ros2_ws/src/turtlebot3/turtlebot3_description) by extensions ['colcon_meta']
[0.788s] Level 1:colcon.colcon_core.package_identification:_identify(/home/autolab/ros2_ws/src/turtlebot3/turtlebot3_description) by extension 'colcon_meta'
[0.788s] Level 1:colcon.colcon_core.package_identification:_identify(/home/autolab/ros2_ws/src/turtlebot3/turtlebot3_description) by extensions ['ros']
[0.788s] Level 1:colcon.colcon_core.package_identification:_identify(/home/autolab/ros2_ws/src/turtlebot3/turtlebot3_description) by extension 'ros'
[0.788s] DEBUG:colcon.colcon_core.package_identification:Package '/home/autolab/ros2_ws/src/turtlebot3/turtlebot3_description' with type 'ros.ament_cmake' and name 'turtlebot3_description'
[0.788s] Level 1:colcon.colcon_core.package_identification:_identify(/home/autolab/ros2_ws/src/turtlebot3/turtlebot3_example) by extensions ['ignore', 'ignore_ament_install']
[0.788s] Level 1:colcon.colcon_core.package_identification:_identify(/home/autolab/ros2_ws/src/turtlebot3/turtlebot3_example) by extension 'ignore'
[0.788s] Level 1:colcon.colcon_core.package_identification:_identify(/home/autolab/ros2_ws/src/turtlebot3/turtlebot3_example) by extension 'ignore_ament_install'
[0.789s] Level 1:colcon.colcon_core.package_identification:_identify(/home/autolab/ros2_ws/src/turtlebot3/turtlebot3_example) by extensions ['colcon_pkg']
[0.789s] Level 1:colcon.colcon_core.package_identification:_identify(/home/autolab/ros2_ws/src/turtlebot3/turtlebot3_example) by extension 'colcon_pkg'
[0.789s] Level 1:colcon.colcon_core.package_identification:_identify(/home/autolab/ros2_ws/src/turtlebot3/turtlebot3_example) by extensions ['colcon_meta']
[0.789s] Level 1:colcon.colcon_core.package_identification:_identify(/home/autolab/ros2_ws/src/turtlebot3/turtlebot3_example) by extension 'colcon_meta'
[0.789s] Level 1:colcon.colcon_core.package_identification:_identify(/home/autolab/ros2_ws/src/turtlebot3/turtlebot3_example) by extensions ['ros']
[0.789s] Level 1:colcon.colcon_core.package_identification:_identify(/home/autolab/ros2_ws/src/turtlebot3/turtlebot3_example) by extension 'ros'
[0.789s] DEBUG:colcon.colcon_core.package_identification:Package '/home/autolab/ros2_ws/src/turtlebot3/turtlebot3_example' with type 'ros.ament_python' and name 'turtlebot3_example'
[0.789s] Level 1:colcon.colcon_core.package_identification:_identify(/home/autolab/ros2_ws/src/turtlebot3/turtlebot3_navigation2) by extensions ['ignore', 'ignore_ament_install']
[0.789s] Level 1:colcon.colcon_core.package_identification:_identify(/home/autolab/ros2_ws/src/turtlebot3/turtlebot3_navigation2) by extension 'ignore'
[0.789s] Level 1:colcon.colcon_core.package_identification:_identify(/home/autolab/ros2_ws/src/turtlebot3/turtlebot3_navigation2) by extension 'ignore_ament_install'
[0.789s] Level 1:colcon.colcon_core.package_identification:_identify(/home/autolab/ros2_ws/src/turtlebot3/turtlebot3_navigation2) by extensions ['colcon_pkg']
[0.789s] Level 1:colcon.colcon_core.package_identification:_identify(/home/autolab/ros2_ws/src/turtlebot3/turtlebot3_navigation2) by extension 'colcon_pkg'
[0.789s] Level 1:colcon.colcon_core.package_identification:_identify(/home/autolab/ros2_ws/src/turtlebot3/turtlebot3_navigation2) by extensions ['colcon_meta']
[0.789s] Level 1:colcon.colcon_core.package_identification:_identify(/home/autolab/ros2_ws/src/turtlebot3/turtlebot3_navigation2) by extension 'colcon_meta'
[0.789s] Level 1:colcon.colcon_core.package_identification:_identify(/home/autolab/ros2_ws/src/turtlebot3/turtlebot3_navigation2) by extensions ['ros']
[0.789s] Level 1:colcon.colcon_core.package_identification:_identify(/home/autolab/ros2_ws/src/turtlebot3/turtlebot3_navigation2) by extension 'ros'
[0.790s] DEBUG:colcon.colcon_core.package_identification:Package '/home/autolab/ros2_ws/src/turtlebot3/turtlebot3_navigation2' with type 'ros.ament_cmake' and name 'turtlebot3_navigation2'
[0.790s] Level 1:colcon.colcon_core.package_identification:_identify(/home/autolab/ros2_ws/src/turtlebot3/turtlebot3_node) by extensions ['ignore', 'ignore_ament_install']
[0.790s] Level 1:colcon.colcon_core.package_identification:_identify(/home/autolab/ros2_ws/src/turtlebot3/turtlebot3_node) by extension 'ignore'
[0.790s] Level 1:colcon.colcon_core.package_identification:_identify(/home/autolab/ros2_ws/src/turtlebot3/turtlebot3_node) by extension 'ignore_ament_install'
[0.790s] Level 1:colcon.colcon_core.package_identification:_identify(/home/autolab/ros2_ws/src/turtlebot3/turtlebot3_node) by extensions ['colcon_pkg']
[0.790s] Level 1:colcon.colcon_core.package_identification:_identify(/home/autolab/ros2_ws/src/turtlebot3/turtlebot3_node) by extension 'colcon_pkg'
[0.790s] Level 1:colcon.colcon_core.package_identification:_identify(/home/autolab/ros2_ws/src/turtlebot3/turtlebot3_node) by extensions ['colcon_meta']
[0.790s] Level 1:colcon.colcon_core.package_identification:_identify(/home/autolab/ros2_ws/src/turtlebot3/turtlebot3_node) by extension 'colcon_meta'
[0.790s] Level 1:colcon.colcon_core.package_identification:_identify(/home/autolab/ros2_ws/src/turtlebot3/turtlebot3_node) by extensions ['ros']
[0.790s] Level 1:colcon.colcon_core.package_identification:_identify(/home/autolab/ros2_ws/src/turtlebot3/turtlebot3_node) by extension 'ros'
[0.791s] DEBUG:colcon.colcon_core.package_identification:Package '/home/autolab/ros2_ws/src/turtlebot3/turtlebot3_node' with type 'ros.ament_cmake' and name 'turtlebot3_node'
[0.791s] Level 1:colcon.colcon_core.package_identification:_identify(/home/autolab/ros2_ws/src/turtlebot3/turtlebot3_teleop) by extensions ['ignore', 'ignore_ament_install']
[0.791s] Level 1:colcon.colcon_core.package_identification:_identify(/home/autolab/ros2_ws/src/turtlebot3/turtlebot3_teleop) by extension 'ignore'
[0.791s] Level 1:colcon.colcon_core.package_identification:_identify(/home/autolab/ros2_ws/src/turtlebot3/turtlebot3_teleop) by extension 'ignore_ament_install'
[0.791s] Level 1:colcon.colcon_core.package_identification:_identify(/home/autolab/ros2_ws/src/turtlebot3/turtlebot3_teleop) by extensions ['colcon_pkg']
[0.791s] Level 1:colcon.colcon_core.package_identification:_identify(/home/autolab/ros2_ws/src/turtlebot3/turtlebot3_teleop) by extension 'colcon_pkg'
[0.791s] Level 1:colcon.colcon_core.package_identification:_identify(/home/autolab/ros2_ws/src/turtlebot3/turtlebot3_teleop) by extensions ['colcon_meta']
[0.791s] Level 1:colcon.colcon_core.package_identification:_identify(/home/autolab/ros2_ws/src/turtlebot3/turtlebot3_teleop) by extension 'colcon_meta'
[0.791s] Level 1:colcon.colcon_core.package_identification:_identify(/home/autolab/ros2_ws/src/turtlebot3/turtlebot3_teleop) by extensions ['ros']
[0.791s] Level 1:colcon.colcon_core.package_identification:_identify(/home/autolab/ros2_ws/src/turtlebot3/turtlebot3_teleop) by extension 'ros'
[0.791s] DEBUG:colcon.colcon_core.package_identification:Package '/home/autolab/ros2_ws/src/turtlebot3/turtlebot3_teleop' with type 'ros.ament_python' and name 'turtlebot3_teleop'
[0.791s] Level 1:colcon.colcon_core.package_identification:_identify(/home/autolab/ros2_ws/src/turtlebot3_simulations) by extensions ['ignore', 'ignore_ament_install']
[0.791s] Level 1:colcon.colcon_core.package_identification:_identify(/home/autolab/ros2_ws/src/turtlebot3_simulations) by extension 'ignore'
[0.791s] Level 1:colcon.colcon_core.package_identification:_identify(/home/autolab/ros2_ws/src/turtlebot3_simulations) by extension 'ignore_ament_install'
[0.791s] Level 1:colcon.colcon_core.package_identification:_identify(/home/autolab/ros2_ws/src/turtlebot3_simulations) by extensions ['colcon_pkg']
[0.791s] Level 1:colcon.colcon_core.package_identification:_identify(/home/autolab/ros2_ws/src/turtlebot3_simulations) by extension 'colcon_pkg'
[0.791s] Level 1:colcon.colcon_core.package_identification:_identify(/home/autolab/ros2_ws/src/turtlebot3_simulations) by extensions ['colcon_meta']
[0.791s] Level 1:colcon.colcon_core.package_identification:_identify(/home/autolab/ros2_ws/src/turtlebot3_simulations) by extension 'colcon_meta'
[0.792s] Level 1:colcon.colcon_core.package_identification:_identify(/home/autolab/ros2_ws/src/turtlebot3_simulations) by extensions ['ros']
[0.792s] Level 1:colcon.colcon_core.package_identification:_identify(/home/autolab/ros2_ws/src/turtlebot3_simulations) by extension 'ros'
[0.792s] Level 1:colcon.colcon_core.package_identification:_identify(/home/autolab/ros2_ws/src/turtlebot3_simulations) by extensions ['cmake', 'python']
[0.792s] Level 1:colcon.colcon_core.package_identification:_identify(/home/autolab/ros2_ws/src/turtlebot3_simulations) by extension 'cmake'
[0.792s] Level 1:colcon.colcon_core.package_identification:_identify(/home/autolab/ros2_ws/src/turtlebot3_simulations) by extension 'python'
[0.792s] Level 1:colcon.colcon_core.package_identification:_identify(/home/autolab/ros2_ws/src/turtlebot3_simulations) by extensions ['python_setup_py']
[0.792s] Level 1:colcon.colcon_core.package_identification:_identify(/home/autolab/ros2_ws/src/turtlebot3_simulations) by extension 'python_setup_py'
[0.792s] Level 1:colcon.colcon_core.package_identification:_identify(/home/autolab/ros2_ws/src/turtlebot3_simulations/turtlebot3_fake_node) by extensions ['ignore', 'ignore_ament_install']
[0.792s] Level 1:colcon.colcon_core.package_identification:_identify(/home/autolab/ros2_ws/src/turtlebot3_simulations/turtlebot3_fake_node) by extension 'ignore'
[0.792s] Level 1:colcon.colcon_core.package_identification:_identify(/home/autolab/ros2_ws/src/turtlebot3_simulations/turtlebot3_fake_node) by extension 'ignore_ament_install'
[0.792s] Level 1:colcon.colcon_core.package_identification:_identify(/home/autolab/ros2_ws/src/turtlebot3_simulations/turtlebot3_fake_node) by extensions ['colcon_pkg']
[0.792s] Level 1:colcon.colcon_core.package_identification:_identify(/home/autolab/ros2_ws/src/turtlebot3_simulations/turtlebot3_fake_node) by extension 'colcon_pkg'
[0.792s] Level 1:colcon.colcon_core.package_identification:_identify(/home/autolab/ros2_ws/src/turtlebot3_simulations/turtlebot3_fake_node) by extensions ['colcon_meta']
[0.792s] Level 1:colcon.colcon_core.package_identification:_identify(/home/autolab/ros2_ws/src/turtlebot3_simulations/turtlebot3_fake_node) by extension 'colcon_meta'
[0.792s] Level 1:colcon.colcon_core.package_identification:_identify(/home/autolab/ros2_ws/src/turtlebot3_simulations/turtlebot3_fake_node) by extensions ['ros']
[0.792s] Level 1:colcon.colcon_core.package_identification:_identify(/home/autolab/ros2_ws/src/turtlebot3_simulations/turtlebot3_fake_node) by extension 'ros'
[0.793s] DEBUG:colcon.colcon_core.package_identification:Package '/home/autolab/ros2_ws/src/turtlebot3_simulations/turtlebot3_fake_node' with type 'ros.ament_cmake' and name 'turtlebot3_fake_node'
[0.793s] Level 1:colcon.colcon_core.package_identification:_identify(/home/autolab/ros2_ws/src/turtlebot3_simulations/turtlebot3_gazebo) by extensions ['ignore', 'ignore_ament_install']
[0.793s] Level 1:colcon.colcon_core.package_identification:_identify(/home/autolab/ros2_ws/src/turtlebot3_simulations/turtlebot3_gazebo) by extension 'ignore'
[0.793s] Level 1:colcon.colcon_core.package_identification:_identify(/home/autolab/ros2_ws/src/turtlebot3_simulations/turtlebot3_gazebo) by extension 'ignore_ament_install'
[0.793s] Level 1:colcon.colcon_core.package_identification:_identify(/home/autolab/ros2_ws/src/turtlebot3_simulations/turtlebot3_gazebo) by extensions ['colcon_pkg']
[0.793s] Level 1:colcon.colcon_core.package_identification:_identify(/home/autolab/ros2_ws/src/turtlebot3_simulations/turtlebot3_gazebo) by extension 'colcon_pkg'
[0.793s] Level 1:colcon.colcon_core.package_identification:_identify(/home/autolab/ros2_ws/src/turtlebot3_simulations/turtlebot3_gazebo) by extensions ['colcon_meta']
[0.793s] Level 1:colcon.colcon_core.package_identification:_identify(/home/autolab/ros2_ws/src/turtlebot3_simulations/turtlebot3_gazebo) by extension 'colcon_meta'
[0.793s] Level 1:colcon.colcon_core.package_identification:_identify(/home/autolab/ros2_ws/src/turtlebot3_simulations/turtlebot3_gazebo) by extensions ['ros']
[0.793s] Level 1:colcon.colcon_core.package_identification:_identify(/home/autolab/ros2_ws/src/turtlebot3_simulations/turtlebot3_gazebo) by extension 'ros'
[0.793s] DEBUG:colcon.colcon_core.package_identification:Package '/home/autolab/ros2_ws/src/turtlebot3_simulations/turtlebot3_gazebo' with type 'ros.ament_cmake' and name 'turtlebot3_gazebo'
[0.793s] Level 1:colcon.colcon_core.package_discovery:discover_packages(recursive) using defaults
