[0.051s] Invoking command in '/home/autolab/ros2_ws/build/turtlebot3': AMENT_PREFIX_PATH=/home/autolab/ros2_ws/install/turtlebot3_bringup:/home/autolab/ros2_ws/install/turtlebot3_teleop:/home/autolab/ros2_ws/install/turtlebot3_node:/home/autolab/ros2_ws/install/turtlebot3_navigation2:/home/autolab/ros2_ws/install/turtlebot3_example:/home/autolab/ros2_ws/install/turtlebot3_description:/home/autolab/ros2_ws/install/turtlebot3_cartographer:${AMENT_PREFIX_PATH} CMAKE_PREFIX_PATH=/home/autolab/ros2_ws/install/turtlebot3_bringup:/home/autolab/ros2_ws/install/turtlebot3_node:/home/autolab/ros2_ws/install/turtlebot3_navigation2:/home/autolab/ros2_ws/install/my_robot_controller:/opt/ros/humble:/home/autolab/ros2_ws/install/turtlebot3_description:/home/autolab/ros2_ws/install/turtlebot3_cartographer:${CMAKE_PREFIX_PATH} PYTHONPATH=/home/autolab/ros2_ws/build/turtlebot3_teleop:/home/autolab/ros2_ws/install/turtlebot3_teleop/lib/python3.10/site-packages:/home/autolab/ros2_ws/build/turtlebot3_example:/home/autolab/ros2_ws/install/turtlebot3_example/lib/python3.10/site-packages:${PYTHONPATH} /usr/bin/cmake /home/autolab/ros2_ws/src/turtlebot3/turtlebot3 -DAMENT_CMAKE_SYMLINK_INSTALL=1 -DCMAKE_INSTALL_PREFIX=/home/autolab/ros2_ws/install/turtlebot3
[0.084s] -- The C compiler identification is GNU 11.4.0
[0.122s] -- The CXX compiler identification is GNU 11.4.0
[0.126s] -- Detecting C compiler ABI info
[0.197s] -- Detecting C compiler ABI info - done
[0.204s] -- Check for working C compiler: /usr/bin/cc - skipped
[0.204s] -- Detecting C compile features
[0.205s] -- Detecting C compile features - done
[0.208s] -- Detecting CXX compiler ABI info
[0.279s] -- Detecting CXX compiler ABI info - done
[0.284s] -- Check for working CXX compiler: /usr/bin/c++ - skipped
[0.284s] -- Detecting CXX compile features
[0.285s] -- Detecting CXX compile features - done
[0.287s] -- Found ament_cmake: 1.3.7 (/opt/ros/humble/share/ament_cmake/cmake)
[0.406s] -- Found Python3: /usr/bin/python3.10 (found version "3.10.12") found components: Interpreter 
[0.445s] -- Override CMake install command with custom implementation using symlinks instead of copying resources
[0.510s] -- Configuring done
[0.511s] -- Generating done
[0.512s] -- Build files have been written to: /home/autolab/ros2_ws/build/turtlebot3
[0.515s] Invoked command in '/home/autolab/ros2_ws/build/turtlebot3' returned '0': AMENT_PREFIX_PATH=/home/autolab/ros2_ws/install/turtlebot3_bringup:/home/autolab/ros2_ws/install/turtlebot3_teleop:/home/autolab/ros2_ws/install/turtlebot3_node:/home/autolab/ros2_ws/install/turtlebot3_navigation2:/home/autolab/ros2_ws/install/turtlebot3_example:/home/autolab/ros2_ws/install/turtlebot3_description:/home/autolab/ros2_ws/install/turtlebot3_cartographer:${AMENT_PREFIX_PATH} CMAKE_PREFIX_PATH=/home/autolab/ros2_ws/install/turtlebot3_bringup:/home/autolab/ros2_ws/install/turtlebot3_node:/home/autolab/ros2_ws/install/turtlebot3_navigation2:/home/autolab/ros2_ws/install/my_robot_controller:/opt/ros/humble:/home/autolab/ros2_ws/install/turtlebot3_description:/home/autolab/ros2_ws/install/turtlebot3_cartographer:${CMAKE_PREFIX_PATH} PYTHONPATH=/home/autolab/ros2_ws/build/turtlebot3_teleop:/home/autolab/ros2_ws/install/turtlebot3_teleop/lib/python3.10/site-packages:/home/autolab/ros2_ws/build/turtlebot3_example:/home/autolab/ros2_ws/install/turtlebot3_example/lib/python3.10/site-packages:${PYTHONPATH} /usr/bin/cmake /home/autolab/ros2_ws/src/turtlebot3/turtlebot3 -DAMENT_CMAKE_SYMLINK_INSTALL=1 -DCMAKE_INSTALL_PREFIX=/home/autolab/ros2_ws/install/turtlebot3
[0.515s] Invoking command in '/home/autolab/ros2_ws/build/turtlebot3': AMENT_PREFIX_PATH=/home/autolab/ros2_ws/install/turtlebot3_bringup:/home/autolab/ros2_ws/install/turtlebot3_teleop:/home/autolab/ros2_ws/install/turtlebot3_node:/home/autolab/ros2_ws/install/turtlebot3_navigation2:/home/autolab/ros2_ws/install/turtlebot3_example:/home/autolab/ros2_ws/install/turtlebot3_description:/home/autolab/ros2_ws/install/turtlebot3_cartographer:${AMENT_PREFIX_PATH} CMAKE_PREFIX_PATH=/home/autolab/ros2_ws/install/turtlebot3_bringup:/home/autolab/ros2_ws/install/turtlebot3_node:/home/autolab/ros2_ws/install/turtlebot3_navigation2:/home/autolab/ros2_ws/install/my_robot_controller:/opt/ros/humble:/home/autolab/ros2_ws/install/turtlebot3_description:/home/autolab/ros2_ws/install/turtlebot3_cartographer:${CMAKE_PREFIX_PATH} PYTHONPATH=/home/autolab/ros2_ws/build/turtlebot3_teleop:/home/autolab/ros2_ws/install/turtlebot3_teleop/lib/python3.10/site-packages:/home/autolab/ros2_ws/build/turtlebot3_example:/home/autolab/ros2_ws/install/turtlebot3_example/lib/python3.10/site-packages:${PYTHONPATH} /usr/bin/cmake --build /home/autolab/ros2_ws/build/turtlebot3 -- -j20 -l20
[0.557s] Invoked command in '/home/autolab/ros2_ws/build/turtlebot3' returned '0': AMENT_PREFIX_PATH=/home/autolab/ros2_ws/install/turtlebot3_bringup:/home/autolab/ros2_ws/install/turtlebot3_teleop:/home/autolab/ros2_ws/install/turtlebot3_node:/home/autolab/ros2_ws/install/turtlebot3_navigation2:/home/autolab/ros2_ws/install/turtlebot3_example:/home/autolab/ros2_ws/install/turtlebot3_description:/home/autolab/ros2_ws/install/turtlebot3_cartographer:${AMENT_PREFIX_PATH} CMAKE_PREFIX_PATH=/home/autolab/ros2_ws/install/turtlebot3_bringup:/home/autolab/ros2_ws/install/turtlebot3_node:/home/autolab/ros2_ws/install/turtlebot3_navigation2:/home/autolab/ros2_ws/install/my_robot_controller:/opt/ros/humble:/home/autolab/ros2_ws/install/turtlebot3_description:/home/autolab/ros2_ws/install/turtlebot3_cartographer:${CMAKE_PREFIX_PATH} PYTHONPATH=/home/autolab/ros2_ws/build/turtlebot3_teleop:/home/autolab/ros2_ws/install/turtlebot3_teleop/lib/python3.10/site-packages:/home/autolab/ros2_ws/build/turtlebot3_example:/home/autolab/ros2_ws/install/turtlebot3_example/lib/python3.10/site-packages:${PYTHONPATH} /usr/bin/cmake --build /home/autolab/ros2_ws/build/turtlebot3 -- -j20 -l20
[0.596s] Invoking command in '/home/autolab/ros2_ws/build/turtlebot3': AMENT_PREFIX_PATH=/home/autolab/ros2_ws/install/turtlebot3_bringup:/home/autolab/ros2_ws/install/turtlebot3_teleop:/home/autolab/ros2_ws/install/turtlebot3_node:/home/autolab/ros2_ws/install/turtlebot3_navigation2:/home/autolab/ros2_ws/install/turtlebot3_example:/home/autolab/ros2_ws/install/turtlebot3_description:/home/autolab/ros2_ws/install/turtlebot3_cartographer:${AMENT_PREFIX_PATH} CMAKE_PREFIX_PATH=/home/autolab/ros2_ws/install/turtlebot3_bringup:/home/autolab/ros2_ws/install/turtlebot3_node:/home/autolab/ros2_ws/install/turtlebot3_navigation2:/home/autolab/ros2_ws/install/my_robot_controller:/opt/ros/humble:/home/autolab/ros2_ws/install/turtlebot3_description:/home/autolab/ros2_ws/install/turtlebot3_cartographer:${CMAKE_PREFIX_PATH} PYTHONPATH=/home/autolab/ros2_ws/build/turtlebot3_teleop:/home/autolab/ros2_ws/install/turtlebot3_teleop/lib/python3.10/site-packages:/home/autolab/ros2_ws/build/turtlebot3_example:/home/autolab/ros2_ws/install/turtlebot3_example/lib/python3.10/site-packages:${PYTHONPATH} /usr/bin/cmake --install /home/autolab/ros2_ws/build/turtlebot3
[0.611s] -- Install configuration: ""
[0.612s] -- Execute custom install script
[0.612s] -- Symlinking: /home/autolab/ros2_ws/install/turtlebot3/share/ament_index/resource_index/package_run_dependencies/turtlebot3
[0.628s] -- Symlinking: /home/autolab/ros2_ws/install/turtlebot3/share/ament_index/resource_index/parent_prefix_path/turtlebot3
[0.644s] -- Symlinking: /home/autolab/ros2_ws/install/turtlebot3/share/turtlebot3/environment/ament_prefix_path.sh
[0.654s] -- Symlinking: /home/autolab/ros2_ws/install/turtlebot3/share/turtlebot3/environment/ament_prefix_path.dsv
[0.668s] -- Symlinking: /home/autolab/ros2_ws/install/turtlebot3/share/turtlebot3/environment/path.sh
[0.681s] -- Symlinking: /home/autolab/ros2_ws/install/turtlebot3/share/turtlebot3/environment/path.dsv
[0.690s] -- Symlinking: /home/autolab/ros2_ws/install/turtlebot3/share/turtlebot3/local_setup.bash
[0.701s] -- Symlinking: /home/autolab/ros2_ws/install/turtlebot3/share/turtlebot3/local_setup.sh
[0.712s] -- Symlinking: /home/autolab/ros2_ws/install/turtlebot3/share/turtlebot3/local_setup.zsh
[0.727s] -- Symlinking: /home/autolab/ros2_ws/install/turtlebot3/share/turtlebot3/local_setup.dsv
[0.743s] -- Symlinking: /home/autolab/ros2_ws/install/turtlebot3/share/turtlebot3/package.dsv
[0.760s] -- Symlinking: /home/autolab/ros2_ws/install/turtlebot3/share/ament_index/resource_index/packages/turtlebot3
[0.773s] -- Symlinking: /home/autolab/ros2_ws/install/turtlebot3/share/turtlebot3/cmake/turtlebot3Config.cmake
[0.784s] -- Symlinking: /home/autolab/ros2_ws/install/turtlebot3/share/turtlebot3/cmake/turtlebot3Config-version.cmake
[0.795s] -- Symlinking: /home/autolab/ros2_ws/install/turtlebot3/share/turtlebot3/package.xml
[0.808s] Invoked command in '/home/autolab/ros2_ws/build/turtlebot3' returned '0': AMENT_PREFIX_PATH=/home/autolab/ros2_ws/install/turtlebot3_bringup:/home/autolab/ros2_ws/install/turtlebot3_teleop:/home/autolab/ros2_ws/install/turtlebot3_node:/home/autolab/ros2_ws/install/turtlebot3_navigation2:/home/autolab/ros2_ws/install/turtlebot3_example:/home/autolab/ros2_ws/install/turtlebot3_description:/home/autolab/ros2_ws/install/turtlebot3_cartographer:${AMENT_PREFIX_PATH} CMAKE_PREFIX_PATH=/home/autolab/ros2_ws/install/turtlebot3_bringup:/home/autolab/ros2_ws/install/turtlebot3_node:/home/autolab/ros2_ws/install/turtlebot3_navigation2:/home/autolab/ros2_ws/install/my_robot_controller:/opt/ros/humble:/home/autolab/ros2_ws/install/turtlebot3_description:/home/autolab/ros2_ws/install/turtlebot3_cartographer:${CMAKE_PREFIX_PATH} PYTHONPATH=/home/autolab/ros2_ws/build/turtlebot3_teleop:/home/autolab/ros2_ws/install/turtlebot3_teleop/lib/python3.10/site-packages:/home/autolab/ros2_ws/build/turtlebot3_example:/home/autolab/ros2_ws/install/turtlebot3_example/lib/python3.10/site-packages:${PYTHONPATH} /usr/bin/cmake --install /home/autolab/ros2_ws/build/turtlebot3
