[0.787s] Invoking command in '/home/autolab/ros2_ws/build/turtlebot3_fake_node': CMAKE_PREFIX_PATH=/home/autolab/ros2_ws/install/turtlebot3:/home/autolab/ros2_ws/install/turtlebot3_bringup:/home/autolab/ros2_ws/install/turtlebot3_node:/home/autolab/ros2_ws/install/turtlebot3_navigation2:/home/autolab/ros2_ws/install/turtlebot3_gazebo:/home/autolab/ros2_ws/install/turtlebot3_fake_node:/home/autolab/ros2_ws/install/turtlebot3_teleop:/home/autolab/ros2_ws/install/turtlebot3_example:/home/autolab/ros2_ws/install/my_robot_controller:/opt/ros/humble:/home/autolab/ros2_ws/install/turtlebot3_description:/home/autolab/ros2_ws/install/turtlebot3_cartographer /usr/bin/cmake /home/autolab/ros2_ws/src/turtlebot3_simulations/turtlebot3_fake_node -DCMAKE_INSTALL_PREFIX=/home/autolab/ros2_ws/install/turtlebot3_fake_node
[0.795s] -- Found ament_cmake: 1.3.7 (/opt/ros/humble/share/ament_cmake/cmake)
[0.890s] -- Override CMake install command with custom implementation using symlinks instead of copying resources
[0.894s] -- Found geometry_msgs: 4.2.3 (/opt/ros/humble/share/geometry_msgs/cmake)
[0.914s] -- Found rosidl_generator_c: 3.1.5 (/opt/ros/humble/share/rosidl_generator_c/cmake)
[0.915s] -- Found rosidl_adapter: 3.1.5 (/opt/ros/humble/share/rosidl_adapter/cmake)
[0.919s] -- Found rosidl_generator_cpp: 3.1.5 (/opt/ros/humble/share/rosidl_generator_cpp/cmake)
[0.926s] -- Using all available rosidl_typesupport_c: rosidl_typesupport_fastrtps_c;rosidl_typesupport_introspection_c
[0.935s] -- Using all available rosidl_typesupport_cpp: rosidl_typesupport_fastrtps_cpp;rosidl_typesupport_introspection_cpp
[1.009s] -- Found nav_msgs: 4.2.3 (/opt/ros/humble/share/nav_msgs/cmake)
[1.064s] -- Found rclcpp: 16.0.8 (/opt/ros/humble/share/rclcpp/cmake)
[1.094s] -- Found rmw_implementation_cmake: 6.1.1 (/opt/ros/humble/share/rmw_implementation_cmake/cmake)
[1.096s] -- Found rmw_cyclonedds_cpp: 1.3.4 (/opt/ros/humble/share/rmw_cyclonedds_cpp/cmake)
[1.115s] -- Using RMW implementation 'rmw_cyclonedds_cpp' as default
[1.196s] -- Found sensor_msgs: 4.2.3 (/opt/ros/humble/share/sensor_msgs/cmake)
[1.250s] -- Found tf2: 0.25.5 (/opt/ros/humble/share/tf2/cmake)
[1.254s] -- Found tf2_msgs: 0.25.5 (/opt/ros/humble/share/tf2_msgs/cmake)
[1.345s] -- Found turtlebot3_msgs: 2.2.3 (/opt/ros/humble/share/turtlebot3_msgs/cmake)
[1.445s] -- Configuring done
[1.451s] -- Generating done
[1.452s] -- Build files have been written to: /home/autolab/ros2_ws/build/turtlebot3_fake_node
[1.457s] Invoked command in '/home/autolab/ros2_ws/build/turtlebot3_fake_node' returned '0': CMAKE_PREFIX_PATH=/home/autolab/ros2_ws/install/turtlebot3:/home/autolab/ros2_ws/install/turtlebot3_bringup:/home/autolab/ros2_ws/install/turtlebot3_node:/home/autolab/ros2_ws/install/turtlebot3_navigation2:/home/autolab/ros2_ws/install/turtlebot3_gazebo:/home/autolab/ros2_ws/install/turtlebot3_fake_node:/home/autolab/ros2_ws/install/turtlebot3_teleop:/home/autolab/ros2_ws/install/turtlebot3_example:/home/autolab/ros2_ws/install/my_robot_controller:/opt/ros/humble:/home/autolab/ros2_ws/install/turtlebot3_description:/home/autolab/ros2_ws/install/turtlebot3_cartographer /usr/bin/cmake /home/autolab/ros2_ws/src/turtlebot3_simulations/turtlebot3_fake_node -DCMAKE_INSTALL_PREFIX=/home/autolab/ros2_ws/install/turtlebot3_fake_node
[1.458s] Invoking command in '/home/autolab/ros2_ws/build/turtlebot3_fake_node': CMAKE_PREFIX_PATH=/home/autolab/ros2_ws/install/turtlebot3:/home/autolab/ros2_ws/install/turtlebot3_bringup:/home/autolab/ros2_ws/install/turtlebot3_node:/home/autolab/ros2_ws/install/turtlebot3_navigation2:/home/autolab/ros2_ws/install/turtlebot3_gazebo:/home/autolab/ros2_ws/install/turtlebot3_fake_node:/home/autolab/ros2_ws/install/turtlebot3_teleop:/home/autolab/ros2_ws/install/turtlebot3_example:/home/autolab/ros2_ws/install/my_robot_controller:/opt/ros/humble:/home/autolab/ros2_ws/install/turtlebot3_description:/home/autolab/ros2_ws/install/turtlebot3_cartographer /usr/bin/cmake --build /home/autolab/ros2_ws/build/turtlebot3_fake_node -- -j20 -l20
[1.483s] [35m[1mConsolidate compiler generated dependencies of target turtlebot3_fake_node[0m
[1.493s] [100%] Built target turtlebot3_fake_node
[1.500s] Invoked command in '/home/autolab/ros2_ws/build/turtlebot3_fake_node' returned '0': CMAKE_PREFIX_PATH=/home/autolab/ros2_ws/install/turtlebot3:/home/autolab/ros2_ws/install/turtlebot3_bringup:/home/autolab/ros2_ws/install/turtlebot3_node:/home/autolab/ros2_ws/install/turtlebot3_navigation2:/home/autolab/ros2_ws/install/turtlebot3_gazebo:/home/autolab/ros2_ws/install/turtlebot3_fake_node:/home/autolab/ros2_ws/install/turtlebot3_teleop:/home/autolab/ros2_ws/install/turtlebot3_example:/home/autolab/ros2_ws/install/my_robot_controller:/opt/ros/humble:/home/autolab/ros2_ws/install/turtlebot3_description:/home/autolab/ros2_ws/install/turtlebot3_cartographer /usr/bin/cmake --build /home/autolab/ros2_ws/build/turtlebot3_fake_node -- -j20 -l20
[1.514s] Invoking command in '/home/autolab/ros2_ws/build/turtlebot3_fake_node': CMAKE_PREFIX_PATH=/home/autolab/ros2_ws/install/turtlebot3:/home/autolab/ros2_ws/install/turtlebot3_bringup:/home/autolab/ros2_ws/install/turtlebot3_node:/home/autolab/ros2_ws/install/turtlebot3_navigation2:/home/autolab/ros2_ws/install/turtlebot3_gazebo:/home/autolab/ros2_ws/install/turtlebot3_fake_node:/home/autolab/ros2_ws/install/turtlebot3_teleop:/home/autolab/ros2_ws/install/turtlebot3_example:/home/autolab/ros2_ws/install/my_robot_controller:/opt/ros/humble:/home/autolab/ros2_ws/install/turtlebot3_description:/home/autolab/ros2_ws/install/turtlebot3_cartographer /usr/bin/cmake --install /home/autolab/ros2_ws/build/turtlebot3_fake_node
[1.518s] -- Install configuration: ""
[1.518s] -- Execute custom install script
[1.519s] -- Up-to-date symlink: /home/autolab/ros2_ws/install/turtlebot3_fake_node/lib/turtlebot3_fake_node/turtlebot3_fake_node
[1.519s] -- Up-to-date symlink: /home/autolab/ros2_ws/install/turtlebot3_fake_node/share/turtlebot3_fake_node/launch/rviz2.launch.py
[1.519s] -- Up-to-date symlink: /home/autolab/ros2_ws/install/turtlebot3_fake_node/share/turtlebot3_fake_node/launch/turtlebot3_fake_node.launch.py
[1.519s] -- Up-to-date symlink: /home/autolab/ros2_ws/install/turtlebot3_fake_node/share/turtlebot3_fake_node/param/burger.yaml
[1.519s] -- Up-to-date symlink: /home/autolab/ros2_ws/install/turtlebot3_fake_node/share/turtlebot3_fake_node/param/waffle.yaml
[1.519s] -- Up-to-date symlink: /home/autolab/ros2_ws/install/turtlebot3_fake_node/share/turtlebot3_fake_node/param/waffle_pi.yaml
[1.519s] -- Up-to-date symlink: /home/autolab/ros2_ws/install/turtlebot3_fake_node/include//turtlebot3_fake_node/turtlebot3_fake_node.hpp
[1.519s] -- Up-to-date symlink: /home/autolab/ros2_ws/install/turtlebot3_fake_node/share/ament_index/resource_index/package_run_dependencies/turtlebot3_fake_node
[1.519s] -- Up-to-date symlink: /home/autolab/ros2_ws/install/turtlebot3_fake_node/share/ament_index/resource_index/parent_prefix_path/turtlebot3_fake_node
[1.520s] -- Up-to-date symlink: /home/autolab/ros2_ws/install/turtlebot3_fake_node/share/turtlebot3_fake_node/environment/ament_prefix_path.sh
[1.520s] -- Up-to-date symlink: /home/autolab/ros2_ws/install/turtlebot3_fake_node/share/turtlebot3_fake_node/environment/ament_prefix_path.dsv
[1.520s] -- Up-to-date symlink: /home/autolab/ros2_ws/install/turtlebot3_fake_node/share/turtlebot3_fake_node/environment/path.sh
[1.520s] -- Up-to-date symlink: /home/autolab/ros2_ws/install/turtlebot3_fake_node/share/turtlebot3_fake_node/environment/path.dsv
[1.520s] -- Up-to-date symlink: /home/autolab/ros2_ws/install/turtlebot3_fake_node/share/turtlebot3_fake_node/local_setup.bash
[1.520s] -- Up-to-date symlink: /home/autolab/ros2_ws/install/turtlebot3_fake_node/share/turtlebot3_fake_node/local_setup.sh
[1.520s] -- Up-to-date symlink: /home/autolab/ros2_ws/install/turtlebot3_fake_node/share/turtlebot3_fake_node/local_setup.zsh
[1.520s] -- Up-to-date symlink: /home/autolab/ros2_ws/install/turtlebot3_fake_node/share/turtlebot3_fake_node/local_setup.dsv
[1.521s] -- Symlinking: /home/autolab/ros2_ws/install/turtlebot3_fake_node/share/turtlebot3_fake_node/package.dsv
[1.525s] -- Up-to-date symlink: /home/autolab/ros2_ws/install/turtlebot3_fake_node/share/ament_index/resource_index/packages/turtlebot3_fake_node
[1.525s] -- Up-to-date symlink: /home/autolab/ros2_ws/install/turtlebot3_fake_node/share/turtlebot3_fake_node/cmake/ament_cmake_export_include_directories-extras.cmake
[1.525s] -- Up-to-date symlink: /home/autolab/ros2_ws/install/turtlebot3_fake_node/share/turtlebot3_fake_node/cmake/ament_cmake_export_dependencies-extras.cmake
[1.525s] -- Up-to-date symlink: /home/autolab/ros2_ws/install/turtlebot3_fake_node/share/turtlebot3_fake_node/cmake/turtlebot3_fake_nodeConfig.cmake
[1.526s] -- Up-to-date symlink: /home/autolab/ros2_ws/install/turtlebot3_fake_node/share/turtlebot3_fake_node/cmake/turtlebot3_fake_nodeConfig-version.cmake
[1.526s] -- Up-to-date symlink: /home/autolab/ros2_ws/install/turtlebot3_fake_node/share/turtlebot3_fake_node/package.xml
[1.527s] Invoked command in '/home/autolab/ros2_ws/build/turtlebot3_fake_node' returned '0': CMAKE_PREFIX_PATH=/home/autolab/ros2_ws/install/turtlebot3:/home/autolab/ros2_ws/install/turtlebot3_bringup:/home/autolab/ros2_ws/install/turtlebot3_node:/home/autolab/ros2_ws/install/turtlebot3_navigation2:/home/autolab/ros2_ws/install/turtlebot3_gazebo:/home/autolab/ros2_ws/install/turtlebot3_fake_node:/home/autolab/ros2_ws/install/turtlebot3_teleop:/home/autolab/ros2_ws/install/turtlebot3_example:/home/autolab/ros2_ws/install/my_robot_controller:/opt/ros/humble:/home/autolab/ros2_ws/install/turtlebot3_description:/home/autolab/ros2_ws/install/turtlebot3_cartographer /usr/bin/cmake --install /home/autolab/ros2_ws/build/turtlebot3_fake_node
