[1.266s] Invoking command in '/home/autolab/ros2_ws/src/turtlebot3/turtlebot3_teleop': PYTHONPATH=/home/autolab/ros2_ws/build/turtlebot3_teleop/prefix_override:/home/autolab/ros2_ws/install/turtlebot3_teleop/lib/python3.10/site-packages:${PYTHONPATH} /usr/bin/python3 setup.py egg_info --egg-base ../../../build/turtlebot3_teleop build --build-base /home/autolab/ros2_ws/build/turtlebot3_teleop/build install --record /home/autolab/ros2_ws/build/turtlebot3_teleop/install.log --single-version-externally-managed
[1.427s] running egg_info
[1.427s] writing ../../../build/turtlebot3_teleop/turtlebot3_teleop.egg-info/PKG-INFO
[1.427s] writing dependency_links to ../../../build/turtlebot3_teleop/turtlebot3_teleop.egg-info/dependency_links.txt
[1.428s] writing entry points to ../../../build/turtlebot3_teleop/turtlebot3_teleop.egg-info/entry_points.txt
[1.428s] writing requirements to ../../../build/turtlebot3_teleop/turtlebot3_teleop.egg-info/requires.txt
[1.428s] writing top-level names to ../../../build/turtlebot3_teleop/turtlebot3_teleop.egg-info/top_level.txt
[1.430s] reading manifest file '../../../build/turtlebot3_teleop/turtlebot3_teleop.egg-info/SOURCES.txt'
[1.430s] writing manifest file '../../../build/turtlebot3_teleop/turtlebot3_teleop.egg-info/SOURCES.txt'
[1.430s] running build
[1.430s] running build_py
[1.430s] running install
[1.430s] running install_lib
[1.430s] running install_data
[1.431s] running install_egg_info
[1.432s] removing '/home/autolab/ros2_ws/install/turtlebot3_teleop/lib/python3.10/site-packages/turtlebot3_teleop-2.1.5-py3.10.egg-info' (and everything under it)
[1.432s] Copying ../../../build/turtlebot3_teleop/turtlebot3_teleop.egg-info to /home/autolab/ros2_ws/install/turtlebot3_teleop/lib/python3.10/site-packages/turtlebot3_teleop-2.1.5-py3.10.egg-info
[1.432s] running install_scripts
[1.445s] Installing teleop_keyboard script to /home/autolab/ros2_ws/install/turtlebot3_teleop/lib/turtlebot3_teleop
[1.445s] writing list of installed files to '/home/autolab/ros2_ws/build/turtlebot3_teleop/install.log'
[1.537s] Invoked command in '/home/autolab/ros2_ws/src/turtlebot3/turtlebot3_teleop' returned '0': PYTHONPATH=/home/autolab/ros2_ws/build/turtlebot3_teleop/prefix_override:/home/autolab/ros2_ws/install/turtlebot3_teleop/lib/python3.10/site-packages:${PYTHONPATH} /usr/bin/python3 setup.py egg_info --egg-base ../../../build/turtlebot3_teleop build --build-base /home/autolab/ros2_ws/build/turtlebot3_teleop/build install --record /home/autolab/ros2_ws/build/turtlebot3_teleop/install.log --single-version-externally-managed
