[0.756s] DEBUG:colcon:Command line arguments: ['/usr/bin/colcon', 'build', '--symlink-install']
[0.756s] DEBUG:colcon:Parsed command line arguments: Namespace(log_base=None, log_level=None, verb_name='build', build_base='build', install_base='install', merge_install=False, symlink_install=True, test_result_base=None, continue_on_error=False, executor='parallel', parallel_workers=20, event_handlers=None, ignore_user_meta=False, metas=['./colcon.meta'], base_paths=['.'], packages_ignore=None, packages_ignore_regex=None, paths=None, packages_up_to=None, packages_up_to_regex=None, packages_above=None, packages_above_and_dependencies=None, packages_above_depth=None, packages_select_by_dep=None, packages_skip_by_dep=None, packages_skip_up_to=None, packages_select_build_failed=False, packages_skip_build_finished=False, packages_select_test_failures=False, packages_skip_test_passed=False, packages_select=None, packages_skip=None, packages_select_regex=None, packages_skip_regex=None, packages_start=None, packages_end=None, allow_overriding=[], cmake_args=None, cmake_target=None, cmake_target_skip_unavailable=False, cmake_clean_cache=False, cmake_clean_first=False, cmake_force_configure=False, ament_cmake_args=None, catkin_cmake_args=None, catkin_skip_building_tests=False, mixin_files=None, mixin=None, verb_parser=<colcon_mixin.mixin.mixin_argument.MixinArgumentDecorator object at 0x7f7614124b80>, verb_extension=<colcon_core.verb.build.BuildVerb object at 0x7f7614127610>, main=<bound method BuildVerb.main of <colcon_core.verb.build.BuildVerb object at 0x7f7614127610>>, mixin_verb=('build',))
[0.788s] Level 1:colcon.colcon_core.package_discovery:discover_packages(colcon_meta) check parameters
[0.788s] Level 1:colcon.colcon_core.package_discovery:discover_packages(recursive) check parameters
[0.788s] Level 1:colcon.colcon_core.package_discovery:discover_packages(ignore) check parameters
[0.788s] Level 1:colcon.colcon_core.package_discovery:discover_packages(path) check parameters
[0.788s] Level 1:colcon.colcon_core.package_discovery:discover_packages(colcon_meta) discover
[0.788s] Level 1:colcon.colcon_core.package_discovery:discover_packages(recursive) discover
[0.788s] INFO:colcon.colcon_core.package_discovery:Crawling recursively for packages in '/home/autolab/ros2_ws'
[0.788s] Level 1:colcon.colcon_core.package_identification:_identify(.) by extensions ['ignore', 'ignore_ament_install']
[0.788s] Level 1:colcon.colcon_core.package_identification:_identify(.) by extension 'ignore'
[0.788s] Level 1:colcon.colcon_core.package_identification:_identify(.) by extension 'ignore_ament_install'
[0.788s] Level 1:colcon.colcon_core.package_identification:_identify(.) by extensions ['colcon_pkg']
[0.788s] Level 1:colcon.colcon_core.package_identification:_identify(.) by extension 'colcon_pkg'
[0.788s] Level 1:colcon.colcon_core.package_identification:_identify(.) by extensions ['colcon_meta']
[0.788s] Level 1:colcon.colcon_core.package_identification:_identify(.) by extension 'colcon_meta'
[0.788s] Level 1:colcon.colcon_core.package_identification:_identify(.) by extensions ['ros']
[0.788s] Level 1:colcon.colcon_core.package_identification:_identify(.) by extension 'ros'
[0.795s] Level 1:colcon.colcon_core.package_identification:_identify(.) by extensions ['cmake', 'python']
[0.795s] Level 1:colcon.colcon_core.package_identification:_identify(.) by extension 'cmake'
[0.795s] Level 1:colcon.colcon_core.package_identification:_identify(.) by extension 'python'
[0.795s] Level 1:colcon.colcon_core.package_identification:_identify(.) by extensions ['python_setup_py']
[0.795s] Level 1:colcon.colcon_core.package_identification:_identify(.) by extension 'python_setup_py'
[0.795s] Level 1:colcon.colcon_core.package_identification:_identify(build) by extensions ['ignore', 'ignore_ament_install']
[0.795s] Level 1:colcon.colcon_core.package_identification:_identify(build) by extension 'ignore'
[0.795s] Level 1:colcon.colcon_core.package_identification:_identify(build) ignored
[0.795s] Level 1:colcon.colcon_core.package_identification:_identify(install) by extensions ['ignore', 'ignore_ament_install']
[0.795s] Level 1:colcon.colcon_core.package_identification:_identify(install) by extension 'ignore'
[0.795s] Level 1:colcon.colcon_core.package_identification:_identify(install) ignored
[0.795s] Level 1:colcon.colcon_core.package_identification:_identify(log) by extensions ['ignore', 'ignore_ament_install']
[0.795s] Level 1:colcon.colcon_core.package_identification:_identify(log) by extension 'ignore'
[0.795s] Level 1:colcon.colcon_core.package_identification:_identify(log) ignored
[0.795s] Level 1:colcon.colcon_core.package_identification:_identify(src) by extensions ['ignore', 'ignore_ament_install']
[0.795s] Level 1:colcon.colcon_core.package_identification:_identify(src) by extension 'ignore'
[0.795s] Level 1:colcon.colcon_core.package_identification:_identify(src) by extension 'ignore_ament_install'
[0.795s] Level 1:colcon.colcon_core.package_identification:_identify(src) by extensions ['colcon_pkg']
[0.795s] Level 1:colcon.colcon_core.package_identification:_identify(src) by extension 'colcon_pkg'
[0.795s] Level 1:colcon.colcon_core.package_identification:_identify(src) by extensions ['colcon_meta']
[0.795s] Level 1:colcon.colcon_core.package_identification:_identify(src) by extension 'colcon_meta'
[0.795s] Level 1:colcon.colcon_core.package_identification:_identify(src) by extensions ['ros']
[0.795s] Level 1:colcon.colcon_core.package_identification:_identify(src) by extension 'ros'
[0.795s] Level 1:colcon.colcon_core.package_identification:_identify(src) by extensions ['cmake', 'python']
[0.795s] Level 1:colcon.colcon_core.package_identification:_identify(src) by extension 'cmake'
[0.795s] Level 1:colcon.colcon_core.package_identification:_identify(src) by extension 'python'
[0.796s] Level 1:colcon.colcon_core.package_identification:_identify(src) by extensions ['python_setup_py']
[0.796s] Level 1:colcon.colcon_core.package_identification:_identify(src) by extension 'python_setup_py'
[0.796s] Level 1:colcon.colcon_core.package_identification:_identify(src/my_robot_controller) by extensions ['ignore', 'ignore_ament_install']
[0.796s] Level 1:colcon.colcon_core.package_identification:_identify(src/my_robot_controller) by extension 'ignore'
[0.796s] Level 1:colcon.colcon_core.package_identification:_identify(src/my_robot_controller) by extension 'ignore_ament_install'
[0.796s] Level 1:colcon.colcon_core.package_identification:_identify(src/my_robot_controller) by extensions ['colcon_pkg']
[0.796s] Level 1:colcon.colcon_core.package_identification:_identify(src/my_robot_controller) by extension 'colcon_pkg'
[0.796s] Level 1:colcon.colcon_core.package_identification:_identify(src/my_robot_controller) by extensions ['colcon_meta']
[0.796s] Level 1:colcon.colcon_core.package_identification:_identify(src/my_robot_controller) by extension 'colcon_meta'
[0.796s] Level 1:colcon.colcon_core.package_identification:_identify(src/my_robot_controller) by extensions ['ros']
[0.796s] Level 1:colcon.colcon_core.package_identification:_identify(src/my_robot_controller) by extension 'ros'
[0.797s] DEBUG:colcon.colcon_core.package_identification:Package 'src/my_robot_controller' with type 'ros.ament_python' and name 'my_robot_controller'
[0.797s] Level 1:colcon.colcon_core.package_identification:_identify(src/turtlebot3_simulations) by extensions ['ignore', 'ignore_ament_install']
[0.797s] Level 1:colcon.colcon_core.package_identification:_identify(src/turtlebot3_simulations) by extension 'ignore'
[0.797s] Level 1:colcon.colcon_core.package_identification:_identify(src/turtlebot3_simulations) by extension 'ignore_ament_install'
[0.797s] Level 1:colcon.colcon_core.package_identification:_identify(src/turtlebot3_simulations) by extensions ['colcon_pkg']
[0.797s] Level 1:colcon.colcon_core.package_identification:_identify(src/turtlebot3_simulations) by extension 'colcon_pkg'
[0.798s] Level 1:colcon.colcon_core.package_identification:_identify(src/turtlebot3_simulations) by extensions ['colcon_meta']
[0.798s] Level 1:colcon.colcon_core.package_identification:_identify(src/turtlebot3_simulations) by extension 'colcon_meta'
[0.798s] Level 1:colcon.colcon_core.package_identification:_identify(src/turtlebot3_simulations) by extensions ['ros']
[0.798s] Level 1:colcon.colcon_core.package_identification:_identify(src/turtlebot3_simulations) by extension 'ros'
[0.798s] Level 1:colcon.colcon_core.package_identification:_identify(src/turtlebot3_simulations) by extensions ['cmake', 'python']
[0.798s] Level 1:colcon.colcon_core.package_identification:_identify(src/turtlebot3_simulations) by extension 'cmake'
[0.798s] Level 1:colcon.colcon_core.package_identification:_identify(src/turtlebot3_simulations) by extension 'python'
[0.798s] Level 1:colcon.colcon_core.package_identification:_identify(src/turtlebot3_simulations) by extensions ['python_setup_py']
[0.798s] Level 1:colcon.colcon_core.package_identification:_identify(src/turtlebot3_simulations) by extension 'python_setup_py'
[0.798s] Level 1:colcon.colcon_core.package_identification:_identify(src/turtlebot3_simulations/turtlebot3_fake_node) by extensions ['ignore', 'ignore_ament_install']
[0.798s] Level 1:colcon.colcon_core.package_identification:_identify(src/turtlebot3_simulations/turtlebot3_fake_node) by extension 'ignore'
[0.798s] Level 1:colcon.colcon_core.package_identification:_identify(src/turtlebot3_simulations/turtlebot3_fake_node) by extension 'ignore_ament_install'
[0.798s] Level 1:colcon.colcon_core.package_identification:_identify(src/turtlebot3_simulations/turtlebot3_fake_node) by extensions ['colcon_pkg']
[0.798s] Level 1:colcon.colcon_core.package_identification:_identify(src/turtlebot3_simulations/turtlebot3_fake_node) by extension 'colcon_pkg'
[0.798s] Level 1:colcon.colcon_core.package_identification:_identify(src/turtlebot3_simulations/turtlebot3_fake_node) by extensions ['colcon_meta']
[0.798s] Level 1:colcon.colcon_core.package_identification:_identify(src/turtlebot3_simulations/turtlebot3_fake_node) by extension 'colcon_meta'
[0.798s] Level 1:colcon.colcon_core.package_identification:_identify(src/turtlebot3_simulations/turtlebot3_fake_node) by extensions ['ros']
[0.798s] Level 1:colcon.colcon_core.package_identification:_identify(src/turtlebot3_simulations/turtlebot3_fake_node) by extension 'ros'
[0.799s] DEBUG:colcon.colcon_core.package_identification:Package 'src/turtlebot3_simulations/turtlebot3_fake_node' with type 'ros.ament_cmake' and name 'turtlebot3_fake_node'
[0.799s] Level 1:colcon.colcon_core.package_identification:_identify(src/turtlebot3_simulations/turtlebot3_gazebo) by extensions ['ignore', 'ignore_ament_install']
[0.799s] Level 1:colcon.colcon_core.package_identification:_identify(src/turtlebot3_simulations/turtlebot3_gazebo) by extension 'ignore'
[0.799s] Level 1:colcon.colcon_core.package_identification:_identify(src/turtlebot3_simulations/turtlebot3_gazebo) by extension 'ignore_ament_install'
[0.799s] Level 1:colcon.colcon_core.package_identification:_identify(src/turtlebot3_simulations/turtlebot3_gazebo) by extensions ['colcon_pkg']
[0.799s] Level 1:colcon.colcon_core.package_identification:_identify(src/turtlebot3_simulations/turtlebot3_gazebo) by extension 'colcon_pkg'
[0.799s] Level 1:colcon.colcon_core.package_identification:_identify(src/turtlebot3_simulations/turtlebot3_gazebo) by extensions ['colcon_meta']
[0.799s] Level 1:colcon.colcon_core.package_identification:_identify(src/turtlebot3_simulations/turtlebot3_gazebo) by extension 'colcon_meta'
[0.799s] Level 1:colcon.colcon_core.package_identification:_identify(src/turtlebot3_simulations/turtlebot3_gazebo) by extensions ['ros']
[0.799s] Level 1:colcon.colcon_core.package_identification:_identify(src/turtlebot3_simulations/turtlebot3_gazebo) by extension 'ros'
[0.799s] DEBUG:colcon.colcon_core.package_identification:Package 'src/turtlebot3_simulations/turtlebot3_gazebo' with type 'ros.ament_cmake' and name 'turtlebot3_gazebo'
[0.799s] Level 1:colcon.colcon_core.package_discovery:discover_packages(recursive) using defaults
[0.799s] Level 1:colcon.colcon_core.package_discovery:discover_packages(ignore) discover
[0.799s] Level 1:colcon.colcon_core.package_discovery:discover_packages(ignore) using defaults
[0.799s] Level 1:colcon.colcon_core.package_discovery:discover_packages(path) discover
[0.799s] Level 1:colcon.colcon_core.package_discovery:discover_packages(path) using defaults
[0.854s] Level 1:colcon.colcon_core.package_discovery:discover_packages(prefix_path) check parameters
[0.854s] Level 1:colcon.colcon_core.package_discovery:discover_packages(prefix_path) discover
[0.871s] DEBUG:colcon.colcon_installed_package_information.package_discovery:Found 1 installed packages in /home/autolab/ros2_ws/install
[0.880s] DEBUG:colcon.colcon_installed_package_information.package_discovery:Found 0 installed packages in /home/autolab/ros2_ws/src/my_robot_controller/my_robot_controller/install
[0.889s] DEBUG:colcon.colcon_installed_package_information.package_discovery:Found 441 installed packages in /opt/ros/humble
[0.890s] Level 1:colcon.colcon_core.package_discovery:discover_packages(prefix_path) using defaults
[0.952s] Level 5:colcon.colcon_core.verb:set package 'my_robot_controller' build argument 'cmake_args' from command line to 'None'
[0.952s] Level 5:colcon.colcon_core.verb:set package 'my_robot_controller' build argument 'cmake_target' from command line to 'None'
[0.952s] Level 5:colcon.colcon_core.verb:set package 'my_robot_controller' build argument 'cmake_target_skip_unavailable' from command line to 'False'
[0.952s] Level 5:colcon.colcon_core.verb:set package 'my_robot_controller' build argument 'cmake_clean_cache' from command line to 'False'
[0.952s] Level 5:colcon.colcon_core.verb:set package 'my_robot_controller' build argument 'cmake_clean_first' from command line to 'False'
[0.952s] Level 5:colcon.colcon_core.verb:set package 'my_robot_controller' build argument 'cmake_force_configure' from command line to 'False'
[0.952s] Level 5:colcon.colcon_core.verb:set package 'my_robot_controller' build argument 'ament_cmake_args' from command line to 'None'
[0.952s] Level 5:colcon.colcon_core.verb:set package 'my_robot_controller' build argument 'catkin_cmake_args' from command line to 'None'
[0.952s] Level 5:colcon.colcon_core.verb:set package 'my_robot_controller' build argument 'catkin_skip_building_tests' from command line to 'False'
[0.952s] DEBUG:colcon.colcon_core.verb:Building package 'my_robot_controller' with the following arguments: {'ament_cmake_args': None, 'build_base': '/home/autolab/ros2_ws/build/my_robot_controller', 'catkin_cmake_args': None, 'catkin_skip_building_tests': False, 'cmake_args': None, 'cmake_clean_cache': False, 'cmake_clean_first': False, 'cmake_force_configure': False, 'cmake_target': None, 'cmake_target_skip_unavailable': False, 'install_base': '/home/autolab/ros2_ws/install/my_robot_controller', 'merge_install': False, 'path': '/home/autolab/ros2_ws/src/my_robot_controller', 'symlink_install': True, 'test_result_base': None}
[0.961s] Level 5:colcon.colcon_core.verb:set package 'turtlebot3_fake_node' build argument 'cmake_args' from command line to 'None'
[0.961s] Level 5:colcon.colcon_core.verb:set package 'turtlebot3_fake_node' build argument 'cmake_target' from command line to 'None'
[0.961s] Level 5:colcon.colcon_core.verb:set package 'turtlebot3_fake_node' build argument 'cmake_target_skip_unavailable' from command line to 'False'
[0.961s] Level 5:colcon.colcon_core.verb:set package 'turtlebot3_fake_node' build argument 'cmake_clean_cache' from command line to 'False'
[0.961s] Level 5:colcon.colcon_core.verb:set package 'turtlebot3_fake_node' build argument 'cmake_clean_first' from command line to 'False'
[0.961s] Level 5:colcon.colcon_core.verb:set package 'turtlebot3_fake_node' build argument 'cmake_force_configure' from command line to 'False'
[0.961s] Level 5:colcon.colcon_core.verb:set package 'turtlebot3_fake_node' build argument 'ament_cmake_args' from command line to 'None'
[0.961s] Level 5:colcon.colcon_core.verb:set package 'turtlebot3_fake_node' build argument 'catkin_cmake_args' from command line to 'None'
[0.961s] Level 5:colcon.colcon_core.verb:set package 'turtlebot3_fake_node' build argument 'catkin_skip_building_tests' from command line to 'False'
[0.961s] DEBUG:colcon.colcon_core.verb:Building package 'turtlebot3_fake_node' with the following arguments: {'ament_cmake_args': None, 'build_base': '/home/autolab/ros2_ws/build/turtlebot3_fake_node', 'catkin_cmake_args': None, 'catkin_skip_building_tests': False, 'cmake_args': None, 'cmake_clean_cache': False, 'cmake_clean_first': False, 'cmake_force_configure': False, 'cmake_target': None, 'cmake_target_skip_unavailable': False, 'install_base': '/home/autolab/ros2_ws/install/turtlebot3_fake_node', 'merge_install': False, 'path': '/home/autolab/ros2_ws/src/turtlebot3_simulations/turtlebot3_fake_node', 'symlink_install': True, 'test_result_base': None}
[0.969s] Level 5:colcon.colcon_core.verb:set package 'turtlebot3_gazebo' build argument 'cmake_args' from command line to 'None'
[0.970s] Level 5:colcon.colcon_core.verb:set package 'turtlebot3_gazebo' build argument 'cmake_target' from command line to 'None'
[0.970s] Level 5:colcon.colcon_core.verb:set package 'turtlebot3_gazebo' build argument 'cmake_target_skip_unavailable' from command line to 'False'
[0.970s] Level 5:colcon.colcon_core.verb:set package 'turtlebot3_gazebo' build argument 'cmake_clean_cache' from command line to 'False'
[0.970s] Level 5:colcon.colcon_core.verb:set package 'turtlebot3_gazebo' build argument 'cmake_clean_first' from command line to 'False'
[0.970s] Level 5:colcon.colcon_core.verb:set package 'turtlebot3_gazebo' build argument 'cmake_force_configure' from command line to 'False'
[0.970s] Level 5:colcon.colcon_core.verb:set package 'turtlebot3_gazebo' build argument 'ament_cmake_args' from command line to 'None'
[0.970s] Level 5:colcon.colcon_core.verb:set package 'turtlebot3_gazebo' build argument 'catkin_cmake_args' from command line to 'None'
[0.970s] Level 5:colcon.colcon_core.verb:set package 'turtlebot3_gazebo' build argument 'catkin_skip_building_tests' from command line to 'False'
[0.970s] DEBUG:colcon.colcon_core.verb:Building package 'turtlebot3_gazebo' with the following arguments: {'ament_cmake_args': None, 'build_base': '/home/autolab/ros2_ws/build/turtlebot3_gazebo', 'catkin_cmake_args': None, 'catkin_skip_building_tests': False, 'cmake_args': None, 'cmake_clean_cache': False, 'cmake_clean_first': False, 'cmake_force_configure': False, 'cmake_target': None, 'cmake_target_skip_unavailable': False, 'install_base': '/home/autolab/ros2_ws/install/turtlebot3_gazebo', 'merge_install': False, 'path': '/home/autolab/ros2_ws/src/turtlebot3_simulations/turtlebot3_gazebo', 'symlink_install': True, 'test_result_base': None}
[0.978s] INFO:colcon.colcon_core.executor:Executing jobs using 'parallel' executor
[0.987s] DEBUG:colcon.colcon_parallel_executor.executor.parallel:run_until_complete
[0.987s] INFO:colcon.colcon_ros.task.ament_python.build:Building ROS package in '/home/autolab/ros2_ws/src/my_robot_controller' with build type 'ament_python'
[0.987s] Level 1:colcon.colcon_core.shell:create_environment_hook('my_robot_controller', 'ament_prefix_path')
[1.008s] INFO:colcon.colcon_core.plugin_system:Skipping extension 'colcon_core.shell.bat': Not used on non-Windows systems
[1.008s] INFO:colcon.colcon_core.shell:Creating environment hook '/home/autolab/ros2_ws/install/my_robot_controller/share/my_robot_controller/hook/ament_prefix_path.ps1'
[1.008s] INFO:colcon.colcon_core.shell:Creating environment descriptor '/home/autolab/ros2_ws/install/my_robot_controller/share/my_robot_controller/hook/ament_prefix_path.dsv'
[1.009s] INFO:colcon.colcon_core.shell:Creating environment hook '/home/autolab/ros2_ws/install/my_robot_controller/share/my_robot_controller/hook/ament_prefix_path.sh'
[1.018s] INFO:colcon.colcon_core.shell:Skip shell extension 'powershell' for command environment: Not usable outside of PowerShell
[1.018s] DEBUG:colcon.colcon_core.shell:Skip shell extension 'dsv' for command environment
[1.055s] INFO:colcon.colcon_ros.task.ament_cmake.build:Building ROS package in '/home/autolab/ros2_ws/src/turtlebot3_simulations/turtlebot3_fake_node' with build type 'ament_cmake'
[1.055s] INFO:colcon.colcon_cmake.task.cmake.build:Building CMake package in '/home/autolab/ros2_ws/src/turtlebot3_simulations/turtlebot3_fake_node'
[1.064s] INFO:colcon.colcon_core.shell:Skip shell extension 'powershell' for command environment: Not usable outside of PowerShell
[1.064s] DEBUG:colcon.colcon_core.shell:Skip shell extension 'dsv' for command environment
[1.101s] INFO:colcon.colcon_ros.task.ament_cmake.build:Building ROS package in '/home/autolab/ros2_ws/src/turtlebot3_simulations/turtlebot3_gazebo' with build type 'ament_cmake'
[1.101s] INFO:colcon.colcon_cmake.task.cmake.build:Building CMake package in '/home/autolab/ros2_ws/src/turtlebot3_simulations/turtlebot3_gazebo'
[1.110s] INFO:colcon.colcon_core.shell:Skip shell extension 'powershell' for command environment: Not usable outside of PowerShell
[1.110s] DEBUG:colcon.colcon_core.shell:Skip shell extension 'dsv' for command environment
[1.330s] INFO:colcon.colcon_core.task.python.build:Building Python package in '/home/autolab/ros2_ws/src/my_robot_controller'
[1.339s] INFO:colcon.colcon_core.shell:Skip shell extension 'powershell' for command environment: Not usable outside of PowerShell
[1.339s] DEBUG:colcon.colcon_core.shell:Skip shell extension 'dsv' for command environment
[1.385s] DEBUG:colcon.colcon_core.event_handler.log_command:Invoking command in '/home/autolab/ros2_ws/build/turtlebot3_fake_node': CMAKE_PREFIX_PATH=/home/autolab/ros2_ws/install/my_robot_controller:/opt/ros/humble /usr/bin/cmake /home/autolab/ros2_ws/src/turtlebot3_simulations/turtlebot3_fake_node -DAMENT_CMAKE_SYMLINK_INSTALL=1 -DCMAKE_INSTALL_PREFIX=/home/autolab/ros2_ws/install/turtlebot3_fake_node
[1.386s] DEBUG:colcon.colcon_core.event_handler.log_command:Invoking command in '/home/autolab/ros2_ws/build/turtlebot3_gazebo': CMAKE_PREFIX_PATH=/home/autolab/ros2_ws/install/my_robot_controller:/opt/ros/humble /usr/bin/cmake /home/autolab/ros2_ws/src/turtlebot3_simulations/turtlebot3_gazebo -DAMENT_CMAKE_SYMLINK_INSTALL=1 -DCMAKE_INSTALL_PREFIX=/home/autolab/ros2_ws/install/turtlebot3_gazebo
[1.677s] DEBUG:colcon.colcon_core.task.python.build:While undoing a previous installation files outside the Python library path are being ignored: /home/autolab/ros2_ws/install/my_robot_controller/share/ament_index/resource_index/packages/my_robot_controller
[1.677s] DEBUG:colcon.colcon_core.task.python.build:While undoing a previous installation files outside the Python library path are being ignored: /home/autolab/ros2_ws/install/my_robot_controller/share/my_robot_controller/package.xml
[1.677s] DEBUG:colcon.colcon_core.task.python.build:While undoing a previous installation files outside the Python library path are being ignored: /home/autolab/ros2_ws/install/my_robot_controller/lib/my_robot_controller/draw_circle
[1.677s] DEBUG:colcon.colcon_core.task.python.build:While undoing a previous installation files outside the Python library path are being ignored: /home/autolab/ros2_ws/install/my_robot_controller/lib/my_robot_controller/test_node
[1.679s] DEBUG:colcon.colcon_core.event_handler.log_command:Invoking command in '/home/autolab/ros2_ws/build/my_robot_controller': PYTHONPATH=/home/autolab/ros2_ws/build/my_robot_controller/prefix_override:/home/autolab/ros2_ws/install/my_robot_controller/lib/python3.10/site-packages:${PYTHONPATH} /usr/bin/python3 setup.py develop --editable --build-directory /home/autolab/ros2_ws/build/my_robot_controller/build --no-deps install_data
[1.979s] Level 1:colcon.colcon_core.shell:create_environment_hook('my_robot_controller', 'pythonpath_develop')
[1.980s] DEBUG:colcon.colcon_core.event_handler.log_command:Invoked command in '/home/autolab/ros2_ws/build/my_robot_controller' returned '0': PYTHONPATH=/home/autolab/ros2_ws/build/my_robot_controller/prefix_override:/home/autolab/ros2_ws/install/my_robot_controller/lib/python3.10/site-packages:${PYTHONPATH} /usr/bin/python3 setup.py develop --editable --build-directory /home/autolab/ros2_ws/build/my_robot_controller/build --no-deps install_data
[1.990s] INFO:colcon.colcon_core.shell:Creating environment hook '/home/autolab/ros2_ws/build/my_robot_controller/share/my_robot_controller/hook/pythonpath_develop.ps1'
[1.990s] INFO:colcon.colcon_core.shell:Creating environment descriptor '/home/autolab/ros2_ws/build/my_robot_controller/share/my_robot_controller/hook/pythonpath_develop.dsv'
[1.990s] INFO:colcon.colcon_core.shell:Creating environment hook '/home/autolab/ros2_ws/build/my_robot_controller/share/my_robot_controller/hook/pythonpath_develop.sh'
[2.002s] Level 1:colcon.colcon_core.environment:checking '/home/autolab/ros2_ws/install/my_robot_controller' for CMake module files
[2.003s] Level 1:colcon.colcon_core.environment:checking '/home/autolab/ros2_ws/install/my_robot_controller' for CMake config files
[2.003s] Level 1:colcon.colcon_core.environment:checking '/home/autolab/ros2_ws/install/my_robot_controller/lib'
[2.003s] Level 1:colcon.colcon_core.environment:checking '/home/autolab/ros2_ws/install/my_robot_controller/bin'
[2.003s] Level 1:colcon.colcon_core.environment:checking '/home/autolab/ros2_ws/install/my_robot_controller/lib/pkgconfig/my_robot_controller.pc'
[2.003s] Level 1:colcon.colcon_core.environment:checking '/home/autolab/ros2_ws/install/my_robot_controller/lib/python3.10/site-packages'
[2.003s] Level 1:colcon.colcon_core.shell:create_environment_hook('my_robot_controller', 'pythonpath')
[2.012s] INFO:colcon.colcon_core.shell:Creating environment hook '/home/autolab/ros2_ws/install/my_robot_controller/share/my_robot_controller/hook/pythonpath.ps1'
[2.013s] INFO:colcon.colcon_core.shell:Creating environment descriptor '/home/autolab/ros2_ws/install/my_robot_controller/share/my_robot_controller/hook/pythonpath.dsv'
[2.013s] INFO:colcon.colcon_core.shell:Creating environment hook '/home/autolab/ros2_ws/install/my_robot_controller/share/my_robot_controller/hook/pythonpath.sh'
[2.013s] Level 1:colcon.colcon_core.environment:checking '/home/autolab/ros2_ws/install/my_robot_controller/bin'
[2.013s] Level 1:colcon.colcon_core.environment:create_environment_scripts_only(my_robot_controller)
[2.022s] INFO:colcon.colcon_core.shell:Creating package script '/home/autolab/ros2_ws/install/my_robot_controller/share/my_robot_controller/package.ps1'
[2.023s] INFO:colcon.colcon_core.shell:Creating package descriptor '/home/autolab/ros2_ws/install/my_robot_controller/share/my_robot_controller/package.dsv'
[2.023s] INFO:colcon.colcon_core.shell:Creating package script '/home/autolab/ros2_ws/install/my_robot_controller/share/my_robot_controller/package.sh'
[2.024s] INFO:colcon.colcon_core.shell:Creating package script '/home/autolab/ros2_ws/install/my_robot_controller/share/my_robot_controller/package.bash'
[2.024s] INFO:colcon.colcon_core.shell:Creating package script '/home/autolab/ros2_ws/install/my_robot_controller/share/my_robot_controller/package.zsh'
[2.025s] Level 1:colcon.colcon_core.environment:create_file_with_runtime_dependencies(/home/autolab/ros2_ws/install/my_robot_controller/share/colcon-core/packages/my_robot_controller)
[2.552s] DEBUG:colcon.colcon_core.event_handler.log_command:Invoked command in '/home/autolab/ros2_ws/build/turtlebot3_fake_node' returned '0': CMAKE_PREFIX_PATH=/home/autolab/ros2_ws/install/my_robot_controller:/opt/ros/humble /usr/bin/cmake /home/autolab/ros2_ws/src/turtlebot3_simulations/turtlebot3_fake_node -DAMENT_CMAKE_SYMLINK_INSTALL=1 -DCMAKE_INSTALL_PREFIX=/home/autolab/ros2_ws/install/turtlebot3_fake_node
[2.552s] DEBUG:colcon.colcon_core.event_handler.log_command:Invoking command in '/home/autolab/ros2_ws/build/turtlebot3_fake_node': CMAKE_PREFIX_PATH=/home/autolab/ros2_ws/install/my_robot_controller:/opt/ros/humble /usr/bin/cmake --build /home/autolab/ros2_ws/build/turtlebot3_fake_node -- -j20 -l20
[2.882s] DEBUG:colcon.colcon_core.event_handler.log_command:Invoked command in '/home/autolab/ros2_ws/build/turtlebot3_gazebo' returned '0': CMAKE_PREFIX_PATH=/home/autolab/ros2_ws/install/my_robot_controller:/opt/ros/humble /usr/bin/cmake /home/autolab/ros2_ws/src/turtlebot3_simulations/turtlebot3_gazebo -DAMENT_CMAKE_SYMLINK_INSTALL=1 -DCMAKE_INSTALL_PREFIX=/home/autolab/ros2_ws/install/turtlebot3_gazebo
[2.882s] DEBUG:colcon.colcon_core.event_handler.log_command:Invoking command in '/home/autolab/ros2_ws/build/turtlebot3_gazebo': CMAKE_PREFIX_PATH=/home/autolab/ros2_ws/install/my_robot_controller:/opt/ros/humble /usr/bin/cmake --build /home/autolab/ros2_ws/build/turtlebot3_gazebo -- -j20 -l20
[8.852s] DEBUG:colcon.colcon_core.event_handler.log_command:Invoked command in '/home/autolab/ros2_ws/build/turtlebot3_fake_node' returned '0': CMAKE_PREFIX_PATH=/home/autolab/ros2_ws/install/my_robot_controller:/opt/ros/humble /usr/bin/cmake --build /home/autolab/ros2_ws/build/turtlebot3_fake_node -- -j20 -l20
[8.874s] DEBUG:colcon.colcon_core.event_handler.log_command:Invoking command in '/home/autolab/ros2_ws/build/turtlebot3_fake_node': CMAKE_PREFIX_PATH=/home/autolab/ros2_ws/install/my_robot_controller:/opt/ros/humble /usr/bin/cmake --install /home/autolab/ros2_ws/build/turtlebot3_fake_node
[9.018s] Level 1:colcon.colcon_core.environment:create_environment_scripts_only(turtlebot3_fake_node)
[9.019s] DEBUG:colcon.colcon_core.event_handler.log_command:Invoked command in '/home/autolab/ros2_ws/build/turtlebot3_fake_node' returned '0': CMAKE_PREFIX_PATH=/home/autolab/ros2_ws/install/my_robot_controller:/opt/ros/humble /usr/bin/cmake --install /home/autolab/ros2_ws/build/turtlebot3_fake_node
[9.028s] Level 1:colcon.colcon_core.environment:checking '/home/autolab/ros2_ws/install/turtlebot3_fake_node' for CMake module files
[9.029s] Level 1:colcon.colcon_core.environment:checking '/home/autolab/ros2_ws/install/turtlebot3_fake_node' for CMake config files
[9.029s] Level 1:colcon.colcon_core.shell:create_environment_hook('turtlebot3_fake_node', 'cmake_prefix_path')
[9.038s] INFO:colcon.colcon_core.shell:Creating environment hook '/home/autolab/ros2_ws/install/turtlebot3_fake_node/share/turtlebot3_fake_node/hook/cmake_prefix_path.ps1'
[9.038s] INFO:colcon.colcon_core.shell:Creating environment descriptor '/home/autolab/ros2_ws/install/turtlebot3_fake_node/share/turtlebot3_fake_node/hook/cmake_prefix_path.dsv'
[9.039s] INFO:colcon.colcon_core.shell:Creating environment hook '/home/autolab/ros2_ws/install/turtlebot3_fake_node/share/turtlebot3_fake_node/hook/cmake_prefix_path.sh'
[9.039s] Level 1:colcon.colcon_core.environment:checking '/home/autolab/ros2_ws/install/turtlebot3_fake_node/lib'
[9.039s] Level 1:colcon.colcon_core.environment:checking '/home/autolab/ros2_ws/install/turtlebot3_fake_node/bin'
[9.039s] Level 1:colcon.colcon_core.environment:checking '/home/autolab/ros2_ws/install/turtlebot3_fake_node/lib/pkgconfig/turtlebot3_fake_node.pc'
[9.039s] Level 1:colcon.colcon_core.environment:checking '/home/autolab/ros2_ws/install/turtlebot3_fake_node/lib/python3.10/site-packages'
[9.039s] Level 1:colcon.colcon_core.environment:checking '/home/autolab/ros2_ws/install/turtlebot3_fake_node/bin'
[9.048s] INFO:colcon.colcon_core.shell:Creating package script '/home/autolab/ros2_ws/install/turtlebot3_fake_node/share/turtlebot3_fake_node/package.ps1'
[9.049s] INFO:colcon.colcon_core.shell:Creating package descriptor '/home/autolab/ros2_ws/install/turtlebot3_fake_node/share/turtlebot3_fake_node/package.dsv'
[9.049s] INFO:colcon.colcon_core.shell:Creating package script '/home/autolab/ros2_ws/install/turtlebot3_fake_node/share/turtlebot3_fake_node/package.sh'
[9.049s] INFO:colcon.colcon_core.shell:Creating package script '/home/autolab/ros2_ws/install/turtlebot3_fake_node/share/turtlebot3_fake_node/package.bash'
[9.049s] INFO:colcon.colcon_core.shell:Creating package script '/home/autolab/ros2_ws/install/turtlebot3_fake_node/share/turtlebot3_fake_node/package.zsh'
[9.049s] Level 1:colcon.colcon_core.environment:create_file_with_runtime_dependencies(/home/autolab/ros2_ws/install/turtlebot3_fake_node/share/colcon-core/packages/turtlebot3_fake_node)
[9.074s] Level 1:colcon.colcon_core.environment:create_environment_scripts_only(turtlebot3_fake_node)
[9.083s] Level 1:colcon.colcon_core.environment:checking '/home/autolab/ros2_ws/install/turtlebot3_fake_node' for CMake module files
[9.083s] Level 1:colcon.colcon_core.environment:checking '/home/autolab/ros2_ws/install/turtlebot3_fake_node' for CMake config files
[9.083s] Level 1:colcon.colcon_core.shell:create_environment_hook('turtlebot3_fake_node', 'cmake_prefix_path')
[9.092s] INFO:colcon.colcon_core.shell:Creating environment hook '/home/autolab/ros2_ws/install/turtlebot3_fake_node/share/turtlebot3_fake_node/hook/cmake_prefix_path.ps1'
[9.093s] INFO:colcon.colcon_core.shell:Creating environment descriptor '/home/autolab/ros2_ws/install/turtlebot3_fake_node/share/turtlebot3_fake_node/hook/cmake_prefix_path.dsv'
[9.093s] INFO:colcon.colcon_core.shell:Creating environment hook '/home/autolab/ros2_ws/install/turtlebot3_fake_node/share/turtlebot3_fake_node/hook/cmake_prefix_path.sh'
[9.093s] Level 1:colcon.colcon_core.environment:checking '/home/autolab/ros2_ws/install/turtlebot3_fake_node/lib'
[9.093s] Level 1:colcon.colcon_core.environment:checking '/home/autolab/ros2_ws/install/turtlebot3_fake_node/bin'
[9.093s] Level 1:colcon.colcon_core.environment:checking '/home/autolab/ros2_ws/install/turtlebot3_fake_node/lib/pkgconfig/turtlebot3_fake_node.pc'
[9.093s] Level 1:colcon.colcon_core.environment:checking '/home/autolab/ros2_ws/install/turtlebot3_fake_node/lib/python3.10/site-packages'
[9.093s] Level 1:colcon.colcon_core.environment:checking '/home/autolab/ros2_ws/install/turtlebot3_fake_node/bin'
[9.102s] INFO:colcon.colcon_core.shell:Creating package script '/home/autolab/ros2_ws/install/turtlebot3_fake_node/share/turtlebot3_fake_node/package.ps1'
[9.103s] INFO:colcon.colcon_core.shell:Creating package descriptor '/home/autolab/ros2_ws/install/turtlebot3_fake_node/share/turtlebot3_fake_node/package.dsv'
[9.103s] INFO:colcon.colcon_core.shell:Creating package script '/home/autolab/ros2_ws/install/turtlebot3_fake_node/share/turtlebot3_fake_node/package.sh'
[9.103s] INFO:colcon.colcon_core.shell:Creating package script '/home/autolab/ros2_ws/install/turtlebot3_fake_node/share/turtlebot3_fake_node/package.bash'
[9.103s] INFO:colcon.colcon_core.shell:Creating package script '/home/autolab/ros2_ws/install/turtlebot3_fake_node/share/turtlebot3_fake_node/package.zsh'
[9.103s] Level 1:colcon.colcon_core.environment:create_file_with_runtime_dependencies(/home/autolab/ros2_ws/install/turtlebot3_fake_node/share/colcon-core/packages/turtlebot3_fake_node)
[10.376s] DEBUG:colcon.colcon_core.event_handler.log_command:Invoked command in '/home/autolab/ros2_ws/build/turtlebot3_gazebo' returned '0': CMAKE_PREFIX_PATH=/home/autolab/ros2_ws/install/my_robot_controller:/opt/ros/humble /usr/bin/cmake --build /home/autolab/ros2_ws/build/turtlebot3_gazebo -- -j20 -l20
[10.400s] DEBUG:colcon.colcon_core.event_handler.log_command:Invoking command in '/home/autolab/ros2_ws/build/turtlebot3_gazebo': CMAKE_PREFIX_PATH=/home/autolab/ros2_ws/install/my_robot_controller:/opt/ros/humble /usr/bin/cmake --install /home/autolab/ros2_ws/build/turtlebot3_gazebo
[11.244s] Level 1:colcon.colcon_core.environment:create_environment_scripts_only(turtlebot3_gazebo)
[11.245s] DEBUG:colcon.colcon_core.event_handler.log_command:Invoked command in '/home/autolab/ros2_ws/build/turtlebot3_gazebo' returned '0': CMAKE_PREFIX_PATH=/home/autolab/ros2_ws/install/my_robot_controller:/opt/ros/humble /usr/bin/cmake --install /home/autolab/ros2_ws/build/turtlebot3_gazebo
[11.266s] Level 1:colcon.colcon_core.environment:checking '/home/autolab/ros2_ws/install/turtlebot3_gazebo' for CMake module files
[11.266s] Level 1:colcon.colcon_core.environment:checking '/home/autolab/ros2_ws/install/turtlebot3_gazebo' for CMake config files
[11.267s] Level 1:colcon.colcon_core.shell:create_environment_hook('turtlebot3_gazebo', 'cmake_prefix_path')
[11.275s] INFO:colcon.colcon_core.shell:Creating environment hook '/home/autolab/ros2_ws/install/turtlebot3_gazebo/share/turtlebot3_gazebo/hook/cmake_prefix_path.ps1'
[11.276s] INFO:colcon.colcon_core.shell:Creating environment descriptor '/home/autolab/ros2_ws/install/turtlebot3_gazebo/share/turtlebot3_gazebo/hook/cmake_prefix_path.dsv'
[11.276s] INFO:colcon.colcon_core.shell:Creating environment hook '/home/autolab/ros2_ws/install/turtlebot3_gazebo/share/turtlebot3_gazebo/hook/cmake_prefix_path.sh'
[11.276s] Level 1:colcon.colcon_core.environment:checking '/home/autolab/ros2_ws/install/turtlebot3_gazebo/lib'
[11.276s] Level 1:colcon.colcon_core.environment:checking '/home/autolab/ros2_ws/install/turtlebot3_gazebo/bin'
[11.276s] Level 1:colcon.colcon_core.environment:checking '/home/autolab/ros2_ws/install/turtlebot3_gazebo/lib/pkgconfig/turtlebot3_gazebo.pc'
[11.276s] Level 1:colcon.colcon_core.environment:checking '/home/autolab/ros2_ws/install/turtlebot3_gazebo/lib/python3.10/site-packages'
[11.276s] Level 1:colcon.colcon_core.environment:checking '/home/autolab/ros2_ws/install/turtlebot3_gazebo/bin'
[11.285s] INFO:colcon.colcon_core.shell:Creating package script '/home/autolab/ros2_ws/install/turtlebot3_gazebo/share/turtlebot3_gazebo/package.ps1'
[11.285s] INFO:colcon.colcon_core.shell:Creating package descriptor '/home/autolab/ros2_ws/install/turtlebot3_gazebo/share/turtlebot3_gazebo/package.dsv'
[11.285s] INFO:colcon.colcon_core.shell:Creating package script '/home/autolab/ros2_ws/install/turtlebot3_gazebo/share/turtlebot3_gazebo/package.sh'
[11.286s] INFO:colcon.colcon_core.shell:Creating package script '/home/autolab/ros2_ws/install/turtlebot3_gazebo/share/turtlebot3_gazebo/package.bash'
[11.286s] INFO:colcon.colcon_core.shell:Creating package script '/home/autolab/ros2_ws/install/turtlebot3_gazebo/share/turtlebot3_gazebo/package.zsh'
[11.286s] Level 1:colcon.colcon_core.environment:create_file_with_runtime_dependencies(/home/autolab/ros2_ws/install/turtlebot3_gazebo/share/colcon-core/packages/turtlebot3_gazebo)
[11.324s] Level 1:colcon.colcon_core.environment:create_environment_scripts_only(turtlebot3_gazebo)
[11.334s] Level 1:colcon.colcon_core.environment:checking '/home/autolab/ros2_ws/install/turtlebot3_gazebo' for CMake module files
[11.334s] Level 1:colcon.colcon_core.environment:checking '/home/autolab/ros2_ws/install/turtlebot3_gazebo' for CMake config files
[11.334s] Level 1:colcon.colcon_core.shell:create_environment_hook('turtlebot3_gazebo', 'cmake_prefix_path')
[11.343s] INFO:colcon.colcon_core.shell:Creating environment hook '/home/autolab/ros2_ws/install/turtlebot3_gazebo/share/turtlebot3_gazebo/hook/cmake_prefix_path.ps1'
[11.353s] INFO:colcon.colcon_core.shell:Creating environment descriptor '/home/autolab/ros2_ws/install/turtlebot3_gazebo/share/turtlebot3_gazebo/hook/cmake_prefix_path.dsv'
[11.354s] INFO:colcon.colcon_core.shell:Creating environment hook '/home/autolab/ros2_ws/install/turtlebot3_gazebo/share/turtlebot3_gazebo/hook/cmake_prefix_path.sh'
[11.354s] Level 1:colcon.colcon_core.environment:checking '/home/autolab/ros2_ws/install/turtlebot3_gazebo/lib'
[11.354s] Level 1:colcon.colcon_core.environment:checking '/home/autolab/ros2_ws/install/turtlebot3_gazebo/bin'
[11.354s] Level 1:colcon.colcon_core.environment:checking '/home/autolab/ros2_ws/install/turtlebot3_gazebo/lib/pkgconfig/turtlebot3_gazebo.pc'
[11.354s] Level 1:colcon.colcon_core.environment:checking '/home/autolab/ros2_ws/install/turtlebot3_gazebo/lib/python3.10/site-packages'
[11.354s] Level 1:colcon.colcon_core.environment:checking '/home/autolab/ros2_ws/install/turtlebot3_gazebo/bin'
[11.364s] INFO:colcon.colcon_core.shell:Creating package script '/home/autolab/ros2_ws/install/turtlebot3_gazebo/share/turtlebot3_gazebo/package.ps1'
[11.364s] INFO:colcon.colcon_core.shell:Creating package descriptor '/home/autolab/ros2_ws/install/turtlebot3_gazebo/share/turtlebot3_gazebo/package.dsv'
[11.364s] INFO:colcon.colcon_core.shell:Creating package script '/home/autolab/ros2_ws/install/turtlebot3_gazebo/share/turtlebot3_gazebo/package.sh'
[11.365s] INFO:colcon.colcon_core.shell:Creating package script '/home/autolab/ros2_ws/install/turtlebot3_gazebo/share/turtlebot3_gazebo/package.bash'
[11.365s] INFO:colcon.colcon_core.shell:Creating package script '/home/autolab/ros2_ws/install/turtlebot3_gazebo/share/turtlebot3_gazebo/package.zsh'
[11.365s] Level 1:colcon.colcon_core.environment:create_file_with_runtime_dependencies(/home/autolab/ros2_ws/install/turtlebot3_gazebo/share/colcon-core/packages/turtlebot3_gazebo)
[11.365s] DEBUG:colcon.colcon_parallel_executor.executor.parallel:closing loop
[11.365s] DEBUG:colcon.colcon_parallel_executor.executor.parallel:loop closed
[11.365s] DEBUG:colcon.colcon_parallel_executor.executor.parallel:run_until_complete finished with '0'
[11.365s] DEBUG:colcon.colcon_core.event_reactor:joining thread
[11.378s] INFO:colcon.colcon_core.plugin_system:Skipping extension 'colcon_notification.desktop_notification.terminal_notifier': Not used on non-Darwin systems
[11.378s] INFO:colcon.colcon_core.plugin_system:Skipping extension 'colcon_notification.desktop_notification.win32': Not used on non-Windows systems
[11.378s] INFO:colcon.colcon_notification.desktop_notification:Sending desktop notification using 'notify2'
[11.390s] DEBUG:colcon.colcon_core.event_reactor:joined thread
[11.400s] INFO:colcon.colcon_core.shell:Creating prefix script '/home/autolab/ros2_ws/install/local_setup.ps1'
[11.401s] INFO:colcon.colcon_core.shell:Creating prefix util module '/home/autolab/ros2_ws/install/_local_setup_util_ps1.py'
[11.402s] INFO:colcon.colcon_core.shell:Creating prefix chain script '/home/autolab/ros2_ws/install/setup.ps1'
[11.411s] INFO:colcon.colcon_core.shell:Creating prefix script '/home/autolab/ros2_ws/install/local_setup.sh'
[11.412s] INFO:colcon.colcon_core.shell:Creating prefix util module '/home/autolab/ros2_ws/install/_local_setup_util_sh.py'
[11.412s] INFO:colcon.colcon_core.shell:Creating prefix chain script '/home/autolab/ros2_ws/install/setup.sh'
[11.421s] INFO:colcon.colcon_core.shell:Creating prefix script '/home/autolab/ros2_ws/install/local_setup.bash'
[11.422s] INFO:colcon.colcon_core.shell:Creating prefix chain script '/home/autolab/ros2_ws/install/setup.bash'
[11.431s] INFO:colcon.colcon_core.shell:Creating prefix script '/home/autolab/ros2_ws/install/local_setup.zsh'
[11.431s] INFO:colcon.colcon_core.shell:Creating prefix chain script '/home/autolab/ros2_ws/install/setup.zsh'
