[0.211s] Invoking command in '/home/autolab/ros2_ws/build/turtlebot3_teleop': /usr/bin/cmake /home/autolab/ros2_ws/src/turtlebot3/turtlebot3_teleop -DCATKIN_INSTALL_INTO_PREFIX_ROOT=0 -DCATKIN_SYMLINK_INSTALL=ON -DCMAKE_INSTALL_PREFIX=/home/autolab/ros2_ws/install/turtlebot3_teleop
[0.438s] -- The C compiler identification is GNU 11.4.0
[0.439s] -- The CXX compiler identification is GNU 11.4.0
[0.439s] -- Detecting C compiler ABI info
[0.439s] -- Detecting C compiler ABI info - done
[0.439s] -- Check for working C compiler: /usr/bin/cc - skipped
[0.439s] -- Detecting C compile features
[0.439s] -- Detecting C compile features - done
[0.439s] -- Detecting CXX compiler ABI info
[0.439s] -- Detecting CXX compiler ABI info - done
[0.439s] [0mCMake Deprecation Warning at CMakeLists.txt:4 (cmake_minimum_required):
[0.439s]   Compatibility with CMake < 2.8.12 will be removed from a future version of
[0.439s]   CMake.
[0.439s] 
[0.439s]   Update the VERSION argument <min> value or use a ...<max> suffix to tell
[0.439s]   CMake that the project does not need compatibility with older versions.
[0.439s] 
[0.439s] [0m
[0.444s] -- Check for working CXX compiler: /usr/bin/c++ - skipped
[0.444s] -- Detecting CXX compile features
[0.445s] -- Detecting CXX compile features - done
[0.454s] [31mCMake Error at CMakeLists.txt:10 (find_package):
[0.454s]   By not providing "Findcatkin.cmake" in CMAKE_MODULE_PATH this project has
[0.454s]   asked CMake to find a package configuration file provided by "catkin", but
[0.454s]   CMake did not find one.
[0.454s] 
[0.454s]   Could not find a package configuration file provided by "catkin" with any
[0.454s]   of the following names:
[0.454s] 
[0.454s]     catkinConfig.cmake
[0.454s]     catkin-config.cmake
[0.454s] 
[0.454s]   Add the installation prefix of "catkin" to CMAKE_PREFIX_PATH or set
[0.454s]   "catkin_DIR" to a directory containing one of the above files.  If "catkin"
[0.454s]   provides a separate development package or SDK, be sure it has been
[0.454s]   installed.
[0.454s] 
[0.454s] [0m
[0.454s] -- Configuring incomplete, errors occurred!
[0.454s] See also "/home/autolab/ros2_ws/build/turtlebot3_teleop/CMakeFiles/CMakeOutput.log".
[0.456s] Invoked command in '/home/autolab/ros2_ws/build/turtlebot3_teleop' returned '1': /usr/bin/cmake /home/autolab/ros2_ws/src/turtlebot3/turtlebot3_teleop -DCATKIN_INSTALL_INTO_PREFIX_ROOT=0 -DCATKIN_SYMLINK_INSTALL=ON -DCMAKE_INSTALL_PREFIX=/home/autolab/ros2_ws/install/turtlebot3_teleop
