[0.347s] Invoking command in '/home/autolab/ros2_ws/build/turtlebot3_cartographer': CMAKE_PREFIX_PATH=${CMAKE_PREFIX_PATH}:/home/autolab/ros2_ws/install/my_robot_controller:/opt/ros/humble /usr/bin/cmake /home/autolab/ros2_ws/src/turtlebot3/turtlebot3_cartographer -DAMENT_CMAKE_SYMLINK_INSTALL=1 -DCMAKE_INSTALL_PREFIX=/home/autolab/ros2_ws/install/turtlebot3_cartographer
[1.024s] -- The C compiler identification is GNU 11.4.0
[1.024s] -- The CXX compiler identification is GNU 11.4.0
[1.024s] -- Detecting C compiler ABI info
[1.024s] -- Detecting C compiler ABI info - done
[1.024s] -- Check for working C compiler: /usr/bin/cc - skipped
[1.024s] -- Detecting C compile features
[1.024s] -- Detecting C compile features - done
[1.024s] -- Detecting CXX compiler ABI info
[1.024s] -- Detecting CXX compiler ABI info - done
[1.024s] -- Check for working CXX compiler: /usr/bin/c++ - skipped
[1.024s] -- Detecting CXX compile features
[1.024s] -- Detecting CXX compile features - done
[1.024s] -- Found ament_cmake: 1.3.7 (/opt/ros/humble/share/ament_cmake/cmake)
[1.024s] -- Found Python3: /usr/bin/python3.10 (found version "3.10.12") found components: Interpreter 
[1.024s] -- Override CMake install command with custom implementation using symlinks instead of copying resources
[1.024s] -- Configuring done
[1.024s] -- Generating done
[1.024s] -- Build files have been written to: /home/autolab/ros2_ws/build/turtlebot3_cartographer
[1.030s] Invoked command in '/home/autolab/ros2_ws/build/turtlebot3_cartographer' returned '0': CMAKE_PREFIX_PATH=${CMAKE_PREFIX_PATH}:/home/autolab/ros2_ws/install/my_robot_controller:/opt/ros/humble /usr/bin/cmake /home/autolab/ros2_ws/src/turtlebot3/turtlebot3_cartographer -DAMENT_CMAKE_SYMLINK_INSTALL=1 -DCMAKE_INSTALL_PREFIX=/home/autolab/ros2_ws/install/turtlebot3_cartographer
[1.031s] Invoking command in '/home/autolab/ros2_ws/build/turtlebot3_cartographer': CMAKE_PREFIX_PATH=${CMAKE_PREFIX_PATH}:/home/autolab/ros2_ws/install/my_robot_controller:/opt/ros/humble /usr/bin/cmake --build /home/autolab/ros2_ws/build/turtlebot3_cartographer -- -j20 -l20
[1.052s] Invoked command in '/home/autolab/ros2_ws/build/turtlebot3_cartographer' returned '0': CMAKE_PREFIX_PATH=${CMAKE_PREFIX_PATH}:/home/autolab/ros2_ws/install/my_robot_controller:/opt/ros/humble /usr/bin/cmake --build /home/autolab/ros2_ws/build/turtlebot3_cartographer -- -j20 -l20
[1.070s] Invoking command in '/home/autolab/ros2_ws/build/turtlebot3_cartographer': CMAKE_PREFIX_PATH=${CMAKE_PREFIX_PATH}:/home/autolab/ros2_ws/install/my_robot_controller:/opt/ros/humble /usr/bin/cmake --install /home/autolab/ros2_ws/build/turtlebot3_cartographer
[1.074s] -- Install configuration: ""
[1.075s] -- Execute custom install script
[1.075s] -- Symlinking: /home/autolab/ros2_ws/install/turtlebot3_cartographer/share/turtlebot3_cartographer/config/turtlebot3_lds_2d.lua
[1.081s] -- Symlinking: /home/autolab/ros2_ws/install/turtlebot3_cartographer/share/turtlebot3_cartographer/launch/cartographer.launch.py
[1.087s] -- Symlinking: /home/autolab/ros2_ws/install/turtlebot3_cartographer/share/turtlebot3_cartographer/launch/occupancy_grid.launch.py
[1.093s] -- Symlinking: /home/autolab/ros2_ws/install/turtlebot3_cartographer/share/turtlebot3_cartographer/rviz/tb3_cartographer.rviz
[1.098s] -- Symlinking: /home/autolab/ros2_ws/install/turtlebot3_cartographer/share/ament_index/resource_index/package_run_dependencies/turtlebot3_cartographer
[1.104s] -- Symlinking: /home/autolab/ros2_ws/install/turtlebot3_cartographer/share/ament_index/resource_index/parent_prefix_path/turtlebot3_cartographer
[1.109s] -- Symlinking: /home/autolab/ros2_ws/install/turtlebot3_cartographer/share/turtlebot3_cartographer/environment/ament_prefix_path.sh
[1.114s] -- Symlinking: /home/autolab/ros2_ws/install/turtlebot3_cartographer/share/turtlebot3_cartographer/environment/ament_prefix_path.dsv
[1.120s] -- Symlinking: /home/autolab/ros2_ws/install/turtlebot3_cartographer/share/turtlebot3_cartographer/environment/path.sh
[1.124s] -- Symlinking: /home/autolab/ros2_ws/install/turtlebot3_cartographer/share/turtlebot3_cartographer/environment/path.dsv
[1.130s] -- Symlinking: /home/autolab/ros2_ws/install/turtlebot3_cartographer/share/turtlebot3_cartographer/local_setup.bash
[1.135s] -- Symlinking: /home/autolab/ros2_ws/install/turtlebot3_cartographer/share/turtlebot3_cartographer/local_setup.sh
[1.140s] -- Symlinking: /home/autolab/ros2_ws/install/turtlebot3_cartographer/share/turtlebot3_cartographer/local_setup.zsh
[1.145s] -- Symlinking: /home/autolab/ros2_ws/install/turtlebot3_cartographer/share/turtlebot3_cartographer/local_setup.dsv
[1.151s] -- Symlinking: /home/autolab/ros2_ws/install/turtlebot3_cartographer/share/turtlebot3_cartographer/package.dsv
[1.155s] -- Symlinking: /home/autolab/ros2_ws/install/turtlebot3_cartographer/share/ament_index/resource_index/packages/turtlebot3_cartographer
[1.160s] -- Symlinking: /home/autolab/ros2_ws/install/turtlebot3_cartographer/share/turtlebot3_cartographer/cmake/turtlebot3_cartographerConfig.cmake
[1.166s] -- Symlinking: /home/autolab/ros2_ws/install/turtlebot3_cartographer/share/turtlebot3_cartographer/cmake/turtlebot3_cartographerConfig-version.cmake
[1.173s] -- Symlinking: /home/autolab/ros2_ws/install/turtlebot3_cartographer/share/turtlebot3_cartographer/package.xml
[1.260s] Invoked command in '/home/autolab/ros2_ws/build/turtlebot3_cartographer' returned '0': CMAKE_PREFIX_PATH=${CMAKE_PREFIX_PATH}:/home/autolab/ros2_ws/install/my_robot_controller:/opt/ros/humble /usr/bin/cmake --install /home/autolab/ros2_ws/build/turtlebot3_cartographer
