[0.442s] Invoking command in '/home/autolab/ros2_ws/build/turtlebot3_description': CMAKE_PREFIX_PATH=${CMAKE_PREFIX_PATH}:/home/autolab/ros2_ws/install/my_robot_controller:/opt/ros/humble /usr/bin/cmake /home/autolab/ros2_ws/src/turtlebot3/turtlebot3_description -DAMENT_CMAKE_SYMLINK_INSTALL=1 -DCMAKE_INSTALL_PREFIX=/home/autolab/ros2_ws/install/turtlebot3_description
[1.120s] -- Found ament_cmake: 1.3.7 (/opt/ros/humble/share/ament_cmake/cmake)
[1.120s] -- Found Python3: /usr/bin/python3.10 (found version "3.10.12") found components: Interpreter 
[1.120s] -- Override CMake install command with custom implementation using symlinks instead of copying resources
[1.120s] -- Found urdf: 2.6.0 (/opt/ros/humble/share/urdf/cmake)
[1.121s] -- Configuring done
[1.121s] -- Generating done
[1.121s] -- Build files have been written to: /home/autolab/ros2_ws/build/turtlebot3_description
[1.128s] Invoked command in '/home/autolab/ros2_ws/build/turtlebot3_description' returned '0': CMAKE_PREFIX_PATH=${CMAKE_PREFIX_PATH}:/home/autolab/ros2_ws/install/my_robot_controller:/opt/ros/humble /usr/bin/cmake /home/autolab/ros2_ws/src/turtlebot3/turtlebot3_description -DAMENT_CMAKE_SYMLINK_INSTALL=1 -DCMAKE_INSTALL_PREFIX=/home/autolab/ros2_ws/install/turtlebot3_description
[1.128s] Invoking command in '/home/autolab/ros2_ws/build/turtlebot3_description': CMAKE_PREFIX_PATH=${CMAKE_PREFIX_PATH}:/home/autolab/ros2_ws/install/my_robot_controller:/opt/ros/humble /usr/bin/cmake --build /home/autolab/ros2_ws/build/turtlebot3_description -- -j20 -l20
[1.149s] Invoked command in '/home/autolab/ros2_ws/build/turtlebot3_description' returned '0': CMAKE_PREFIX_PATH=${CMAKE_PREFIX_PATH}:/home/autolab/ros2_ws/install/my_robot_controller:/opt/ros/humble /usr/bin/cmake --build /home/autolab/ros2_ws/build/turtlebot3_description -- -j20 -l20
[1.167s] Invoking command in '/home/autolab/ros2_ws/build/turtlebot3_description': CMAKE_PREFIX_PATH=${CMAKE_PREFIX_PATH}:/home/autolab/ros2_ws/install/my_robot_controller:/opt/ros/humble /usr/bin/cmake --install /home/autolab/ros2_ws/build/turtlebot3_description
[1.171s] -- Install configuration: ""
[1.172s] -- Execute custom install script
[1.172s] -- Symlinking: /home/autolab/ros2_ws/install/turtlebot3_description/share/turtlebot3_description/meshes/bases/burger_base.stl
[1.177s] -- Symlinking: /home/autolab/ros2_ws/install/turtlebot3_description/share/turtlebot3_description/meshes/bases/waffle_base.stl
[1.182s] -- Symlinking: /home/autolab/ros2_ws/install/turtlebot3_description/share/turtlebot3_description/meshes/bases/waffle_pi_base.stl
[1.187s] -- Symlinking: /home/autolab/ros2_ws/install/turtlebot3_description/share/turtlebot3_description/meshes/sensors/astra.dae
[1.192s] -- Symlinking: /home/autolab/ros2_ws/install/turtlebot3_description/share/turtlebot3_description/meshes/sensors/astra.jpg
[1.197s] -- Symlinking: /home/autolab/ros2_ws/install/turtlebot3_description/share/turtlebot3_description/meshes/sensors/lds.stl
[1.202s] -- Symlinking: /home/autolab/ros2_ws/install/turtlebot3_description/share/turtlebot3_description/meshes/sensors/r200.dae
[1.207s] -- Symlinking: /home/autolab/ros2_ws/install/turtlebot3_description/share/turtlebot3_description/meshes/sensors/r200.jpg
[1.213s] -- Symlinking: /home/autolab/ros2_ws/install/turtlebot3_description/share/turtlebot3_description/meshes/wheels/left_tire.stl
[1.218s] -- Symlinking: /home/autolab/ros2_ws/install/turtlebot3_description/share/turtlebot3_description/meshes/wheels/right_tire.stl
[1.223s] -- Symlinking: /home/autolab/ros2_ws/install/turtlebot3_description/share/turtlebot3_description/rviz/model.rviz
[1.229s] -- Symlinking: /home/autolab/ros2_ws/install/turtlebot3_description/share/turtlebot3_description/urdf/common_properties.urdf
[1.234s] -- Symlinking: /home/autolab/ros2_ws/install/turtlebot3_description/share/turtlebot3_description/urdf/turtlebot3_burger.urdf
[1.238s] -- Symlinking: /home/autolab/ros2_ws/install/turtlebot3_description/share/turtlebot3_description/urdf/turtlebot3_waffle.urdf
[1.244s] -- Symlinking: /home/autolab/ros2_ws/install/turtlebot3_description/share/turtlebot3_description/urdf/turtlebot3_waffle_pi.urdf
[1.248s] -- Symlinking: /home/autolab/ros2_ws/install/turtlebot3_description/share/ament_index/resource_index/package_run_dependencies/turtlebot3_description
[1.254s] -- Symlinking: /home/autolab/ros2_ws/install/turtlebot3_description/share/ament_index/resource_index/parent_prefix_path/turtlebot3_description
[1.259s] -- Symlinking: /home/autolab/ros2_ws/install/turtlebot3_description/share/turtlebot3_description/environment/ament_prefix_path.sh
[1.264s] -- Symlinking: /home/autolab/ros2_ws/install/turtlebot3_description/share/turtlebot3_description/environment/ament_prefix_path.dsv
[1.270s] -- Symlinking: /home/autolab/ros2_ws/install/turtlebot3_description/share/turtlebot3_description/environment/path.sh
[1.275s] -- Symlinking: /home/autolab/ros2_ws/install/turtlebot3_description/share/turtlebot3_description/environment/path.dsv
[1.281s] -- Symlinking: /home/autolab/ros2_ws/install/turtlebot3_description/share/turtlebot3_description/local_setup.bash
[1.286s] -- Symlinking: /home/autolab/ros2_ws/install/turtlebot3_description/share/turtlebot3_description/local_setup.sh
[1.291s] -- Symlinking: /home/autolab/ros2_ws/install/turtlebot3_description/share/turtlebot3_description/local_setup.zsh
[1.296s] -- Symlinking: /home/autolab/ros2_ws/install/turtlebot3_description/share/turtlebot3_description/local_setup.dsv
[1.301s] -- Symlinking: /home/autolab/ros2_ws/install/turtlebot3_description/share/turtlebot3_description/package.dsv
[1.306s] -- Symlinking: /home/autolab/ros2_ws/install/turtlebot3_description/share/ament_index/resource_index/packages/turtlebot3_description
[1.312s] -- Symlinking: /home/autolab/ros2_ws/install/turtlebot3_description/share/turtlebot3_description/cmake/turtlebot3_descriptionConfig.cmake
[1.318s] -- Symlinking: /home/autolab/ros2_ws/install/turtlebot3_description/share/turtlebot3_description/cmake/turtlebot3_descriptionConfig-version.cmake
[1.323s] -- Symlinking: /home/autolab/ros2_ws/install/turtlebot3_description/share/turtlebot3_description/package.xml
[1.398s] Invoked command in '/home/autolab/ros2_ws/build/turtlebot3_description' returned '0': CMAKE_PREFIX_PATH=${CMAKE_PREFIX_PATH}:/home/autolab/ros2_ws/install/my_robot_controller:/opt/ros/humble /usr/bin/cmake --install /home/autolab/ros2_ws/build/turtlebot3_description
