[0.411s] Invoking command in '/home/autolab/ros2_ws/build/turtlebot3_node': CMAKE_PREFIX_PATH=/home/autolab/ros2_ws/install/turtlebot3:/home/autolab/ros2_ws/install/turtlebot3_bringup:/home/autolab/ros2_ws/install/turtlebot3_node:/home/autolab/ros2_ws/install/turtlebot3_navigation2:/home/autolab/ros2_ws/install/turtlebot3_gazebo:/home/autolab/ros2_ws/install/turtlebot3_fake_node:/home/autolab/ros2_ws/install/turtlebot3_teleop:/home/autolab/ros2_ws/install/turtlebot3_example:/home/autolab/ros2_ws/install/my_robot_controller:/opt/ros/humble:/home/autolab/ros2_ws/install/turtlebot3_description:/home/autolab/ros2_ws/install/turtlebot3_cartographer /usr/bin/cmake /home/autolab/ros2_ws/src/turtlebot3/turtlebot3_node -DCMAKE_INSTALL_PREFIX=/home/autolab/ros2_ws/install/turtlebot3_node
[1.103s] -- Found ament_cmake: 1.3.7 (/opt/ros/humble/share/ament_cmake/cmake)
[1.103s] -- Override CMake install command with custom implementation using symlinks instead of copying resources
[1.103s] -- Found dynamixel_sdk: 3.7.60 (/opt/ros/humble/share/dynamixel_sdk/cmake)
[1.103s] -- Found geometry_msgs: 4.2.3 (/opt/ros/humble/share/geometry_msgs/cmake)
[1.103s] -- Found rosidl_generator_c: 3.1.5 (/opt/ros/humble/share/rosidl_generator_c/cmake)
[1.103s] -- Found rosidl_adapter: 3.1.5 (/opt/ros/humble/share/rosidl_adapter/cmake)
[1.103s] -- Found rosidl_generator_cpp: 3.1.5 (/opt/ros/humble/share/rosidl_generator_cpp/cmake)
[1.103s] -- Using all available rosidl_typesupport_c: rosidl_typesupport_fastrtps_c;rosidl_typesupport_introspection_c
[1.104s] -- Using all available rosidl_typesupport_cpp: rosidl_typesupport_fastrtps_cpp;rosidl_typesupport_introspection_cpp
[1.104s] -- Found message_filters: 4.3.3 (/opt/ros/humble/share/message_filters/cmake)
[1.104s] -- Found rmw_implementation_cmake: 6.1.1 (/opt/ros/humble/share/rmw_implementation_cmake/cmake)
[1.104s] -- Found rmw_cyclonedds_cpp: 1.3.4 (/opt/ros/humble/share/rmw_cyclonedds_cpp/cmake)
[1.104s] -- Using RMW implementation 'rmw_cyclonedds_cpp' as default
[1.104s] -- Found nav_msgs: 4.2.3 (/opt/ros/humble/share/nav_msgs/cmake)
[1.104s] -- Found sensor_msgs: 4.2.3 (/opt/ros/humble/share/sensor_msgs/cmake)
[1.104s] -- Found std_srvs: 4.2.3 (/opt/ros/humble/share/std_srvs/cmake)
[1.104s] -- Found tf2: 0.25.5 (/opt/ros/humble/share/tf2/cmake)
[1.104s] -- Found tf2_ros: 0.25.5 (/opt/ros/humble/share/tf2_ros/cmake)
[1.104s] -- Found turtlebot3_msgs: 2.2.3 (/opt/ros/humble/share/turtlebot3_msgs/cmake)
[1.200s] -- Configuring done
[1.213s] -- Generating done
[1.213s] -- Build files have been written to: /home/autolab/ros2_ws/build/turtlebot3_node
[1.368s] Invoked command in '/home/autolab/ros2_ws/build/turtlebot3_node' returned '0': CMAKE_PREFIX_PATH=/home/autolab/ros2_ws/install/turtlebot3:/home/autolab/ros2_ws/install/turtlebot3_bringup:/home/autolab/ros2_ws/install/turtlebot3_node:/home/autolab/ros2_ws/install/turtlebot3_navigation2:/home/autolab/ros2_ws/install/turtlebot3_gazebo:/home/autolab/ros2_ws/install/turtlebot3_fake_node:/home/autolab/ros2_ws/install/turtlebot3_teleop:/home/autolab/ros2_ws/install/turtlebot3_example:/home/autolab/ros2_ws/install/my_robot_controller:/opt/ros/humble:/home/autolab/ros2_ws/install/turtlebot3_description:/home/autolab/ros2_ws/install/turtlebot3_cartographer /usr/bin/cmake /home/autolab/ros2_ws/src/turtlebot3/turtlebot3_node -DCMAKE_INSTALL_PREFIX=/home/autolab/ros2_ws/install/turtlebot3_node
[1.369s] Invoking command in '/home/autolab/ros2_ws/build/turtlebot3_node': CMAKE_PREFIX_PATH=/home/autolab/ros2_ws/install/turtlebot3:/home/autolab/ros2_ws/install/turtlebot3_bringup:/home/autolab/ros2_ws/install/turtlebot3_node:/home/autolab/ros2_ws/install/turtlebot3_navigation2:/home/autolab/ros2_ws/install/turtlebot3_gazebo:/home/autolab/ros2_ws/install/turtlebot3_fake_node:/home/autolab/ros2_ws/install/turtlebot3_teleop:/home/autolab/ros2_ws/install/turtlebot3_example:/home/autolab/ros2_ws/install/my_robot_controller:/opt/ros/humble:/home/autolab/ros2_ws/install/turtlebot3_description:/home/autolab/ros2_ws/install/turtlebot3_cartographer /usr/bin/cmake --build /home/autolab/ros2_ws/build/turtlebot3_node -- -j20 -l20
[1.396s] [35m[1mConsolidate compiler generated dependencies of target turtlebot3_node_lib[0m
[1.417s] [ 85%] Built target turtlebot3_node_lib
[1.424s] [35m[1mConsolidate compiler generated dependencies of target turtlebot3_ros[0m
[1.434s] [100%] Built target turtlebot3_ros
[1.441s] Invoked command in '/home/autolab/ros2_ws/build/turtlebot3_node' returned '0': CMAKE_PREFIX_PATH=/home/autolab/ros2_ws/install/turtlebot3:/home/autolab/ros2_ws/install/turtlebot3_bringup:/home/autolab/ros2_ws/install/turtlebot3_node:/home/autolab/ros2_ws/install/turtlebot3_navigation2:/home/autolab/ros2_ws/install/turtlebot3_gazebo:/home/autolab/ros2_ws/install/turtlebot3_fake_node:/home/autolab/ros2_ws/install/turtlebot3_teleop:/home/autolab/ros2_ws/install/turtlebot3_example:/home/autolab/ros2_ws/install/my_robot_controller:/opt/ros/humble:/home/autolab/ros2_ws/install/turtlebot3_description:/home/autolab/ros2_ws/install/turtlebot3_cartographer /usr/bin/cmake --build /home/autolab/ros2_ws/build/turtlebot3_node -- -j20 -l20
[1.468s] Invoking command in '/home/autolab/ros2_ws/build/turtlebot3_node': CMAKE_PREFIX_PATH=/home/autolab/ros2_ws/install/turtlebot3:/home/autolab/ros2_ws/install/turtlebot3_bringup:/home/autolab/ros2_ws/install/turtlebot3_node:/home/autolab/ros2_ws/install/turtlebot3_navigation2:/home/autolab/ros2_ws/install/turtlebot3_gazebo:/home/autolab/ros2_ws/install/turtlebot3_fake_node:/home/autolab/ros2_ws/install/turtlebot3_teleop:/home/autolab/ros2_ws/install/turtlebot3_example:/home/autolab/ros2_ws/install/my_robot_controller:/opt/ros/humble:/home/autolab/ros2_ws/install/turtlebot3_description:/home/autolab/ros2_ws/install/turtlebot3_cartographer /usr/bin/cmake --install /home/autolab/ros2_ws/build/turtlebot3_node
[1.473s] -- Install configuration: ""
[1.473s] -- Execute custom install script
[1.473s] -- Up-to-date symlink: /home/autolab/ros2_ws/install/turtlebot3_node/share/turtlebot3_node/param/burger.yaml
[1.473s] -- Up-to-date symlink: /home/autolab/ros2_ws/install/turtlebot3_node/share/turtlebot3_node/param/waffle.yaml
[1.474s] -- Up-to-date symlink: /home/autolab/ros2_ws/install/turtlebot3_node/share/turtlebot3_node/param/waffle_pi.yaml
[1.474s] -- Up-to-date symlink: /home/autolab/ros2_ws/install/turtlebot3_node/lib/turtlebot3_node/turtlebot3_ros
[1.474s] -- Up-to-date symlink: /home/autolab/ros2_ws/install/turtlebot3_node/share/ament_index/resource_index/package_run_dependencies/turtlebot3_node
[1.474s] -- Up-to-date symlink: /home/autolab/ros2_ws/install/turtlebot3_node/share/ament_index/resource_index/parent_prefix_path/turtlebot3_node
[1.474s] -- Up-to-date symlink: /home/autolab/ros2_ws/install/turtlebot3_node/share/turtlebot3_node/environment/ament_prefix_path.sh
[1.474s] -- Up-to-date symlink: /home/autolab/ros2_ws/install/turtlebot3_node/share/turtlebot3_node/environment/ament_prefix_path.dsv
[1.474s] -- Up-to-date symlink: /home/autolab/ros2_ws/install/turtlebot3_node/share/turtlebot3_node/environment/path.sh
[1.474s] -- Up-to-date symlink: /home/autolab/ros2_ws/install/turtlebot3_node/share/turtlebot3_node/environment/path.dsv
[1.474s] -- Up-to-date symlink: /home/autolab/ros2_ws/install/turtlebot3_node/share/turtlebot3_node/local_setup.bash
[1.474s] -- Up-to-date symlink: /home/autolab/ros2_ws/install/turtlebot3_node/share/turtlebot3_node/local_setup.sh
[1.474s] -- Up-to-date symlink: /home/autolab/ros2_ws/install/turtlebot3_node/share/turtlebot3_node/local_setup.zsh
[1.474s] -- Up-to-date symlink: /home/autolab/ros2_ws/install/turtlebot3_node/share/turtlebot3_node/local_setup.dsv
[1.475s] -- Symlinking: /home/autolab/ros2_ws/install/turtlebot3_node/share/turtlebot3_node/package.dsv
[1.480s] -- Up-to-date symlink: /home/autolab/ros2_ws/install/turtlebot3_node/share/ament_index/resource_index/packages/turtlebot3_node
[1.480s] -- Up-to-date symlink: /home/autolab/ros2_ws/install/turtlebot3_node/share/turtlebot3_node/cmake/ament_cmake_export_include_directories-extras.cmake
[1.480s] -- Up-to-date symlink: /home/autolab/ros2_ws/install/turtlebot3_node/share/turtlebot3_node/cmake/turtlebot3_nodeConfig.cmake
[1.480s] -- Up-to-date symlink: /home/autolab/ros2_ws/install/turtlebot3_node/share/turtlebot3_node/cmake/turtlebot3_nodeConfig-version.cmake
[1.480s] -- Up-to-date symlink: /home/autolab/ros2_ws/install/turtlebot3_node/share/turtlebot3_node/package.xml
[1.481s] Invoked command in '/home/autolab/ros2_ws/build/turtlebot3_node' returned '0': CMAKE_PREFIX_PATH=/home/autolab/ros2_ws/install/turtlebot3:/home/autolab/ros2_ws/install/turtlebot3_bringup:/home/autolab/ros2_ws/install/turtlebot3_node:/home/autolab/ros2_ws/install/turtlebot3_navigation2:/home/autolab/ros2_ws/install/turtlebot3_gazebo:/home/autolab/ros2_ws/install/turtlebot3_fake_node:/home/autolab/ros2_ws/install/turtlebot3_teleop:/home/autolab/ros2_ws/install/turtlebot3_example:/home/autolab/ros2_ws/install/my_robot_controller:/opt/ros/humble:/home/autolab/ros2_ws/install/turtlebot3_description:/home/autolab/ros2_ws/install/turtlebot3_cartographer /usr/bin/cmake --install /home/autolab/ros2_ws/build/turtlebot3_node
