[1.358s] Invoking command in '/home/autolab/ros2_ws/build/turtlebot3_example': PYTHONPATH=/home/autolab/ros2_ws/build/turtlebot3_example/prefix_override:/home/autolab/ros2_ws/install/turtlebot3_example/lib/python3.10/site-packages:${PYTHONPATH} /usr/bin/python3 setup.py develop --editable --build-directory /home/autolab/ros2_ws/build/turtlebot3_example/build --no-deps install_data
[1.530s] running develop
[1.642s] running egg_info
[1.642s] creating turtlebot3_example.egg-info
[1.642s] writing turtlebot3_example.egg-info/PKG-INFO
[1.643s] writing dependency_links to turtlebot3_example.egg-info/dependency_links.txt
[1.643s] writing entry points to turtlebot3_example.egg-info/entry_points.txt
[1.643s] writing requirements to turtlebot3_example.egg-info/requires.txt
[1.643s] writing top-level names to turtlebot3_example.egg-info/top_level.txt
[1.643s] writing manifest file 'turtlebot3_example.egg-info/SOURCES.txt'
[1.644s] reading manifest file 'turtlebot3_example.egg-info/SOURCES.txt'
[1.644s] writing manifest file 'turtlebot3_example.egg-info/SOURCES.txt'
[1.645s] running build_ext
[1.645s] Creating /home/autolab/ros2_ws/install/turtlebot3_example/lib/python3.10/site-packages/turtlebot3-example.egg-link (link to .)
[1.645s] Installing turtlebot3_obstacle_detection script to /home/autolab/ros2_ws/install/turtlebot3_example/lib/turtlebot3_example
[1.645s] Installing turtlebot3_patrol_client script to /home/autolab/ros2_ws/install/turtlebot3_example/lib/turtlebot3_example
[1.645s] Installing turtlebot3_patrol_server script to /home/autolab/ros2_ws/install/turtlebot3_example/lib/turtlebot3_example
[1.646s] Installing turtlebot3_position_control script to /home/autolab/ros2_ws/install/turtlebot3_example/lib/turtlebot3_example
[1.646s] 
[1.646s] Installed /home/autolab/ros2_ws/build/turtlebot3_example
[1.646s] running install_data
[1.646s] creating /home/autolab/ros2_ws/install/turtlebot3_example/share/ament_index
[1.646s] creating /home/autolab/ros2_ws/install/turtlebot3_example/share/ament_index/resource_index
[1.646s] creating /home/autolab/ros2_ws/install/turtlebot3_example/share/ament_index/resource_index/packages
[1.646s] copying resource/turtlebot3_example -> /home/autolab/ros2_ws/install/turtlebot3_example/share/ament_index/resource_index/packages
[1.646s] copying package.xml -> /home/autolab/ros2_ws/install/turtlebot3_example/share/turtlebot3_example
[1.733s] Invoked command in '/home/autolab/ros2_ws/build/turtlebot3_example' returned '0': PYTHONPATH=/home/autolab/ros2_ws/build/turtlebot3_example/prefix_override:/home/autolab/ros2_ws/install/turtlebot3_example/lib/python3.10/site-packages:${PYTHONPATH} /usr/bin/python3 setup.py develop --editable --build-directory /home/autolab/ros2_ws/build/turtlebot3_example/build --no-deps install_data
