[0.278s] Invoking command in '/home/autolab/ros2_ws/build/turtlebot3_gazebo': CMAKE_PREFIX_PATH=${CMAKE_PREFIX_PATH}:/home/autolab/ros2_ws/install/my_robot_controller:/opt/ros/humble /usr/bin/cmake /home/autolab/ros2_ws/src/turtlebot3_simulations/turtlebot3_gazebo -DAMENT_CMAKE_SYMLINK_INSTALL=1 -DCMAKE_INSTALL_PREFIX=/home/autolab/ros2_ws/install/turtlebot3_gazebo
[0.287s] -- Found ament_cmake: 1.3.7 (/opt/ros/humble/share/ament_cmake/cmake)
[0.377s] -- Override CMake install command with custom implementation using symlinks instead of copying resources
[0.391s] [33mCMake Warning (dev) at /usr/share/cmake-3.22/Modules/FindPackageHandleStandardArgs.cmake:438 (message):
[0.391s]   The package name passed to `find_package_handle_standard_args` (PkgConfig)
[0.391s]   does not match the name of the calling package (gazebo).  This can lead to
[0.391s]   problems in calling code that expects `find_package` result variables
[0.391s]   (e.g., `_FOUND`) to follow a certain pattern.
[0.391s] Call Stack (most recent call first):
[0.391s]   /usr/share/cmake-3.22/Modules/FindPkgConfig.cmake:99 (find_package_handle_standard_args)
[0.391s]   /usr/lib/x86_64-linux-gnu/cmake/gazebo/gazebo-config.cmake:72 (include)
[0.391s]   CMakeLists.txt:23 (find_package)
[0.392s] This warning is for project developers.  Use -Wno-dev to suppress it.
[0.392s] [0m
[0.413s] -- Found DART: /usr/include (Required is at least version "6.6") found components: dart 
[0.439s] -- Found Protobuf: /usr/lib/x86_64-linux-gnu/libprotobuf.so (found version "3.12.4") 
[0.441s] -- Looking for ignition-math6 -- found version 6.15.1
[0.445s] -- Searching for dependencies of ignition-math6
[0.447s] -- Looking for OGRE...
[0.450s] -- Found Ogre Ghadamon (1.9.0)
[0.451s] -- Found OGRE: optimized;/usr/lib/x86_64-linux-gnu/libOgreMain.so;debug;/usr/lib/x86_64-linux-gnu/libOgreMain.so
[0.457s] -- Looking for OGRE_Paging...
[0.457s] -- Found OGRE_Paging: optimized;/usr/lib/x86_64-linux-gnu/libOgrePaging.so;debug;/usr/lib/x86_64-linux-gnu/libOgrePaging.so
[0.457s] -- Looking for OGRE_Terrain...
[0.457s] -- Found OGRE_Terrain: optimized;/usr/lib/x86_64-linux-gnu/libOgreTerrain.so;debug;/usr/lib/x86_64-linux-gnu/libOgreTerrain.so
[0.457s] -- Looking for OGRE_Property...
[0.457s] -- Found OGRE_Property: optimized;/usr/lib/x86_64-linux-gnu/libOgreProperty.so;debug;/usr/lib/x86_64-linux-gnu/libOgreProperty.so
[0.457s] -- Looking for OGRE_RTShaderSystem...
[0.457s] -- Found OGRE_RTShaderSystem: optimized;/usr/lib/x86_64-linux-gnu/libOgreRTShaderSystem.so;debug;/usr/lib/x86_64-linux-gnu/libOgreRTShaderSystem.so
[0.458s] -- Looking for OGRE_Volume...
[0.458s] -- Found OGRE_Volume: optimized;/usr/lib/x86_64-linux-gnu/libOgreVolume.so;debug;/usr/lib/x86_64-linux-gnu/libOgreVolume.so
[0.458s] -- Looking for OGRE_Overlay...
[0.458s] -- Found OGRE_Overlay: optimized;/usr/lib/x86_64-linux-gnu/libOgreOverlay.so;debug;/usr/lib/x86_64-linux-gnu/libOgreOverlay.so
[0.525s] -- Looking for ignition-math6 -- found version 6.15.1
[0.526s] -- Looking for ignition-transport8 -- found version 8.2.1
[0.526s] -- Searching for dependencies of ignition-transport8
[0.537s] -- Found Protobuf: /usr/lib/x86_64-linux-gnu/libprotobuf.so (found suitable version "3.12.4", minimum required is "3") 
[0.544s] -- Config-file not installed for ZeroMQ -- checking for pkg-config
[0.547s] -- Checking for module 'libzmq >= 4'
[0.556s] --   Found libzmq , version 4.3.4
[0.578s] -- Checking for module 'uuid'
[0.585s] --   Found uuid, version 2.37.2
[0.603s] -- Looking for ignition-msgs5 -- found version 5.8.1
[0.603s] -- Searching for dependencies of ignition-msgs5
[0.615s] -- Looking for ignition-math6 -- found version 6.15.1
[0.618s] -- Checking for module 'tinyxml2'
[0.625s] --   Found tinyxml2, version 9.0.0
[0.643s] -- Looking for ignition-msgs5 -- found version 5.8.1
[0.643s] -- Looking for ignition-common3 -- found version 3.14.0
[0.644s] -- Searching for dependencies of ignition-common3
[0.644s] -- Looking for dlfcn.h - found
[0.644s] -- Looking for libdl - found
[0.652s] -- Searching for <ignition-common3> component [graphics]
[0.652s] -- Looking for ignition-common3-graphics -- found version 3.14.0
[0.652s] -- Searching for dependencies of ignition-common3-graphics
[0.652s] -- Looking for ignition-math6 -- found version 6.15.1
[0.654s] -- Looking for ignition-fuel_tools4 -- found version 4.4.0
[0.654s] -- Searching for dependencies of ignition-fuel_tools4
[0.677s] -- Checking for module 'jsoncpp'
[0.684s] --   Found jsoncpp, version 1.9.5
[0.704s] -- Checking for module 'libzip'
[0.711s] --   Found libzip, version 1.7.3
[0.728s] -- Looking for ignition-common3 -- found version 3.14.0
[0.728s] -- Looking for ignition-math6 -- found version 6.15.1
[0.729s] -- Looking for ignition-msgs5 -- found version 5.8.1
[0.731s] -- Found gazebo_ros_pkgs: 3.7.0 (/opt/ros/humble/share/gazebo_ros_pkgs/cmake)
[0.731s] -- Found geometry_msgs: 4.2.3 (/opt/ros/humble/share/geometry_msgs/cmake)
[0.743s] -- Found rosidl_generator_c: 3.1.5 (/opt/ros/humble/share/rosidl_generator_c/cmake)
[0.745s] -- Found rosidl_adapter: 3.1.5 (/opt/ros/humble/share/rosidl_adapter/cmake)
[0.749s] -- Found rosidl_generator_cpp: 3.1.5 (/opt/ros/humble/share/rosidl_generator_cpp/cmake)
[0.756s] -- Using all available rosidl_typesupport_c: rosidl_typesupport_fastrtps_c;rosidl_typesupport_introspection_c
[0.766s] -- Using all available rosidl_typesupport_cpp: rosidl_typesupport_fastrtps_cpp;rosidl_typesupport_introspection_cpp
[0.840s] -- Found nav_msgs: 4.2.3 (/opt/ros/humble/share/nav_msgs/cmake)
[0.894s] -- Found rclcpp: 16.0.8 (/opt/ros/humble/share/rclcpp/cmake)
[0.925s] -- Found rmw_implementation_cmake: 6.1.1 (/opt/ros/humble/share/rmw_implementation_cmake/cmake)
[0.925s] -- Found rmw_cyclonedds_cpp: 1.3.4 (/opt/ros/humble/share/rmw_cyclonedds_cpp/cmake)
[0.944s] -- Using RMW implementation 'rmw_cyclonedds_cpp' as default
[1.029s] -- Found sensor_msgs: 4.2.3 (/opt/ros/humble/share/sensor_msgs/cmake)
[1.084s] -- Found tf2: 0.25.5 (/opt/ros/humble/share/tf2/cmake)
[1.134s] -- Configuring done
[1.165s] -- Generating done
[1.166s] -- Build files have been written to: /home/autolab/ros2_ws/build/turtlebot3_gazebo
