[0.279s] Invoking command in '/home/autolab/ros2_ws/build/turtlebot3_gazebo': CMAKE_PREFIX_PATH=${CMAKE_PREFIX_PATH}:/home/autolab/ros2_ws/install/my_robot_controller:/opt/ros/humble /usr/bin/cmake /home/autolab/ros2_ws/src/turtlebot3_simulations/turtlebot3_gazebo -DCMAKE_INSTALL_PREFIX=/home/autolab/ros2_ws/install/turtlebot3_gazebo
[0.286s] -- Found ament_cmake: 1.3.7 (/opt/ros/humble/share/ament_cmake/cmake)
[0.373s] -- Override CMake install command with custom implementation using symlinks instead of copying resources
[0.380s] [33mCMake Warning (dev) at /usr/share/cmake-3.22/Modules/FindPackageHandleStandardArgs.cmake:438 (message):
[0.380s]   The package name passed to `find_package_handle_standard_args` (PkgConfig)
[0.380s]   does not match the name of the calling package (gazebo).  This can lead to
[0.380s]   problems in calling code that expects `find_package` result variables
[0.380s]   (e.g., `_FOUND`) to follow a certain pattern.
[0.380s] Call Stack (most recent call first):
[0.380s]   /usr/share/cmake-3.22/Modules/FindPkgConfig.cmake:99 (find_package_handle_standard_args)
[0.380s]   /usr/lib/x86_64-linux-gnu/cmake/gazebo/gazebo-config.cmake:72 (include)
[0.380s]   CMakeLists.txt:23 (find_package)
[0.380s] This warning is for project developers.  Use -Wno-dev to suppress it.
[0.380s] [0m
[0.395s] -- Found DART: /usr/include (Required is at least version "6.6") found components: dart 
[0.413s] -- Found Protobuf: /usr/lib/x86_64-linux-gnu/libprotobuf.so (found version "3.12.4") 
[0.414s] -- Looking for ignition-math6 -- found version 6.15.1
[0.417s] -- Searching for dependencies of ignition-math6
[0.418s] -- Looking for OGRE...
[0.421s] -- Found Ogre Ghadamon (1.9.0)
[0.421s] -- Found OGRE: optimized;/usr/lib/x86_64-linux-gnu/libOgreMain.so;debug;/usr/lib/x86_64-linux-gnu/libOgreMain.so
[0.428s] -- Looking for OGRE_Paging...
[0.428s] -- Found OGRE_Paging: optimized;/usr/lib/x86_64-linux-gnu/libOgrePaging.so;debug;/usr/lib/x86_64-linux-gnu/libOgrePaging.so
[0.428s] -- Looking for OGRE_Terrain...
[0.428s] -- Found OGRE_Terrain: optimized;/usr/lib/x86_64-linux-gnu/libOgreTerrain.so;debug;/usr/lib/x86_64-linux-gnu/libOgreTerrain.so
[0.428s] -- Looking for OGRE_Property...
[0.428s] -- Found OGRE_Property: optimized;/usr/lib/x86_64-linux-gnu/libOgreProperty.so;debug;/usr/lib/x86_64-linux-gnu/libOgreProperty.so
[0.428s] -- Looking for OGRE_RTShaderSystem...
[0.428s] -- Found OGRE_RTShaderSystem: optimized;/usr/lib/x86_64-linux-gnu/libOgreRTShaderSystem.so;debug;/usr/lib/x86_64-linux-gnu/libOgreRTShaderSystem.so
[0.428s] -- Looking for OGRE_Volume...
[0.428s] -- Found OGRE_Volume: optimized;/usr/lib/x86_64-linux-gnu/libOgreVolume.so;debug;/usr/lib/x86_64-linux-gnu/libOgreVolume.so
[0.429s] -- Looking for OGRE_Overlay...
[0.429s] -- Found OGRE_Overlay: optimized;/usr/lib/x86_64-linux-gnu/libOgreOverlay.so;debug;/usr/lib/x86_64-linux-gnu/libOgreOverlay.so
[0.495s] -- Looking for ignition-math6 -- found version 6.15.1
[0.495s] -- Looking for ignition-transport8 -- found version 8.2.1
[0.496s] -- Searching for dependencies of ignition-transport8
[0.507s] -- Found Protobuf: /usr/lib/x86_64-linux-gnu/libprotobuf.so (found suitable version "3.12.4", minimum required is "3") 
[0.514s] -- Config-file not installed for ZeroMQ -- checking for pkg-config
[0.517s] -- Checking for module 'libzmq >= 4'
[0.524s] --   Found libzmq , version 4.3.4
[0.547s] -- Checking for module 'uuid'
[0.554s] --   Found uuid, version 2.37.2
[0.571s] -- Looking for ignition-msgs5 -- found version 5.8.1
[0.571s] -- Searching for dependencies of ignition-msgs5
[0.583s] -- Looking for ignition-math6 -- found version 6.15.1
[0.586s] -- Checking for module 'tinyxml2'
[0.594s] --   Found tinyxml2, version 9.0.0
[0.611s] -- Looking for ignition-msgs5 -- found version 5.8.1
[0.611s] -- Looking for ignition-common3 -- found version 3.14.0
[0.612s] -- Searching for dependencies of ignition-common3
[0.612s] -- Looking for dlfcn.h - found
[0.612s] -- Looking for libdl - found
[0.619s] -- Searching for <ignition-common3> component [graphics]
[0.619s] -- Looking for ignition-common3-graphics -- found version 3.14.0
[0.619s] -- Searching for dependencies of ignition-common3-graphics
[0.620s] -- Looking for ignition-math6 -- found version 6.15.1
[0.620s] -- Looking for ignition-fuel_tools4 -- found version 4.4.0
[0.620s] -- Searching for dependencies of ignition-fuel_tools4
[0.644s] -- Checking for module 'jsoncpp'
[0.651s] --   Found jsoncpp, version 1.9.5
[0.671s] -- Checking for module 'libzip'
[0.678s] --   Found libzip, version 1.7.3
[0.696s] -- Looking for ignition-common3 -- found version 3.14.0
[0.697s] -- Looking for ignition-math6 -- found version 6.15.1
[0.697s] -- Looking for ignition-msgs5 -- found version 5.8.1
[0.698s] -- Found gazebo_ros_pkgs: 3.7.0 (/opt/ros/humble/share/gazebo_ros_pkgs/cmake)
[0.698s] -- Found geometry_msgs: 4.2.3 (/opt/ros/humble/share/geometry_msgs/cmake)
[0.710s] -- Found rosidl_generator_c: 3.1.5 (/opt/ros/humble/share/rosidl_generator_c/cmake)
[0.711s] -- Found rosidl_adapter: 3.1.5 (/opt/ros/humble/share/rosidl_adapter/cmake)
[0.715s] -- Found rosidl_generator_cpp: 3.1.5 (/opt/ros/humble/share/rosidl_generator_cpp/cmake)
[0.722s] -- Using all available rosidl_typesupport_c: rosidl_typesupport_fastrtps_c;rosidl_typesupport_introspection_c
[0.732s] -- Using all available rosidl_typesupport_cpp: rosidl_typesupport_fastrtps_cpp;rosidl_typesupport_introspection_cpp
[0.805s] -- Found nav_msgs: 4.2.3 (/opt/ros/humble/share/nav_msgs/cmake)
[0.859s] -- Found rclcpp: 16.0.8 (/opt/ros/humble/share/rclcpp/cmake)
[0.889s] -- Found rmw_implementation_cmake: 6.1.1 (/opt/ros/humble/share/rmw_implementation_cmake/cmake)
[0.889s] -- Found rmw_cyclonedds_cpp: 1.3.4 (/opt/ros/humble/share/rmw_cyclonedds_cpp/cmake)
[0.907s] -- Using RMW implementation 'rmw_cyclonedds_cpp' as default
[0.990s] -- Found sensor_msgs: 4.2.3 (/opt/ros/humble/share/sensor_msgs/cmake)
[1.045s] -- Found tf2: 0.25.5 (/opt/ros/humble/share/tf2/cmake)
[1.094s] -- Configuring done
[1.111s] -- Generating done
[1.112s] -- Build files have been written to: /home/autolab/ros2_ws/build/turtlebot3_gazebo
[1.118s] Invoked command in '/home/autolab/ros2_ws/build/turtlebot3_gazebo' returned '0': CMAKE_PREFIX_PATH=${CMAKE_PREFIX_PATH}:/home/autolab/ros2_ws/install/my_robot_controller:/opt/ros/humble /usr/bin/cmake /home/autolab/ros2_ws/src/turtlebot3_simulations/turtlebot3_gazebo -DCMAKE_INSTALL_PREFIX=/home/autolab/ros2_ws/install/turtlebot3_gazebo
[1.119s] Invoking command in '/home/autolab/ros2_ws/build/turtlebot3_gazebo': CMAKE_PREFIX_PATH=${CMAKE_PREFIX_PATH}:/home/autolab/ros2_ws/install/my_robot_controller:/opt/ros/humble /usr/bin/cmake --build /home/autolab/ros2_ws/build/turtlebot3_gazebo -- -j20 -l20
[1.148s] [35m[1mConsolidate compiler generated dependencies of target turtlebot3_drive[0m
[1.149s] [35m[1mConsolidate compiler generated dependencies of target obstacle1[0m
[1.149s] [35m[1mConsolidate compiler generated dependencies of target obstacle2[0m
[1.149s] [35m[1mConsolidate compiler generated dependencies of target obstacles[0m
[1.158s] [ 25%] Built target turtlebot3_drive
[1.170s] [ 50%] Built target obstacle1
[1.170s] [ 87%] Built target obstacles
[1.170s] [100%] Built target obstacle2
[1.177s] Invoked command in '/home/autolab/ros2_ws/build/turtlebot3_gazebo' returned '0': CMAKE_PREFIX_PATH=${CMAKE_PREFIX_PATH}:/home/autolab/ros2_ws/install/my_robot_controller:/opt/ros/humble /usr/bin/cmake --build /home/autolab/ros2_ws/build/turtlebot3_gazebo -- -j20 -l20
[1.204s] Invoking command in '/home/autolab/ros2_ws/build/turtlebot3_gazebo': CMAKE_PREFIX_PATH=${CMAKE_PREFIX_PATH}:/home/autolab/ros2_ws/install/my_robot_controller:/opt/ros/humble /usr/bin/cmake --install /home/autolab/ros2_ws/build/turtlebot3_gazebo
[1.218s] -- Install configuration: ""
[1.218s] -- Execute custom install script
[1.219s] -- Up-to-date symlink: /home/autolab/ros2_ws/install/turtlebot3_gazebo/lib/turtlebot3_gazebo/turtlebot3_drive
[1.220s] -- Up-to-date symlink: /home/autolab/ros2_ws/install/turtlebot3_gazebo/share/turtlebot3_gazebo//launch/empty_world.launch.py
[1.220s] -- Up-to-date symlink: /home/autolab/ros2_ws/install/turtlebot3_gazebo/share/turtlebot3_gazebo//launch/robot_state_publisher.launch.py
[1.220s] -- Up-to-date symlink: /home/autolab/ros2_ws/install/turtlebot3_gazebo/share/turtlebot3_gazebo//launch/spawn_turtlebot3.launch.py
[1.220s] -- Up-to-date symlink: /home/autolab/ros2_ws/install/turtlebot3_gazebo/share/turtlebot3_gazebo//launch/turtlebot3_dqn_stage1.launch.py
[1.220s] -- Up-to-date symlink: /home/autolab/ros2_ws/install/turtlebot3_gazebo/share/turtlebot3_gazebo//launch/turtlebot3_dqn_stage2.launch.py
[1.220s] -- Up-to-date symlink: /home/autolab/ros2_ws/install/turtlebot3_gazebo/share/turtlebot3_gazebo//launch/turtlebot3_dqn_stage3.launch.py
[1.220s] -- Up-to-date symlink: /home/autolab/ros2_ws/install/turtlebot3_gazebo/share/turtlebot3_gazebo//launch/turtlebot3_dqn_stage4.launch.py
[1.220s] -- Up-to-date symlink: /home/autolab/ros2_ws/install/turtlebot3_gazebo/share/turtlebot3_gazebo//launch/turtlebot3_house.launch.py
[1.221s] -- Up-to-date symlink: /home/autolab/ros2_ws/install/turtlebot3_gazebo/share/turtlebot3_gazebo//launch/turtlebot3_world.launch.py
[1.221s] -- Up-to-date symlink: /home/autolab/ros2_ws/install/turtlebot3_gazebo/share/turtlebot3_gazebo//models/turtlebot3_burger/model-1_4.sdf
[1.221s] -- Up-to-date symlink: /home/autolab/ros2_ws/install/turtlebot3_gazebo/share/turtlebot3_gazebo//models/turtlebot3_burger/model.config
[1.221s] -- Up-to-date symlink: /home/autolab/ros2_ws/install/turtlebot3_gazebo/share/turtlebot3_gazebo//models/turtlebot3_burger/model.sdf
[1.221s] -- Up-to-date symlink: /home/autolab/ros2_ws/install/turtlebot3_gazebo/share/turtlebot3_gazebo//models/turtlebot3_common/meshes/burger_base.dae
[1.222s] -- Up-to-date symlink: /home/autolab/ros2_ws/install/turtlebot3_gazebo/share/turtlebot3_gazebo//models/turtlebot3_common/meshes/lds.dae
[1.222s] -- Up-to-date symlink: /home/autolab/ros2_ws/install/turtlebot3_gazebo/share/turtlebot3_gazebo//models/turtlebot3_common/meshes/r200.dae
[1.222s] -- Up-to-date symlink: /home/autolab/ros2_ws/install/turtlebot3_gazebo/share/turtlebot3_gazebo//models/turtlebot3_common/meshes/tire.dae
[1.222s] -- Up-to-date symlink: /home/autolab/ros2_ws/install/turtlebot3_gazebo/share/turtlebot3_gazebo//models/turtlebot3_common/meshes/waffle_base.dae
[1.222s] -- Up-to-date symlink: /home/autolab/ros2_ws/install/turtlebot3_gazebo/share/turtlebot3_gazebo//models/turtlebot3_common/meshes/waffle_pi_base.dae
[1.222s] -- Up-to-date symlink: /home/autolab/ros2_ws/install/turtlebot3_gazebo/share/turtlebot3_gazebo//models/turtlebot3_common/model.config
[1.222s] -- Up-to-date symlink: /home/autolab/ros2_ws/install/turtlebot3_gazebo/share/turtlebot3_gazebo//models/turtlebot3_dqn_world/goal_box/model.config
[1.222s] -- Up-to-date symlink: /home/autolab/ros2_ws/install/turtlebot3_gazebo/share/turtlebot3_gazebo//models/turtlebot3_dqn_world/goal_box/model.sdf
[1.222s] -- Up-to-date symlink: /home/autolab/ros2_ws/install/turtlebot3_gazebo/share/turtlebot3_gazebo//models/turtlebot3_dqn_world/inner_walls/model.config
[1.222s] -- Up-to-date symlink: /home/autolab/ros2_ws/install/turtlebot3_gazebo/share/turtlebot3_gazebo//models/turtlebot3_dqn_world/inner_walls/model.sdf
[1.222s] -- Up-to-date symlink: /home/autolab/ros2_ws/install/turtlebot3_gazebo/share/turtlebot3_gazebo//models/turtlebot3_dqn_world/model.config
[1.222s] -- Up-to-date symlink: /home/autolab/ros2_ws/install/turtlebot3_gazebo/share/turtlebot3_gazebo//models/turtlebot3_dqn_world/model.sdf
[1.223s] -- Up-to-date symlink: /home/autolab/ros2_ws/install/turtlebot3_gazebo/share/turtlebot3_gazebo//models/turtlebot3_dqn_world/obstacle1/model.config
[1.223s] -- Up-to-date symlink: /home/autolab/ros2_ws/install/turtlebot3_gazebo/share/turtlebot3_gazebo//models/turtlebot3_dqn_world/obstacle1/model.sdf
[1.223s] -- Up-to-date symlink: /home/autolab/ros2_ws/install/turtlebot3_gazebo/share/turtlebot3_gazebo//models/turtlebot3_dqn_world/obstacle2/model.config
[1.223s] -- Up-to-date symlink: /home/autolab/ros2_ws/install/turtlebot3_gazebo/share/turtlebot3_gazebo//models/turtlebot3_dqn_world/obstacle2/model.sdf
[1.223s] -- Up-to-date symlink: /home/autolab/ros2_ws/install/turtlebot3_gazebo/share/turtlebot3_gazebo//models/turtlebot3_dqn_world/obstacle_plugin/CMakeLists.txt
[1.223s] -- Up-to-date symlink: /home/autolab/ros2_ws/install/turtlebot3_gazebo/share/turtlebot3_gazebo//models/turtlebot3_dqn_world/obstacle_plugin/obstacle1.cc
[1.223s] -- Up-to-date symlink: /home/autolab/ros2_ws/install/turtlebot3_gazebo/share/turtlebot3_gazebo//models/turtlebot3_dqn_world/obstacle_plugin/obstacle2.cc
[1.223s] -- Up-to-date symlink: /home/autolab/ros2_ws/install/turtlebot3_gazebo/share/turtlebot3_gazebo//models/turtlebot3_dqn_world/obstacle_plugin/obstacles.cc
[1.223s] -- Up-to-date symlink: /home/autolab/ros2_ws/install/turtlebot3_gazebo/share/turtlebot3_gazebo//models/turtlebot3_dqn_world/obstacles/model.config
[1.223s] -- Up-to-date symlink: /home/autolab/ros2_ws/install/turtlebot3_gazebo/share/turtlebot3_gazebo//models/turtlebot3_dqn_world/obstacles/model.sdf
[1.223s] -- Up-to-date symlink: /home/autolab/ros2_ws/install/turtlebot3_gazebo/share/turtlebot3_gazebo//models/turtlebot3_house/model.config
[1.223s] -- Up-to-date symlink: /home/autolab/ros2_ws/install/turtlebot3_gazebo/share/turtlebot3_gazebo//models/turtlebot3_house/model.sdf
[1.224s] -- Up-to-date symlink: /home/autolab/ros2_ws/install/turtlebot3_gazebo/share/turtlebot3_gazebo//models/turtlebot3_waffle/model-1_4.sdf
[1.224s] -- Up-to-date symlink: /home/autolab/ros2_ws/install/turtlebot3_gazebo/share/turtlebot3_gazebo//models/turtlebot3_waffle/model.config
[1.224s] -- Up-to-date symlink: /home/autolab/ros2_ws/install/turtlebot3_gazebo/share/turtlebot3_gazebo//models/turtlebot3_waffle/model.sdf
[1.224s] -- Up-to-date symlink: /home/autolab/ros2_ws/install/turtlebot3_gazebo/share/turtlebot3_gazebo//models/turtlebot3_waffle_pi/model-1_4_.sdf
[1.224s] -- Up-to-date symlink: /home/autolab/ros2_ws/install/turtlebot3_gazebo/share/turtlebot3_gazebo//models/turtlebot3_waffle_pi/model.config
[1.224s] -- Up-to-date symlink: /home/autolab/ros2_ws/install/turtlebot3_gazebo/share/turtlebot3_gazebo//models/turtlebot3_waffle_pi/model.sdf
[1.224s] -- Up-to-date symlink: /home/autolab/ros2_ws/install/turtlebot3_gazebo/share/turtlebot3_gazebo//models/turtlebot3_world/meshes/hexagon.dae
[1.224s] -- Up-to-date symlink: /home/autolab/ros2_ws/install/turtlebot3_gazebo/share/turtlebot3_gazebo//models/turtlebot3_world/meshes/wall.dae
[1.224s] -- Up-to-date symlink: /home/autolab/ros2_ws/install/turtlebot3_gazebo/share/turtlebot3_gazebo//models/turtlebot3_world/model-1_4.sdf
[1.224s] -- Up-to-date symlink: /home/autolab/ros2_ws/install/turtlebot3_gazebo/share/turtlebot3_gazebo//models/turtlebot3_world/model.config
[1.224s] -- Up-to-date symlink: /home/autolab/ros2_ws/install/turtlebot3_gazebo/share/turtlebot3_gazebo//models/turtlebot3_world/model.sdf
[1.224s] -- Up-to-date symlink: /home/autolab/ros2_ws/install/turtlebot3_gazebo/share/turtlebot3_gazebo//rviz/tb3_gazebo.rviz
[1.225s] -- Up-to-date symlink: /home/autolab/ros2_ws/install/turtlebot3_gazebo/share/turtlebot3_gazebo//urdf/common_properties.urdf
[1.225s] -- Up-to-date symlink: /home/autolab/ros2_ws/install/turtlebot3_gazebo/share/turtlebot3_gazebo//urdf/turtlebot3_burger.urdf
[1.225s] -- Up-to-date symlink: /home/autolab/ros2_ws/install/turtlebot3_gazebo/share/turtlebot3_gazebo//urdf/turtlebot3_waffle.urdf
[1.225s] -- Up-to-date symlink: /home/autolab/ros2_ws/install/turtlebot3_gazebo/share/turtlebot3_gazebo//urdf/turtlebot3_waffle_pi.urdf
[1.225s] -- Symlinking: /home/autolab/ros2_ws/install/turtlebot3_gazebo/share/turtlebot3_gazebo//worlds/New_World_for_Turtle.world
[1.234s] -- Up-to-date symlink: /home/autolab/ros2_ws/install/turtlebot3_gazebo/share/turtlebot3_gazebo//worlds/empty_world.world
[1.234s] -- Up-to-date symlink: /home/autolab/ros2_ws/install/turtlebot3_gazebo/share/turtlebot3_gazebo//worlds/turtlebot3_dqn_stage1.world
[1.234s] -- Up-to-date symlink: /home/autolab/ros2_ws/install/turtlebot3_gazebo/share/turtlebot3_gazebo//worlds/turtlebot3_dqn_stage2.world
[1.234s] -- Up-to-date symlink: /home/autolab/ros2_ws/install/turtlebot3_gazebo/share/turtlebot3_gazebo//worlds/turtlebot3_dqn_stage3.world
[1.235s] -- Up-to-date symlink: /home/autolab/ros2_ws/install/turtlebot3_gazebo/share/turtlebot3_gazebo//worlds/turtlebot3_dqn_stage4.world
[1.235s] -- Up-to-date symlink: /home/autolab/ros2_ws/install/turtlebot3_gazebo/share/turtlebot3_gazebo//worlds/turtlebot3_house.world
[1.235s] -- Up-to-date symlink: /home/autolab/ros2_ws/install/turtlebot3_gazebo/share/turtlebot3_gazebo//worlds/turtlebot3_world.world
[1.235s] -- Up-to-date symlink: /home/autolab/ros2_ws/install/turtlebot3_gazebo/include//turtlebot3_gazebo/turtlebot3_drive.hpp
[1.236s] -- Up-to-date symlink: /home/autolab/ros2_ws/install/turtlebot3_gazebo/share/ament_index/resource_index/package_run_dependencies/turtlebot3_gazebo
[1.236s] -- Up-to-date symlink: /home/autolab/ros2_ws/install/turtlebot3_gazebo/share/ament_index/resource_index/parent_prefix_path/turtlebot3_gazebo
[1.236s] -- Up-to-date symlink: /home/autolab/ros2_ws/install/turtlebot3_gazebo/share/turtlebot3_gazebo/environment/ament_prefix_path.sh
[1.236s] -- Up-to-date symlink: /home/autolab/ros2_ws/install/turtlebot3_gazebo/share/turtlebot3_gazebo/environment/ament_prefix_path.dsv
[1.236s] -- Up-to-date symlink: /home/autolab/ros2_ws/install/turtlebot3_gazebo/share/turtlebot3_gazebo/environment/path.sh
[1.236s] -- Up-to-date symlink: /home/autolab/ros2_ws/install/turtlebot3_gazebo/share/turtlebot3_gazebo/environment/path.dsv
[1.236s] -- Up-to-date symlink: /home/autolab/ros2_ws/install/turtlebot3_gazebo/share/turtlebot3_gazebo/local_setup.bash
[1.237s] -- Up-to-date symlink: /home/autolab/ros2_ws/install/turtlebot3_gazebo/share/turtlebot3_gazebo/local_setup.sh
[1.237s] -- Up-to-date symlink: /home/autolab/ros2_ws/install/turtlebot3_gazebo/share/turtlebot3_gazebo/local_setup.zsh
[1.237s] -- Up-to-date symlink: /home/autolab/ros2_ws/install/turtlebot3_gazebo/share/turtlebot3_gazebo/local_setup.dsv
[1.237s] -- Symlinking: /home/autolab/ros2_ws/install/turtlebot3_gazebo/share/turtlebot3_gazebo/package.dsv
[1.249s] -- Up-to-date symlink: /home/autolab/ros2_ws/install/turtlebot3_gazebo/share/ament_index/resource_index/packages/turtlebot3_gazebo
[1.249s] -- Up-to-date symlink: /home/autolab/ros2_ws/install/turtlebot3_gazebo/share/turtlebot3_gazebo/cmake/ament_cmake_export_include_directories-extras.cmake
[1.249s] -- Up-to-date symlink: /home/autolab/ros2_ws/install/turtlebot3_gazebo/share/turtlebot3_gazebo/cmake/ament_cmake_export_dependencies-extras.cmake
[1.249s] -- Up-to-date symlink: /home/autolab/ros2_ws/install/turtlebot3_gazebo/share/turtlebot3_gazebo/cmake/turtlebot3_gazeboConfig.cmake
[1.249s] -- Up-to-date symlink: /home/autolab/ros2_ws/install/turtlebot3_gazebo/share/turtlebot3_gazebo/cmake/turtlebot3_gazeboConfig-version.cmake
[1.249s] -- Up-to-date symlink: /home/autolab/ros2_ws/install/turtlebot3_gazebo/share/turtlebot3_gazebo/package.xml
[1.251s] Invoked command in '/home/autolab/ros2_ws/build/turtlebot3_gazebo' returned '0': CMAKE_PREFIX_PATH=${CMAKE_PREFIX_PATH}:/home/autolab/ros2_ws/install/my_robot_controller:/opt/ros/humble /usr/bin/cmake --install /home/autolab/ros2_ws/build/turtlebot3_gazebo
