[0.492s] Invoking command in '/home/autolab/ros2_ws/build/my_robot_controller': PYTHONPATH=/home/autolab/ros2_ws/build/my_robot_controller/prefix_override:/home/autolab/ros2_ws/install/my_robot_controller/lib/python3.10/site-packages:${PYTHONPATH} /usr/bin/python3 setup.py develop --uninstall --editable --build-directory /home/autolab/ros2_ws/build/my_robot_controller/build
[0.659s] running develop
[0.761s] Removing /home/autolab/ros2_ws/install/my_robot_controller/lib/python3.10/site-packages/my-robot-controller.egg-link (link to .)
[0.780s] Invoked command in '/home/autolab/ros2_ws/build/my_robot_controller' returned '0': PYTHONPATH=/home/autolab/ros2_ws/build/my_robot_controller/prefix_override:/home/autolab/ros2_ws/install/my_robot_controller/lib/python3.10/site-packages:${PYTHONPATH} /usr/bin/python3 setup.py develop --uninstall --editable --build-directory /home/autolab/ros2_ws/build/my_robot_controller/build
[0.780s] Invoking command in '/home/autolab/ros2_ws/src/my_robot_controller': PYTHONPATH=/home/autolab/ros2_ws/build/my_robot_controller/prefix_override:/home/autolab/ros2_ws/install/my_robot_controller/lib/python3.10/site-packages:${PYTHONPATH} /usr/bin/python3 setup.py egg_info --egg-base ../../build/my_robot_controller build --build-base /home/autolab/ros2_ws/build/my_robot_controller/build install --record /home/autolab/ros2_ws/build/my_robot_controller/install.log --single-version-externally-managed
[0.937s] running egg_info
[0.937s] writing ../../build/my_robot_controller/my_robot_controller.egg-info/PKG-INFO
[0.937s] writing dependency_links to ../../build/my_robot_controller/my_robot_controller.egg-info/dependency_links.txt
[0.937s] writing entry points to ../../build/my_robot_controller/my_robot_controller.egg-info/entry_points.txt
[0.937s] writing requirements to ../../build/my_robot_controller/my_robot_controller.egg-info/requires.txt
[0.937s] writing top-level names to ../../build/my_robot_controller/my_robot_controller.egg-info/top_level.txt
[0.938s] reading manifest file '../../build/my_robot_controller/my_robot_controller.egg-info/SOURCES.txt'
[0.939s] writing manifest file '../../build/my_robot_controller/my_robot_controller.egg-info/SOURCES.txt'
[0.939s] running build
[0.939s] running build_py
[0.939s] copying my_robot_controller/draw_circle.py -> /home/autolab/ros2_ws/build/my_robot_controller/build/lib/my_robot_controller
[0.939s] running install
[0.939s] running install_lib
[0.939s] creating /home/autolab/ros2_ws/install/my_robot_controller/lib/python3.10/site-packages/my_robot_controller
[0.939s] copying /home/autolab/ros2_ws/build/my_robot_controller/build/lib/my_robot_controller/__init__.py -> /home/autolab/ros2_ws/install/my_robot_controller/lib/python3.10/site-packages/my_robot_controller
[0.939s] copying /home/autolab/ros2_ws/build/my_robot_controller/build/lib/my_robot_controller/my_first_node.py -> /home/autolab/ros2_ws/install/my_robot_controller/lib/python3.10/site-packages/my_robot_controller
[0.940s] copying /home/autolab/ros2_ws/build/my_robot_controller/build/lib/my_robot_controller/draw_circle.py -> /home/autolab/ros2_ws/install/my_robot_controller/lib/python3.10/site-packages/my_robot_controller
[0.940s] byte-compiling /home/autolab/ros2_ws/install/my_robot_controller/lib/python3.10/site-packages/my_robot_controller/__init__.py to __init__.cpython-310.pyc
[0.940s] byte-compiling /home/autolab/ros2_ws/install/my_robot_controller/lib/python3.10/site-packages/my_robot_controller/my_first_node.py to my_first_node.cpython-310.pyc
[0.940s] byte-compiling /home/autolab/ros2_ws/install/my_robot_controller/lib/python3.10/site-packages/my_robot_controller/draw_circle.py to draw_circle.cpython-310.pyc
[0.940s] running install_data
[0.941s] running install_egg_info
[0.942s] Copying ../../build/my_robot_controller/my_robot_controller.egg-info to /home/autolab/ros2_ws/install/my_robot_controller/lib/python3.10/site-packages/my_robot_controller-0.0.0-py3.10.egg-info
[0.942s] running install_scripts
[0.954s] Installing draw_circle script to /home/autolab/ros2_ws/install/my_robot_controller/lib/my_robot_controller
[0.954s] Installing test_node script to /home/autolab/ros2_ws/install/my_robot_controller/lib/my_robot_controller
[0.954s] writing list of installed files to '/home/autolab/ros2_ws/build/my_robot_controller/install.log'
[0.969s] Invoked command in '/home/autolab/ros2_ws/src/my_robot_controller' returned '0': PYTHONPATH=/home/autolab/ros2_ws/build/my_robot_controller/prefix_override:/home/autolab/ros2_ws/install/my_robot_controller/lib/python3.10/site-packages:${PYTHONPATH} /usr/bin/python3 setup.py egg_info --egg-base ../../build/my_robot_controller build --build-base /home/autolab/ros2_ws/build/my_robot_controller/build install --record /home/autolab/ros2_ws/build/my_robot_controller/install.log --single-version-externally-managed
